CRITICAL - 2024-04-13 11:37:41 --> Cannot redeclare App\Controllers\FileUploadController::upload()
in APPPATH\Controllers\FileUploadController.php on line 68.
 1 [internal function]: CodeIgniter\Debug\Exceptions->shutdownHandler()
CRITICAL - 2024-04-13 12:01:10 --> Undefined variable $session
in APPPATH\Views\dashboard\compose.php on line 29.
 1 APPPATH\Views\dashboard\compose.php(29): CodeIgniter\Debug\Exceptions->errorHandler(2, 'Undefined variable $session', 'C:\\laragon\\www\\documts_finalaaa\\app\\Views\\dashboard\\compose.php', 29)
 2 SYSTEMPATH\View\View.php(226): include('C:\\laragon\\www\\documts_finalaaa\\app\\Views\\dashboard\\compose.php')
 3 SYSTEMPATH\View\View.php(229): CodeIgniter\View\View->CodeIgniter\View\{closure}()
 4 SYSTEMPATH\Common.php(1188): CodeIgniter\View\View->render('dashboard/compose', [], true)
 5 APPPATH\Controllers\Home.php(14): view('dashboard/compose')
 6 SYSTEMPATH\CodeIgniter.php(919): App\Controllers\Home->compose()
 7 SYSTEMPATH\CodeIgniter.php(494): CodeIgniter\CodeIgniter->runController(Object(App\Controllers\Home))
 8 SYSTEMPATH\CodeIgniter.php(353): CodeIgniter\CodeIgniter->handleRequest(null, Object(Config\Cache), false)
 9 FCPATH\index.php(79): CodeIgniter\CodeIgniter->run()
10 SYSTEMPATH\Commands\Server\rewrite.php(47): require_once('C:\\laragon\\www\\documts_finalaaa\\public\\index.php')
CRITICAL - 2024-04-13 12:04:48 --> Undefined variable $session
in APPPATH\Views\dashboard\compose.php on line 29.
 1 APPPATH\Views\dashboard\compose.php(29): CodeIgniter\Debug\Exceptions->errorHandler(2, 'Undefined variable $session', 'C:\\laragon\\www\\documts_finalaaa\\app\\Views\\dashboard\\compose.php', 29)
 2 SYSTEMPATH\View\View.php(226): include('C:\\laragon\\www\\documts_finalaaa\\app\\Views\\dashboard\\compose.php')
 3 SYSTEMPATH\View\View.php(229): CodeIgniter\View\View->CodeIgniter\View\{closure}()
 4 SYSTEMPATH\Common.php(1188): CodeIgniter\View\View->render('dashboard/compose', [], true)
 5 APPPATH\Controllers\Home.php(14): view('dashboard/compose')
 6 SYSTEMPATH\CodeIgniter.php(919): App\Controllers\Home->compose()
 7 SYSTEMPATH\CodeIgniter.php(494): CodeIgniter\CodeIgniter->runController(Object(App\Controllers\Home))
 8 SYSTEMPATH\CodeIgniter.php(353): CodeIgniter\CodeIgniter->handleRequest(null, Object(Config\Cache), false)
 9 FCPATH\index.php(79): CodeIgniter\CodeIgniter->run()
10 SYSTEMPATH\Commands\Server\rewrite.php(47): require_once('C:\\laragon\\www\\documts_finalaaa\\public\\index.php')
CRITICAL - 2024-04-13 12:05:14 --> Undefined variable $session
in APPPATH\Views\dashboard\compose.php on line 29.
 1 APPPATH\Views\dashboard\compose.php(29): CodeIgniter\Debug\Exceptions->errorHandler(2, 'Undefined variable $session', 'C:\\laragon\\www\\documts_finalaaa\\app\\Views\\dashboard\\compose.php', 29)
 2 SYSTEMPATH\View\View.php(226): include('C:\\laragon\\www\\documts_finalaaa\\app\\Views\\dashboard\\compose.php')
 3 SYSTEMPATH\View\View.php(229): CodeIgniter\View\View->CodeIgniter\View\{closure}()
 4 SYSTEMPATH\Common.php(1188): CodeIgniter\View\View->render('dashboard/compose', [], true)
 5 APPPATH\Controllers\Home.php(14): view('dashboard/compose')
 6 SYSTEMPATH\CodeIgniter.php(919): App\Controllers\Home->compose()
 7 SYSTEMPATH\CodeIgniter.php(494): CodeIgniter\CodeIgniter->runController(Object(App\Controllers\Home))
 8 SYSTEMPATH\CodeIgniter.php(353): CodeIgniter\CodeIgniter->handleRequest(null, Object(Config\Cache), false)
 9 FCPATH\index.php(79): CodeIgniter\CodeIgniter->run()
10 SYSTEMPATH\Commands\Server\rewrite.php(47): require_once('C:\\laragon\\www\\documts_finalaaa\\public\\index.php')
CRITICAL - 2024-04-13 12:05:16 --> Undefined variable $session
in APPPATH\Views\dashboard\compose.php on line 29.
 1 APPPATH\Views\dashboard\compose.php(29): CodeIgniter\Debug\Exceptions->errorHandler(2, 'Undefined variable $session', 'C:\\laragon\\www\\documts_finalaaa\\app\\Views\\dashboard\\compose.php', 29)
 2 SYSTEMPATH\View\View.php(226): include('C:\\laragon\\www\\documts_finalaaa\\app\\Views\\dashboard\\compose.php')
 3 SYSTEMPATH\View\View.php(229): CodeIgniter\View\View->CodeIgniter\View\{closure}()
 4 SYSTEMPATH\Common.php(1188): CodeIgniter\View\View->render('dashboard/compose', [], true)
 5 APPPATH\Controllers\Home.php(14): view('dashboard/compose')
 6 SYSTEMPATH\CodeIgniter.php(919): App\Controllers\Home->compose()
 7 SYSTEMPATH\CodeIgniter.php(494): CodeIgniter\CodeIgniter->runController(Object(App\Controllers\Home))
 8 SYSTEMPATH\CodeIgniter.php(353): CodeIgniter\CodeIgniter->handleRequest(null, Object(Config\Cache), false)
 9 FCPATH\index.php(79): CodeIgniter\CodeIgniter->run()
10 SYSTEMPATH\Commands\Server\rewrite.php(47): require_once('C:\\laragon\\www\\documts_finalaaa\\public\\index.php')
CRITICAL - 2024-04-13 12:06:00 --> Undefined property: CodeIgniter\View\View::$session
in APPPATH\Views\dashboard\compose.php on line 29.
 1 APPPATH\Views\dashboard\compose.php(29): CodeIgniter\Debug\Exceptions->errorHandler(2, 'Undefined property: CodeIgniter\\View\\View::$session', 'C:\\laragon\\www\\documts_finalaaa\\app\\Views\\dashboard\\compose.php', 29)
 2 SYSTEMPATH\View\View.php(226): include('C:\\laragon\\www\\documts_finalaaa\\app\\Views\\dashboard\\compose.php')
 3 SYSTEMPATH\View\View.php(229): CodeIgniter\View\View->CodeIgniter\View\{closure}()
 4 SYSTEMPATH\Common.php(1188): CodeIgniter\View\View->render('dashboard/compose', [], true)
 5 APPPATH\Controllers\Home.php(14): view('dashboard/compose')
 6 SYSTEMPATH\CodeIgniter.php(919): App\Controllers\Home->compose()
 7 SYSTEMPATH\CodeIgniter.php(494): CodeIgniter\CodeIgniter->runController(Object(App\Controllers\Home))
 8 SYSTEMPATH\CodeIgniter.php(353): CodeIgniter\CodeIgniter->handleRequest(null, Object(Config\Cache), false)
 9 FCPATH\index.php(79): CodeIgniter\CodeIgniter->run()
10 SYSTEMPATH\Commands\Server\rewrite.php(47): require_once('C:\\laragon\\www\\documts_finalaaa\\public\\index.php')
CRITICAL - 2024-04-13 15:55:25 --> The route for "/compose" cannot be found.
in SYSTEMPATH\HTTP\RedirectResponse.php on line 60.
 1 SYSTEMPATH\HTTP\RedirectResponse.php(60): CodeIgniter\HTTP\Exceptions\HTTPException::forInvalidRedirectRoute('/compose')
 2 SYSTEMPATH\Common.php(878): CodeIgniter\HTTP\RedirectResponse->route(false)
 3 APPPATH\Controllers\FileUploadController.php(65): redirect('/compose')
 4 SYSTEMPATH\CodeIgniter.php(919): App\Controllers\FileUploadController->upload()
 5 SYSTEMPATH\CodeIgniter.php(494): CodeIgniter\CodeIgniter->runController(Object(App\Controllers\FileUploadController))
 6 SYSTEMPATH\CodeIgniter.php(353): CodeIgniter\CodeIgniter->handleRequest(null, Object(Config\Cache), false)
 7 FCPATH\index.php(79): CodeIgniter\CodeIgniter->run()
 8 SYSTEMPATH\Commands\Server\rewrite.php(47): require_once('C:\\laragon\\www\\documts_finalaaa\\public\\index.php')
CRITICAL - 2024-04-13 16:09:13 --> The original file is not a valid file.
in SYSTEMPATH\HTTP\Files\UploadedFile.php on line 146.
 1 SYSTEMPATH\HTTP\Files\UploadedFile.php(146): CodeIgniter\HTTP\Exceptions\HTTPException::forInvalidFile()
 2 APPPATH\Controllers\FileUploadController.php(56): CodeIgniter\HTTP\Files\UploadedFile->move('uploads/', '1713024553_96355ce66e73470795ff')
 3 SYSTEMPATH\CodeIgniter.php(919): App\Controllers\FileUploadController->upload()
 4 SYSTEMPATH\CodeIgniter.php(494): CodeIgniter\CodeIgniter->runController(Object(App\Controllers\FileUploadController))
 5 SYSTEMPATH\CodeIgniter.php(353): CodeIgniter\CodeIgniter->handleRequest(null, Object(Config\Cache), false)
 6 FCPATH\index.php(79): CodeIgniter\CodeIgniter->run()
 7 SYSTEMPATH\Commands\Server\rewrite.php(47): require_once('C:\\laragon\\www\\documts_finalaaa\\public\\index.php')
CRITICAL - 2024-04-13 17:02:24 --> Trying to access array offset on value of type null
in APPPATH\Views\dashboard\doc_view.php on line 33.
 1 APPPATH\Views\dashboard\doc_view.php(33): CodeIgniter\Debug\Exceptions->errorHandler(2, 'Trying to access array offset on value of type null', 'C:\\laragon\\www\\documts_finalaaa\\app\\Views\\dashboard\\doc_view.php', 33)
 2 SYSTEMPATH\View\View.php(226): include('C:\\laragon\\www\\documts_finalaaa\\app\\Views\\dashboard\\doc_view.php')
 3 SYSTEMPATH\View\View.php(229): CodeIgniter\View\View->CodeIgniter\View\{closure}()
 4 SYSTEMPATH\Common.php(1188): CodeIgniter\View\View->render('dashboard/doc_view', [], true)
 5 APPPATH\Controllers\FileUploadController.php(77): view('dashboard/doc_view', [...])
 6 SYSTEMPATH\CodeIgniter.php(919): App\Controllers\FileUploadController->view('10000')
 7 SYSTEMPATH\CodeIgniter.php(494): CodeIgniter\CodeIgniter->runController(Object(App\Controllers\FileUploadController))
 8 SYSTEMPATH\CodeIgniter.php(353): CodeIgniter\CodeIgniter->handleRequest(null, Object(Config\Cache), false)
 9 FCPATH\index.php(79): CodeIgniter\CodeIgniter->run()
10 SYSTEMPATH\Commands\Server\rewrite.php(47): require_once('C:\\laragon\\www\\documts_finalaaa\\public\\index.php')
CRITICAL - 2024-04-13 17:03:16 --> Trying to access array offset on value of type null
in APPPATH\Views\dashboard\doc_view.php on line 33.
 1 APPPATH\Views\dashboard\doc_view.php(33): CodeIgniter\Debug\Exceptions->errorHandler(2, 'Trying to access array offset on value of type null', 'C:\\laragon\\www\\documts_finalaaa\\app\\Views\\dashboard\\doc_view.php', 33)
 2 SYSTEMPATH\View\View.php(226): include('C:\\laragon\\www\\documts_finalaaa\\app\\Views\\dashboard\\doc_view.php')
 3 SYSTEMPATH\View\View.php(229): CodeIgniter\View\View->CodeIgniter\View\{closure}()
 4 SYSTEMPATH\Common.php(1188): CodeIgniter\View\View->render('dashboard/doc_view', [], true)
 5 APPPATH\Controllers\FileUploadController.php(77): view('dashboard/doc_view', [...])
 6 SYSTEMPATH\CodeIgniter.php(919): App\Controllers\FileUploadController->view('10002')
 7 SYSTEMPATH\CodeIgniter.php(494): CodeIgniter\CodeIgniter->runController(Object(App\Controllers\FileUploadController))
 8 SYSTEMPATH\CodeIgniter.php(353): CodeIgniter\CodeIgniter->handleRequest(null, Object(Config\Cache), false)
 9 FCPATH\index.php(79): CodeIgniter\CodeIgniter->run()
10 SYSTEMPATH\Commands\Server\rewrite.php(47): require_once('C:\\laragon\\www\\documts_finalaaa\\public\\index.php')
CRITICAL - 2024-04-13 17:04:47 --> Trying to access array offset on value of type null
in APPPATH\Views\dashboard\doc_view.php on line 33.
 1 APPPATH\Views\dashboard\doc_view.php(33): CodeIgniter\Debug\Exceptions->errorHandler(2, 'Trying to access array offset on value of type null', 'C:\\laragon\\www\\documts_finalaaa\\app\\Views\\dashboard\\doc_view.php', 33)
 2 SYSTEMPATH\View\View.php(226): include('C:\\laragon\\www\\documts_finalaaa\\app\\Views\\dashboard\\doc_view.php')
 3 SYSTEMPATH\View\View.php(229): CodeIgniter\View\View->CodeIgniter\View\{closure}()
 4 SYSTEMPATH\Common.php(1188): CodeIgniter\View\View->render('dashboard/doc_view', [], true)
 5 APPPATH\Controllers\FileUploadController.php(77): view('dashboard/doc_view', [...])
 6 SYSTEMPATH\CodeIgniter.php(919): App\Controllers\FileUploadController->view('10002')
 7 SYSTEMPATH\CodeIgniter.php(494): CodeIgniter\CodeIgniter->runController(Object(App\Controllers\FileUploadController))
 8 SYSTEMPATH\CodeIgniter.php(353): CodeIgniter\CodeIgniter->handleRequest(null, Object(Config\Cache), false)
 9 FCPATH\index.php(79): CodeIgniter\CodeIgniter->run()
10 SYSTEMPATH\Commands\Server\rewrite.php(47): require_once('C:\\laragon\\www\\documts_finalaaa\\public\\index.php')
CRITICAL - 2024-04-13 17:06:47 --> Trying to access array offset on value of type null
in APPPATH\Views\dashboard\doc_view.php on line 33.
 1 APPPATH\Views\dashboard\doc_view.php(33): CodeIgniter\Debug\Exceptions->errorHandler(2, 'Trying to access array offset on value of type null', 'C:\\laragon\\www\\documts_finalaaa\\app\\Views\\dashboard\\doc_view.php', 33)
 2 SYSTEMPATH\View\View.php(226): include('C:\\laragon\\www\\documts_finalaaa\\app\\Views\\dashboard\\doc_view.php')
 3 SYSTEMPATH\View\View.php(229): CodeIgniter\View\View->CodeIgniter\View\{closure}()
 4 SYSTEMPATH\Common.php(1188): CodeIgniter\View\View->render('dashboard/doc_view', [], true)
 5 APPPATH\Controllers\FileUploadController.php(77): view('dashboard/doc_view', [...])
 6 SYSTEMPATH\CodeIgniter.php(919): App\Controllers\FileUploadController->doc_view('10002')
 7 SYSTEMPATH\CodeIgniter.php(494): CodeIgniter\CodeIgniter->runController(Object(App\Controllers\FileUploadController))
 8 SYSTEMPATH\CodeIgniter.php(353): CodeIgniter\CodeIgniter->handleRequest(null, Object(Config\Cache), false)
 9 FCPATH\index.php(79): CodeIgniter\CodeIgniter->run()
10 SYSTEMPATH\Commands\Server\rewrite.php(47): require_once('C:\\laragon\\www\\documts_finalaaa\\public\\index.php')
CRITICAL - 2024-04-13 17:07:37 --> Trying to access array offset on value of type null
in APPPATH\Views\dashboard\doc_view.php on line 33.
 1 APPPATH\Views\dashboard\doc_view.php(33): CodeIgniter\Debug\Exceptions->errorHandler(2, 'Trying to access array offset on value of type null', 'C:\\laragon\\www\\documts_finalaaa\\app\\Views\\dashboard\\doc_view.php', 33)
 2 SYSTEMPATH\View\View.php(226): include('C:\\laragon\\www\\documts_finalaaa\\app\\Views\\dashboard\\doc_view.php')
 3 SYSTEMPATH\View\View.php(229): CodeIgniter\View\View->CodeIgniter\View\{closure}()
 4 SYSTEMPATH\Common.php(1188): CodeIgniter\View\View->render('dashboard/doc_view', [], true)
 5 APPPATH\Controllers\FileUploadController.php(77): view('dashboard/doc_view', [...])
 6 SYSTEMPATH\CodeIgniter.php(919): App\Controllers\FileUploadController->doc_view('10002')
 7 SYSTEMPATH\CodeIgniter.php(494): CodeIgniter\CodeIgniter->runController(Object(App\Controllers\FileUploadController))
 8 SYSTEMPATH\CodeIgniter.php(353): CodeIgniter\CodeIgniter->handleRequest(null, Object(Config\Cache), false)
 9 FCPATH\index.php(79): CodeIgniter\CodeIgniter->run()
10 SYSTEMPATH\Commands\Server\rewrite.php(47): require_once('C:\\laragon\\www\\documts_finalaaa\\public\\index.php')
CRITICAL - 2024-04-13 17:08:33 --> Trying to access array offset on value of type null
in APPPATH\Views\dashboard\doc_view.php on line 33.
 1 APPPATH\Views\dashboard\doc_view.php(33): CodeIgniter\Debug\Exceptions->errorHandler(2, 'Trying to access array offset on value of type null', 'C:\\laragon\\www\\documts_finalaaa\\app\\Views\\dashboard\\doc_view.php', 33)
 2 SYSTEMPATH\View\View.php(226): include('C:\\laragon\\www\\documts_finalaaa\\app\\Views\\dashboard\\doc_view.php')
 3 SYSTEMPATH\View\View.php(229): CodeIgniter\View\View->CodeIgniter\View\{closure}()
 4 SYSTEMPATH\Common.php(1188): CodeIgniter\View\View->render('dashboard/doc_view', [], true)
 5 APPPATH\Controllers\FileUploadController.php(77): view('dashboard/doc_view', [...])
 6 SYSTEMPATH\CodeIgniter.php(919): App\Controllers\FileUploadController->doc_view('10002')
 7 SYSTEMPATH\CodeIgniter.php(494): CodeIgniter\CodeIgniter->runController(Object(App\Controllers\FileUploadController))
 8 SYSTEMPATH\CodeIgniter.php(353): CodeIgniter\CodeIgniter->handleRequest(null, Object(Config\Cache), false)
 9 FCPATH\index.php(79): CodeIgniter\CodeIgniter->run()
10 SYSTEMPATH\Commands\Server\rewrite.php(47): require_once('C:\\laragon\\www\\documts_finalaaa\\public\\index.php')
CRITICAL - 2024-04-13 17:08:35 --> Trying to access array offset on value of type null
in APPPATH\Views\dashboard\doc_view.php on line 33.
 1 APPPATH\Views\dashboard\doc_view.php(33): CodeIgniter\Debug\Exceptions->errorHandler(2, 'Trying to access array offset on value of type null', 'C:\\laragon\\www\\documts_finalaaa\\app\\Views\\dashboard\\doc_view.php', 33)
 2 SYSTEMPATH\View\View.php(226): include('C:\\laragon\\www\\documts_finalaaa\\app\\Views\\dashboard\\doc_view.php')
 3 SYSTEMPATH\View\View.php(229): CodeIgniter\View\View->CodeIgniter\View\{closure}()
 4 SYSTEMPATH\Common.php(1188): CodeIgniter\View\View->render('dashboard/doc_view', [], true)
 5 APPPATH\Controllers\FileUploadController.php(77): view('dashboard/doc_view', [...])
 6 SYSTEMPATH\CodeIgniter.php(919): App\Controllers\FileUploadController->doc_view('10002')
 7 SYSTEMPATH\CodeIgniter.php(494): CodeIgniter\CodeIgniter->runController(Object(App\Controllers\FileUploadController))
 8 SYSTEMPATH\CodeIgniter.php(353): CodeIgniter\CodeIgniter->handleRequest(null, Object(Config\Cache), false)
 9 FCPATH\index.php(79): CodeIgniter\CodeIgniter->run()
10 SYSTEMPATH\Commands\Server\rewrite.php(47): require_once('C:\\laragon\\www\\documts_finalaaa\\public\\index.php')
CRITICAL - 2024-04-13 17:08:39 --> Trying to access array offset on value of type null
in APPPATH\Views\dashboard\doc_view.php on line 33.
 1 APPPATH\Views\dashboard\doc_view.php(33): CodeIgniter\Debug\Exceptions->errorHandler(2, 'Trying to access array offset on value of type null', 'C:\\laragon\\www\\documts_finalaaa\\app\\Views\\dashboard\\doc_view.php', 33)
 2 SYSTEMPATH\View\View.php(226): include('C:\\laragon\\www\\documts_finalaaa\\app\\Views\\dashboard\\doc_view.php')
 3 SYSTEMPATH\View\View.php(229): CodeIgniter\View\View->CodeIgniter\View\{closure}()
 4 SYSTEMPATH\Common.php(1188): CodeIgniter\View\View->render('dashboard/doc_view', [], true)
 5 APPPATH\Controllers\FileUploadController.php(77): view('dashboard/doc_view', [...])
 6 SYSTEMPATH\CodeIgniter.php(919): App\Controllers\FileUploadController->doc_view('10002')
 7 SYSTEMPATH\CodeIgniter.php(494): CodeIgniter\CodeIgniter->runController(Object(App\Controllers\FileUploadController))
 8 SYSTEMPATH\CodeIgniter.php(353): CodeIgniter\CodeIgniter->handleRequest(null, Object(Config\Cache), false)
 9 FCPATH\index.php(79): CodeIgniter\CodeIgniter->run()
10 SYSTEMPATH\Commands\Server\rewrite.php(47): require_once('C:\\laragon\\www\\documts_finalaaa\\public\\index.php')
CRITICAL - 2024-04-13 17:09:41 --> Trying to access array offset on value of type null
in APPPATH\Views\dashboard\doc_view.php on line 33.
 1 APPPATH\Views\dashboard\doc_view.php(33): CodeIgniter\Debug\Exceptions->errorHandler(2, 'Trying to access array offset on value of type null', 'C:\\laragon\\www\\documts_finalaaa\\app\\Views\\dashboard\\doc_view.php', 33)
 2 SYSTEMPATH\View\View.php(226): include('C:\\laragon\\www\\documts_finalaaa\\app\\Views\\dashboard\\doc_view.php')
 3 SYSTEMPATH\View\View.php(229): CodeIgniter\View\View->CodeIgniter\View\{closure}()
 4 SYSTEMPATH\Common.php(1188): CodeIgniter\View\View->render('dashboard/doc_view', [], true)
 5 APPPATH\Controllers\FileUploadController.php(77): view('dashboard/doc_view', [...])
 6 SYSTEMPATH\CodeIgniter.php(919): App\Controllers\FileUploadController->doc_view('10002')
 7 SYSTEMPATH\CodeIgniter.php(494): CodeIgniter\CodeIgniter->runController(Object(App\Controllers\FileUploadController))
 8 SYSTEMPATH\CodeIgniter.php(353): CodeIgniter\CodeIgniter->handleRequest(null, Object(Config\Cache), false)
 9 FCPATH\index.php(79): CodeIgniter\CodeIgniter->run()
10 SYSTEMPATH\Commands\Server\rewrite.php(47): require_once('C:\\laragon\\www\\documts_finalaaa\\public\\index.php')
CRITICAL - 2024-04-13 17:09:47 --> Trying to access array offset on value of type null
in APPPATH\Views\dashboard\doc_view.php on line 33.
 1 APPPATH\Views\dashboard\doc_view.php(33): CodeIgniter\Debug\Exceptions->errorHandler(2, 'Trying to access array offset on value of type null', 'C:\\laragon\\www\\documts_finalaaa\\app\\Views\\dashboard\\doc_view.php', 33)
 2 SYSTEMPATH\View\View.php(226): include('C:\\laragon\\www\\documts_finalaaa\\app\\Views\\dashboard\\doc_view.php')
 3 SYSTEMPATH\View\View.php(229): CodeIgniter\View\View->CodeIgniter\View\{closure}()
 4 SYSTEMPATH\Common.php(1188): CodeIgniter\View\View->render('dashboard/doc_view', [], true)
 5 APPPATH\Controllers\FileUploadController.php(77): view('dashboard/doc_view', [...])
 6 SYSTEMPATH\CodeIgniter.php(919): App\Controllers\FileUploadController->doc_view('10003')
 7 SYSTEMPATH\CodeIgniter.php(494): CodeIgniter\CodeIgniter->runController(Object(App\Controllers\FileUploadController))
 8 SYSTEMPATH\CodeIgniter.php(353): CodeIgniter\CodeIgniter->handleRequest(null, Object(Config\Cache), false)
 9 FCPATH\index.php(79): CodeIgniter\CodeIgniter->run()
10 SYSTEMPATH\Commands\Server\rewrite.php(47): require_once('C:\\laragon\\www\\documts_finalaaa\\public\\index.php')
CRITICAL - 2024-04-13 17:11:55 --> Trying to access array offset on value of type null
in APPPATH\Views\dashboard\doc_view.php on line 33.
 1 APPPATH\Views\dashboard\doc_view.php(33): CodeIgniter\Debug\Exceptions->errorHandler(2, 'Trying to access array offset on value of type null', 'C:\\laragon\\www\\documts_finalaaa\\app\\Views\\dashboard\\doc_view.php', 33)
 2 SYSTEMPATH\View\View.php(226): include('C:\\laragon\\www\\documts_finalaaa\\app\\Views\\dashboard\\doc_view.php')
 3 SYSTEMPATH\View\View.php(229): CodeIgniter\View\View->CodeIgniter\View\{closure}()
 4 SYSTEMPATH\Common.php(1188): CodeIgniter\View\View->render('dashboard/doc_view', [], true)
 5 APPPATH\Controllers\FileUploadController.php(77): view('dashboard/doc_view', [...])
 6 SYSTEMPATH\CodeIgniter.php(919): App\Controllers\FileUploadController->doc_view('10003')
 7 SYSTEMPATH\CodeIgniter.php(494): CodeIgniter\CodeIgniter->runController(Object(App\Controllers\FileUploadController))
 8 SYSTEMPATH\CodeIgniter.php(353): CodeIgniter\CodeIgniter->handleRequest(null, Object(Config\Cache), false)
 9 FCPATH\index.php(79): CodeIgniter\CodeIgniter->run()
10 SYSTEMPATH\Commands\Server\rewrite.php(47): require_once('C:\\laragon\\www\\documts_finalaaa\\public\\index.php')
CRITICAL - 2024-04-13 17:12:21 --> Trying to access array offset on value of type null
in APPPATH\Views\dashboard\doc_view.php on line 33.
 1 APPPATH\Views\dashboard\doc_view.php(33): CodeIgniter\Debug\Exceptions->errorHandler(2, 'Trying to access array offset on value of type null', 'C:\\laragon\\www\\documts_finalaaa\\app\\Views\\dashboard\\doc_view.php', 33)
 2 SYSTEMPATH\View\View.php(226): include('C:\\laragon\\www\\documts_finalaaa\\app\\Views\\dashboard\\doc_view.php')
 3 SYSTEMPATH\View\View.php(229): CodeIgniter\View\View->CodeIgniter\View\{closure}()
 4 SYSTEMPATH\Common.php(1188): CodeIgniter\View\View->render('dashboard/doc_view', [], true)
 5 APPPATH\Controllers\FileUploadController.php(77): view('dashboard/doc_view', [...])
 6 SYSTEMPATH\CodeIgniter.php(919): App\Controllers\FileUploadController->doc_view('10003')
 7 SYSTEMPATH\CodeIgniter.php(494): CodeIgniter\CodeIgniter->runController(Object(App\Controllers\FileUploadController))
 8 SYSTEMPATH\CodeIgniter.php(353): CodeIgniter\CodeIgniter->handleRequest(null, Object(Config\Cache), false)
 9 FCPATH\index.php(79): CodeIgniter\CodeIgniter->run()
10 SYSTEMPATH\Commands\Server\rewrite.php(47): require_once('C:\\laragon\\www\\documts_finalaaa\\public\\index.php')
CRITICAL - 2024-04-13 17:12:55 --> Trying to access array offset on value of type null
in APPPATH\Views\dashboard\doc_view.php on line 33.
 1 APPPATH\Views\dashboard\doc_view.php(33): CodeIgniter\Debug\Exceptions->errorHandler(2, 'Trying to access array offset on value of type null', 'C:\\laragon\\www\\documts_finalaaa\\app\\Views\\dashboard\\doc_view.php', 33)
 2 SYSTEMPATH\View\View.php(226): include('C:\\laragon\\www\\documts_finalaaa\\app\\Views\\dashboard\\doc_view.php')
 3 SYSTEMPATH\View\View.php(229): CodeIgniter\View\View->CodeIgniter\View\{closure}()
 4 SYSTEMPATH\Common.php(1188): CodeIgniter\View\View->render('dashboard/doc_view', [], true)
 5 APPPATH\Controllers\FileUploadController.php(77): view('dashboard/doc_view', [...])
 6 SYSTEMPATH\CodeIgniter.php(919): App\Controllers\FileUploadController->doc_view('10003')
 7 SYSTEMPATH\CodeIgniter.php(494): CodeIgniter\CodeIgniter->runController(Object(App\Controllers\FileUploadController))
 8 SYSTEMPATH\CodeIgniter.php(353): CodeIgniter\CodeIgniter->handleRequest(null, Object(Config\Cache), false)
 9 FCPATH\index.php(79): CodeIgniter\CodeIgniter->run()
10 SYSTEMPATH\Commands\Server\rewrite.php(47): require_once('C:\\laragon\\www\\documts_finalaaa\\public\\index.php')
CRITICAL - 2024-04-13 17:13:25 --> Trying to access array offset on value of type null
in APPPATH\Views\dashboard\doc_view.php on line 33.
 1 APPPATH\Views\dashboard\doc_view.php(33): CodeIgniter\Debug\Exceptions->errorHandler(2, 'Trying to access array offset on value of type null', 'C:\\laragon\\www\\documts_finalaaa\\app\\Views\\dashboard\\doc_view.php', 33)
 2 SYSTEMPATH\View\View.php(226): include('C:\\laragon\\www\\documts_finalaaa\\app\\Views\\dashboard\\doc_view.php')
 3 SYSTEMPATH\View\View.php(229): CodeIgniter\View\View->CodeIgniter\View\{closure}()
 4 SYSTEMPATH\Common.php(1188): CodeIgniter\View\View->render('dashboard/doc_view', [], true)
 5 APPPATH\Controllers\FileUploadController.php(77): view('dashboard/doc_view', [...])
 6 SYSTEMPATH\CodeIgniter.php(919): App\Controllers\FileUploadController->doc_view('10001')
 7 SYSTEMPATH\CodeIgniter.php(494): CodeIgniter\CodeIgniter->runController(Object(App\Controllers\FileUploadController))
 8 SYSTEMPATH\CodeIgniter.php(353): CodeIgniter\CodeIgniter->handleRequest(null, Object(Config\Cache), false)
 9 FCPATH\index.php(79): CodeIgniter\CodeIgniter->run()
10 SYSTEMPATH\Commands\Server\rewrite.php(47): require_once('C:\\laragon\\www\\documts_finalaaa\\public\\index.php')
CRITICAL - 2024-04-13 17:13:29 --> Trying to access array offset on value of type null
in APPPATH\Views\dashboard\doc_view.php on line 33.
 1 APPPATH\Views\dashboard\doc_view.php(33): CodeIgniter\Debug\Exceptions->errorHandler(2, 'Trying to access array offset on value of type null', 'C:\\laragon\\www\\documts_finalaaa\\app\\Views\\dashboard\\doc_view.php', 33)
 2 SYSTEMPATH\View\View.php(226): include('C:\\laragon\\www\\documts_finalaaa\\app\\Views\\dashboard\\doc_view.php')
 3 SYSTEMPATH\View\View.php(229): CodeIgniter\View\View->CodeIgniter\View\{closure}()
 4 SYSTEMPATH\Common.php(1188): CodeIgniter\View\View->render('dashboard/doc_view', [], true)
 5 APPPATH\Controllers\FileUploadController.php(77): view('dashboard/doc_view', [...])
 6 SYSTEMPATH\CodeIgniter.php(919): App\Controllers\FileUploadController->doc_view('10003')
 7 SYSTEMPATH\CodeIgniter.php(494): CodeIgniter\CodeIgniter->runController(Object(App\Controllers\FileUploadController))
 8 SYSTEMPATH\CodeIgniter.php(353): CodeIgniter\CodeIgniter->handleRequest(null, Object(Config\Cache), false)
 9 FCPATH\index.php(79): CodeIgniter\CodeIgniter->run()
10 SYSTEMPATH\Commands\Server\rewrite.php(47): require_once('C:\\laragon\\www\\documts_finalaaa\\public\\index.php')
CRITICAL - 2024-04-13 17:14:43 --> Trying to access array offset on value of type null
in APPPATH\Views\dashboard\doc_view.php on line 33.
 1 APPPATH\Views\dashboard\doc_view.php(33): CodeIgniter\Debug\Exceptions->errorHandler(2, 'Trying to access array offset on value of type null', 'C:\\laragon\\www\\documts_finalaaa\\app\\Views\\dashboard\\doc_view.php', 33)
 2 SYSTEMPATH\View\View.php(226): include('C:\\laragon\\www\\documts_finalaaa\\app\\Views\\dashboard\\doc_view.php')
 3 SYSTEMPATH\View\View.php(229): CodeIgniter\View\View->CodeIgniter\View\{closure}()
 4 SYSTEMPATH\Common.php(1188): CodeIgniter\View\View->render('dashboard/doc_view', [], true)
 5 APPPATH\Controllers\FileUploadController.php(77): view('dashboard/doc_view', [...])
 6 SYSTEMPATH\CodeIgniter.php(919): App\Controllers\FileUploadController->doc_view('10004')
 7 SYSTEMPATH\CodeIgniter.php(494): CodeIgniter\CodeIgniter->runController(Object(App\Controllers\FileUploadController))
 8 SYSTEMPATH\CodeIgniter.php(353): CodeIgniter\CodeIgniter->handleRequest(null, Object(Config\Cache), false)
 9 FCPATH\index.php(79): CodeIgniter\CodeIgniter->run()
10 SYSTEMPATH\Commands\Server\rewrite.php(47): require_once('C:\\laragon\\www\\documts_finalaaa\\public\\index.php')
