ERROR - 2025-01-26 13:50:12 --> mysqli_sql_exception: Column 'file_id' cannot be null in C:\laragon\www\documts_finalaaa\system\Database\MySQLi\Connection.php:306
Stack trace:
#0 C:\laragon\www\documts_finalaaa\system\Database\MySQLi\Connection.php(306): mysqli->query('INSERT INTO `do...', 0)
#1 C:\laragon\www\documts_finalaaa\system\Database\BaseConnection.php(692): CodeIgniter\Database\MySQLi\Connection->execute('INSERT INTO `do...')
#2 C:\laragon\www\documts_finalaaa\system\Database\BaseConnection.php(606): CodeIgniter\Database\BaseConnection->simpleQuery('INSERT INTO `do...')
#3 C:\laragon\www\documts_finalaaa\system\Database\BaseBuilder.php(2308): CodeIgniter\Database\BaseConnection->query('INSERT INTO `do...', Array, false)
#4 C:\laragon\www\documts_finalaaa\app\Controllers\FileUploadController.php(218): CodeIgniter\Database\BaseBuilder->insert(Array)
#5 C:\laragon\www\documts_finalaaa\system\CodeIgniter.php(919): App\Controllers\FileUploadController->upload()
#6 C:\laragon\www\documts_finalaaa\system\CodeIgniter.php(494): CodeIgniter\CodeIgniter->runController(Object(App\Controllers\FileUploadController))
#7 C:\laragon\www\documts_finalaaa\system\CodeIgniter.php(353): CodeIgniter\CodeIgniter->handleRequest(NULL, Object(Config\Cache), false)
#8 C:\laragon\www\documts_finalaaa\public\index.php(79): CodeIgniter\CodeIgniter->run()
#9 C:\laragon\www\documts_finalaaa\system\Commands\Server\rewrite.php(47): require_once('C:\\laragon\\www\\...')
#10 {main}
CRITICAL - 2025-01-26 13:50:12 --> Column 'file_id' cannot be null
in SYSTEMPATH\Database\BaseConnection.php on line 646.
 1 SYSTEMPATH\Database\BaseBuilder.php(2308): CodeIgniter\Database\BaseConnection->query('INSERT INTO `document_versions` (`file_id`, `version`, `description`, `updated_at`) VALUES (:file_id:, :version:, :description:, :updated_at:)', [...], false)
 2 APPPATH\Controllers\FileUploadController.php(218): CodeIgniter\Database\BaseBuilder->insert([...])
 3 SYSTEMPATH\CodeIgniter.php(919): App\Controllers\FileUploadController->upload()
 4 SYSTEMPATH\CodeIgniter.php(494): CodeIgniter\CodeIgniter->runController(Object(App\Controllers\FileUploadController))
 5 SYSTEMPATH\CodeIgniter.php(353): CodeIgniter\CodeIgniter->handleRequest(null, Object(Config\Cache), false)
 6 FCPATH\index.php(79): CodeIgniter\CodeIgniter->run()
 7 SYSTEMPATH\Commands\Server\rewrite.php(47): require_once('C:\\laragon\\www\\documts_finalaaa\\public\\index.php')
CRITICAL - 2025-01-26 14:03:11 --> Undefined variable $file
in APPPATH\Views\partials\sidebar.php on line 59.
 1 APPPATH\Views\partials\sidebar.php(59): CodeIgniter\Debug\Exceptions->errorHandler(2, 'Undefined variable $file', 'C:\\laragon\\www\\documts_finalaaa\\app\\Views\\partials\\sidebar.php', 59)
 2 SYSTEMPATH\View\View.php(226): include('C:\\laragon\\www\\documts_finalaaa\\app\\Views\\partials\\sidebar.php')
 3 SYSTEMPATH\View\View.php(229): CodeIgniter\View\View->CodeIgniter\View\{closure}()
 4 SYSTEMPATH\View\View.php(467): CodeIgniter\View\View->render('partials/sidebar', null, true)
 5 APPPATH\Views\dashboard\compose.php(7): CodeIgniter\View\View->include('partials/sidebar')
 6 SYSTEMPATH\View\View.php(226): include('C:\\laragon\\www\\documts_finalaaa\\app\\Views\\dashboard\\compose.php')
 7 SYSTEMPATH\View\View.php(229): CodeIgniter\View\View->CodeIgniter\View\{closure}()
 8 SYSTEMPATH\Common.php(1188): CodeIgniter\View\View->render('dashboard/compose', [], true)
 9 APPPATH\Controllers\FileUploadController.php(300): view('dashboard/compose', [...])
10 SYSTEMPATH\CodeIgniter.php(919): App\Controllers\FileUploadController->compose()
11 SYSTEMPATH\CodeIgniter.php(494): CodeIgniter\CodeIgniter->runController(Object(App\Controllers\FileUploadController))
12 SYSTEMPATH\CodeIgniter.php(353): CodeIgniter\CodeIgniter->handleRequest(null, Object(Config\Cache), false)
13 FCPATH\index.php(79): CodeIgniter\CodeIgniter->run()
14 SYSTEMPATH\Commands\Server\rewrite.php(47): require_once('C:\\laragon\\www\\documts_finalaaa\\public\\index.php')
CRITICAL - 2025-01-26 14:05:01 --> Undefined variable $file
in APPPATH\Views\dashboard\barangay_list.php on line 18.
 1 APPPATH\Views\dashboard\barangay_list.php(18): CodeIgniter\Debug\Exceptions->errorHandler(2, 'Undefined variable $file', 'C:\\laragon\\www\\documts_finalaaa\\app\\Views\\dashboard\\barangay_list.php', 18)
 2 SYSTEMPATH\View\View.php(226): include('C:\\laragon\\www\\documts_finalaaa\\app\\Views\\dashboard\\barangay_list.php')
 3 SYSTEMPATH\View\View.php(229): CodeIgniter\View\View->CodeIgniter\View\{closure}()
 4 SYSTEMPATH\Common.php(1188): CodeIgniter\View\View->render('dashboard/barangay_list', [], true)
 5 APPPATH\Controllers\AllDocumentsController.php(157): view('dashboard/barangay_list', [...])
 6 SYSTEMPATH\CodeIgniter.php(919): App\Controllers\AllDocumentsController->barangayList()
 7 SYSTEMPATH\CodeIgniter.php(494): CodeIgniter\CodeIgniter->runController(Object(App\Controllers\AllDocumentsController))
 8 SYSTEMPATH\CodeIgniter.php(353): CodeIgniter\CodeIgniter->handleRequest(null, Object(Config\Cache), false)
 9 FCPATH\index.php(79): CodeIgniter\CodeIgniter->run()
10 SYSTEMPATH\Commands\Server\rewrite.php(47): require_once('C:\\laragon\\www\\documts_finalaaa\\public\\index.php')
CRITICAL - 2025-01-26 14:06:14 --> Undefined variable $brgy
in APPPATH\Views\dashboard\barangay_list.php on line 18.
 1 APPPATH\Views\dashboard\barangay_list.php(18): CodeIgniter\Debug\Exceptions->errorHandler(2, 'Undefined variable $brgy', 'C:\\laragon\\www\\documts_finalaaa\\app\\Views\\dashboard\\barangay_list.php', 18)
 2 SYSTEMPATH\View\View.php(226): include('C:\\laragon\\www\\documts_finalaaa\\app\\Views\\dashboard\\barangay_list.php')
 3 SYSTEMPATH\View\View.php(229): CodeIgniter\View\View->CodeIgniter\View\{closure}()
 4 SYSTEMPATH\Common.php(1188): CodeIgniter\View\View->render('dashboard/barangay_list', [], true)
 5 APPPATH\Controllers\AllDocumentsController.php(157): view('dashboard/barangay_list', [...])
 6 SYSTEMPATH\CodeIgniter.php(919): App\Controllers\AllDocumentsController->barangayList()
 7 SYSTEMPATH\CodeIgniter.php(494): CodeIgniter\CodeIgniter->runController(Object(App\Controllers\AllDocumentsController))
 8 SYSTEMPATH\CodeIgniter.php(353): CodeIgniter\CodeIgniter->handleRequest(null, Object(Config\Cache), false)
 9 FCPATH\index.php(79): CodeIgniter\CodeIgniter->run()
10 SYSTEMPATH\Commands\Server\rewrite.php(47): require_once('C:\\laragon\\www\\documts_finalaaa\\public\\index.php')
CRITICAL - 2025-01-26 14:07:34 --> Undefined variable $fileId
in APPPATH\Views\dashboard\barangay_list.php on line 18.
 1 APPPATH\Views\dashboard\barangay_list.php(18): CodeIgniter\Debug\Exceptions->errorHandler(2, 'Undefined variable $fileId', 'C:\\laragon\\www\\documts_finalaaa\\app\\Views\\dashboard\\barangay_list.php', 18)
 2 SYSTEMPATH\View\View.php(226): include('C:\\laragon\\www\\documts_finalaaa\\app\\Views\\dashboard\\barangay_list.php')
 3 SYSTEMPATH\View\View.php(229): CodeIgniter\View\View->CodeIgniter\View\{closure}()
 4 SYSTEMPATH\Common.php(1188): CodeIgniter\View\View->render('dashboard/barangay_list', [], true)
 5 APPPATH\Controllers\AllDocumentsController.php(157): view('dashboard/barangay_list', [...])
 6 SYSTEMPATH\CodeIgniter.php(919): App\Controllers\AllDocumentsController->barangayList()
 7 SYSTEMPATH\CodeIgniter.php(494): CodeIgniter\CodeIgniter->runController(Object(App\Controllers\AllDocumentsController))
 8 SYSTEMPATH\CodeIgniter.php(353): CodeIgniter\CodeIgniter->handleRequest(null, Object(Config\Cache), false)
 9 FCPATH\index.php(79): CodeIgniter\CodeIgniter->run()
10 SYSTEMPATH\Commands\Server\rewrite.php(47): require_once('C:\\laragon\\www\\documts_finalaaa\\public\\index.php')
CRITICAL - 2025-01-26 14:11:53 --> Undefined variable $fileId
in APPPATH\Views\dashboard\barangay_list.php on line 18.
 1 APPPATH\Views\dashboard\barangay_list.php(18): CodeIgniter\Debug\Exceptions->errorHandler(2, 'Undefined variable $fileId', 'C:\\laragon\\www\\documts_finalaaa\\app\\Views\\dashboard\\barangay_list.php', 18)
 2 SYSTEMPATH\View\View.php(226): include('C:\\laragon\\www\\documts_finalaaa\\app\\Views\\dashboard\\barangay_list.php')
 3 SYSTEMPATH\View\View.php(229): CodeIgniter\View\View->CodeIgniter\View\{closure}()
 4 SYSTEMPATH\Common.php(1188): CodeIgniter\View\View->render('dashboard/barangay_list', [], true)
 5 APPPATH\Controllers\AllDocumentsController.php(157): view('dashboard/barangay_list', [...])
 6 SYSTEMPATH\CodeIgniter.php(919): App\Controllers\AllDocumentsController->barangayList()
 7 SYSTEMPATH\CodeIgniter.php(494): CodeIgniter\CodeIgniter->runController(Object(App\Controllers\AllDocumentsController))
 8 SYSTEMPATH\CodeIgniter.php(353): CodeIgniter\CodeIgniter->handleRequest(null, Object(Config\Cache), false)
 9 FCPATH\index.php(79): CodeIgniter\CodeIgniter->run()
10 SYSTEMPATH\Commands\Server\rewrite.php(47): require_once('C:\\laragon\\www\\documts_finalaaa\\public\\index.php')
