CRITICAL - 2024-11-07 01:41:46 --> Invalid file: "messages/show.php"
in SYSTEMPATH\Exceptions\FrameworkException.php on line 39.
 1 SYSTEMPATH\View\View.php(214): CodeIgniter\Exceptions\FrameworkException::forInvalidFile('messages/show.php')
 2 SYSTEMPATH\Common.php(1188): CodeIgniter\View\View->render('messages/show', [], true)
 3 APPPATH\Controllers\MessageController.php(86): view('messages/show', [...])
 4 SYSTEMPATH\CodeIgniter.php(919): App\Controllers\MessageController->show('2')
 5 SYSTEMPATH\CodeIgniter.php(494): CodeIgniter\CodeIgniter->runController(Object(App\Controllers\MessageController))
 6 SYSTEMPATH\CodeIgniter.php(353): CodeIgniter\CodeIgniter->handleRequest(null, Object(Config\Cache), false)
 7 FCPATH\index.php(79): CodeIgniter\CodeIgniter->run()
 8 SYSTEMPATH\Commands\Server\rewrite.php(47): require_once('C:\\laragon\\www\\documts_finalaaa\\public\\index.php')
CRITICAL - 2024-11-07 01:42:06 --> Undefined variable $replies
in APPPATH\Views\dashboard\incoming_doc_view.php on line 190.
 1 APPPATH\Views\dashboard\incoming_doc_view.php(190): CodeIgniter\Debug\Exceptions->errorHandler(2, 'Undefined variable $replies', 'C:\\laragon\\www\\documts_finalaaa\\app\\Views\\dashboard\\incoming_doc_view.php', 190)
 2 SYSTEMPATH\View\View.php(226): include('C:\\laragon\\www\\documts_finalaaa\\app\\Views\\dashboard\\incoming_doc_view.php')
 3 SYSTEMPATH\View\View.php(229): CodeIgniter\View\View->CodeIgniter\View\{closure}()
 4 SYSTEMPATH\Common.php(1188): CodeIgniter\View\View->render('dashboard/incoming_doc_view', [], true)
 5 APPPATH\Controllers\FileUploadController.php(263): view('dashboard/incoming_doc_view', [...])
 6 SYSTEMPATH\CodeIgniter.php(919): App\Controllers\FileUploadController->incoming_doc_view('59')
 7 SYSTEMPATH\CodeIgniter.php(494): CodeIgniter\CodeIgniter->runController(Object(App\Controllers\FileUploadController))
 8 SYSTEMPATH\CodeIgniter.php(353): CodeIgniter\CodeIgniter->handleRequest(null, Object(Config\Cache), false)
 9 FCPATH\index.php(79): CodeIgniter\CodeIgniter->run()
10 SYSTEMPATH\Commands\Server\rewrite.php(47): require_once('C:\\laragon\\www\\documts_finalaaa\\public\\index.php')
CRITICAL - 2024-11-07 01:56:20 --> count(): Argument #1 ($value) must be of type Countable|array, null given
in APPPATH\Views\dashboard\incoming_doc_view.php on line 168.
 1 SYSTEMPATH\View\View.php(226): include()
 2 SYSTEMPATH\View\View.php(229): CodeIgniter\View\View->CodeIgniter\View\{closure}()
 3 SYSTEMPATH\Common.php(1188): CodeIgniter\View\View->render('dashboard/incoming_doc_view', [], true)
 4 APPPATH\Controllers\FileUploadController.php(263): view('dashboard/incoming_doc_view', [...])
 5 SYSTEMPATH\CodeIgniter.php(919): App\Controllers\FileUploadController->incoming_doc_view('55')
 6 SYSTEMPATH\CodeIgniter.php(494): CodeIgniter\CodeIgniter->runController(Object(App\Controllers\FileUploadController))
 7 SYSTEMPATH\CodeIgniter.php(353): CodeIgniter\CodeIgniter->handleRequest(null, Object(Config\Cache), false)
 8 FCPATH\index.php(79): CodeIgniter\CodeIgniter->run()
 9 SYSTEMPATH\Commands\Server\rewrite.php(47): require_once('C:\\laragon\\www\\documts_finalaaa\\public\\index.php')
