ERROR - 2024-05-15 11:09:05 --> mysqli_sql_exception: Column 'role' cannot be null in C:\laragon\www\documts_finalaaa\system\Database\MySQLi\Connection.php:306
Stack trace:
#0 C:\laragon\www\documts_finalaaa\system\Database\MySQLi\Connection.php(306): mysqli->query('INSERT INTO `us...', 0)
#1 C:\laragon\www\documts_finalaaa\system\Database\BaseConnection.php(692): CodeIgniter\Database\MySQLi\Connection->execute('INSERT INTO `us...')
#2 C:\laragon\www\documts_finalaaa\system\Database\BaseConnection.php(606): CodeIgniter\Database\BaseConnection->simpleQuery('INSERT INTO `us...')
#3 C:\laragon\www\documts_finalaaa\system\Database\BaseBuilder.php(2308): CodeIgniter\Database\BaseConnection->query('INSERT INTO `us...', Array, false)
#4 C:\laragon\www\documts_finalaaa\app\Models\RegisterModel.php(12): CodeIgniter\Database\BaseBuilder->insert(Array)
#5 C:\laragon\www\documts_finalaaa\app\Controllers\RegisterController.php(44): App\Models\RegisterModel->createUser(Array)
#6 C:\laragon\www\documts_finalaaa\system\CodeIgniter.php(919): App\Controllers\RegisterController->index()
#7 C:\laragon\www\documts_finalaaa\system\CodeIgniter.php(494): CodeIgniter\CodeIgniter->runController(Object(App\Controllers\RegisterController))
#8 C:\laragon\www\documts_finalaaa\system\CodeIgniter.php(353): CodeIgniter\CodeIgniter->handleRequest(NULL, Object(Config\Cache), false)
#9 C:\laragon\www\documts_finalaaa\public\index.php(79): CodeIgniter\CodeIgniter->run()
#10 C:\laragon\www\documts_finalaaa\system\Commands\Server\rewrite.php(47): require_once('C:\\laragon\\www\\...')
#11 {main}
CRITICAL - 2024-05-15 11:09:05 --> Column 'role' cannot be null
in SYSTEMPATH\Database\BaseConnection.php on line 646.
 1 SYSTEMPATH\Database\BaseBuilder.php(2308): CodeIgniter\Database\BaseConnection->query('INSERT INTO `users` (`name`, `email`, `role`, `password`, `uniid`, `activation_date`) VALUES (:name:, :email:, :role:, :password:, :uniid:, :activation_date:)', [...], false)
 2 APPPATH\Models\RegisterModel.php(12): CodeIgniter\Database\BaseBuilder->insert([...])
 3 APPPATH\Controllers\RegisterController.php(44): App\Models\RegisterModel->createUser([...])
 4 SYSTEMPATH\CodeIgniter.php(919): App\Controllers\RegisterController->index()
 5 SYSTEMPATH\CodeIgniter.php(494): CodeIgniter\CodeIgniter->runController(Object(App\Controllers\RegisterController))
 6 SYSTEMPATH\CodeIgniter.php(353): CodeIgniter\CodeIgniter->handleRequest(null, Object(Config\Cache), false)
 7 FCPATH\index.php(79): CodeIgniter\CodeIgniter->run()
 8 SYSTEMPATH\Commands\Server\rewrite.php(47): require_once('C:\\laragon\\www\\documts_finalaaa\\public\\index.php')
ERROR - 2024-05-15 11:09:32 --> mysqli_sql_exception: Column 'role' cannot be null in C:\laragon\www\documts_finalaaa\system\Database\MySQLi\Connection.php:306
Stack trace:
#0 C:\laragon\www\documts_finalaaa\system\Database\MySQLi\Connection.php(306): mysqli->query('INSERT INTO `us...', 0)
#1 C:\laragon\www\documts_finalaaa\system\Database\BaseConnection.php(692): CodeIgniter\Database\MySQLi\Connection->execute('INSERT INTO `us...')
#2 C:\laragon\www\documts_finalaaa\system\Database\BaseConnection.php(606): CodeIgniter\Database\BaseConnection->simpleQuery('INSERT INTO `us...')
#3 C:\laragon\www\documts_finalaaa\system\Database\BaseBuilder.php(2308): CodeIgniter\Database\BaseConnection->query('INSERT INTO `us...', Array, false)
#4 C:\laragon\www\documts_finalaaa\app\Models\RegisterModel.php(12): CodeIgniter\Database\BaseBuilder->insert(Array)
#5 C:\laragon\www\documts_finalaaa\app\Controllers\RegisterController.php(44): App\Models\RegisterModel->createUser(Array)
#6 C:\laragon\www\documts_finalaaa\system\CodeIgniter.php(919): App\Controllers\RegisterController->index()
#7 C:\laragon\www\documts_finalaaa\system\CodeIgniter.php(494): CodeIgniter\CodeIgniter->runController(Object(App\Controllers\RegisterController))
#8 C:\laragon\www\documts_finalaaa\system\CodeIgniter.php(353): CodeIgniter\CodeIgniter->handleRequest(NULL, Object(Config\Cache), false)
#9 C:\laragon\www\documts_finalaaa\public\index.php(79): CodeIgniter\CodeIgniter->run()
#10 C:\laragon\www\documts_finalaaa\system\Commands\Server\rewrite.php(47): require_once('C:\\laragon\\www\\...')
#11 {main}
CRITICAL - 2024-05-15 11:09:32 --> Column 'role' cannot be null
in SYSTEMPATH\Database\BaseConnection.php on line 646.
 1 SYSTEMPATH\Database\BaseBuilder.php(2308): CodeIgniter\Database\BaseConnection->query('INSERT INTO `users` (`name`, `email`, `role`, `password`, `uniid`, `activation_date`) VALUES (:name:, :email:, :role:, :password:, :uniid:, :activation_date:)', [...], false)
 2 APPPATH\Models\RegisterModel.php(12): CodeIgniter\Database\BaseBuilder->insert([...])
 3 APPPATH\Controllers\RegisterController.php(44): App\Models\RegisterModel->createUser([...])
 4 SYSTEMPATH\CodeIgniter.php(919): App\Controllers\RegisterController->index()
 5 SYSTEMPATH\CodeIgniter.php(494): CodeIgniter\CodeIgniter->runController(Object(App\Controllers\RegisterController))
 6 SYSTEMPATH\CodeIgniter.php(353): CodeIgniter\CodeIgniter->handleRequest(null, Object(Config\Cache), false)
 7 FCPATH\index.php(79): CodeIgniter\CodeIgniter->run()
 8 SYSTEMPATH\Commands\Server\rewrite.php(47): require_once('C:\\laragon\\www\\documts_finalaaa\\public\\index.php')
ERROR - 2024-05-15 11:11:22 --> mysqli_sql_exception: Column 'role' cannot be null in C:\laragon\www\documts_finalaaa\system\Database\MySQLi\Connection.php:306
Stack trace:
#0 C:\laragon\www\documts_finalaaa\system\Database\MySQLi\Connection.php(306): mysqli->query('INSERT INTO `us...', 0)
#1 C:\laragon\www\documts_finalaaa\system\Database\BaseConnection.php(692): CodeIgniter\Database\MySQLi\Connection->execute('INSERT INTO `us...')
#2 C:\laragon\www\documts_finalaaa\system\Database\BaseConnection.php(606): CodeIgniter\Database\BaseConnection->simpleQuery('INSERT INTO `us...')
#3 C:\laragon\www\documts_finalaaa\system\Database\BaseBuilder.php(2308): CodeIgniter\Database\BaseConnection->query('INSERT INTO `us...', Array, false)
#4 C:\laragon\www\documts_finalaaa\app\Models\RegisterModel.php(12): CodeIgniter\Database\BaseBuilder->insert(Array)
#5 C:\laragon\www\documts_finalaaa\app\Controllers\RegisterController.php(44): App\Models\RegisterModel->createUser(Array)
#6 C:\laragon\www\documts_finalaaa\system\CodeIgniter.php(919): App\Controllers\RegisterController->index()
#7 C:\laragon\www\documts_finalaaa\system\CodeIgniter.php(494): CodeIgniter\CodeIgniter->runController(Object(App\Controllers\RegisterController))
#8 C:\laragon\www\documts_finalaaa\system\CodeIgniter.php(353): CodeIgniter\CodeIgniter->handleRequest(NULL, Object(Config\Cache), false)
#9 C:\laragon\www\documts_finalaaa\public\index.php(79): CodeIgniter\CodeIgniter->run()
#10 C:\laragon\www\documts_finalaaa\system\Commands\Server\rewrite.php(47): require_once('C:\\laragon\\www\\...')
#11 {main}
CRITICAL - 2024-05-15 11:11:22 --> Column 'role' cannot be null
in SYSTEMPATH\Database\BaseConnection.php on line 646.
 1 SYSTEMPATH\Database\BaseBuilder.php(2308): CodeIgniter\Database\BaseConnection->query('INSERT INTO `users` (`name`, `email`, `role`, `password`, `uniid`, `activation_date`) VALUES (:name:, :email:, :role:, :password:, :uniid:, :activation_date:)', [...], false)
 2 APPPATH\Models\RegisterModel.php(12): CodeIgniter\Database\BaseBuilder->insert([...])
 3 APPPATH\Controllers\RegisterController.php(44): App\Models\RegisterModel->createUser([...])
 4 SYSTEMPATH\CodeIgniter.php(919): App\Controllers\RegisterController->index()
 5 SYSTEMPATH\CodeIgniter.php(494): CodeIgniter\CodeIgniter->runController(Object(App\Controllers\RegisterController))
 6 SYSTEMPATH\CodeIgniter.php(353): CodeIgniter\CodeIgniter->handleRequest(null, Object(Config\Cache), false)
 7 FCPATH\index.php(79): CodeIgniter\CodeIgniter->run()
 8 SYSTEMPATH\Commands\Server\rewrite.php(47): require_once('C:\\laragon\\www\\documts_finalaaa\\public\\index.php')
ERROR - 2024-05-15 11:16:52 --> mysqli_sql_exception: Column 'role' cannot be null in C:\laragon\www\documts_finalaaa\system\Database\MySQLi\Connection.php:306
Stack trace:
#0 C:\laragon\www\documts_finalaaa\system\Database\MySQLi\Connection.php(306): mysqli->query('INSERT INTO `us...', 0)
#1 C:\laragon\www\documts_finalaaa\system\Database\BaseConnection.php(692): CodeIgniter\Database\MySQLi\Connection->execute('INSERT INTO `us...')
#2 C:\laragon\www\documts_finalaaa\system\Database\BaseConnection.php(606): CodeIgniter\Database\BaseConnection->simpleQuery('INSERT INTO `us...')
#3 C:\laragon\www\documts_finalaaa\system\Database\BaseBuilder.php(2308): CodeIgniter\Database\BaseConnection->query('INSERT INTO `us...', Array, false)
#4 C:\laragon\www\documts_finalaaa\app\Models\RegisterModel.php(12): CodeIgniter\Database\BaseBuilder->insert(Array)
#5 C:\laragon\www\documts_finalaaa\app\Controllers\RegisterController.php(44): App\Models\RegisterModel->createUser(Array)
#6 C:\laragon\www\documts_finalaaa\system\CodeIgniter.php(919): App\Controllers\RegisterController->index()
#7 C:\laragon\www\documts_finalaaa\system\CodeIgniter.php(494): CodeIgniter\CodeIgniter->runController(Object(App\Controllers\RegisterController))
#8 C:\laragon\www\documts_finalaaa\system\CodeIgniter.php(353): CodeIgniter\CodeIgniter->handleRequest(NULL, Object(Config\Cache), false)
#9 C:\laragon\www\documts_finalaaa\public\index.php(79): CodeIgniter\CodeIgniter->run()
#10 C:\laragon\www\documts_finalaaa\system\Commands\Server\rewrite.php(47): require_once('C:\\laragon\\www\\...')
#11 {main}
CRITICAL - 2024-05-15 11:16:52 --> Column 'role' cannot be null
in SYSTEMPATH\Database\BaseConnection.php on line 646.
 1 SYSTEMPATH\Database\BaseBuilder.php(2308): CodeIgniter\Database\BaseConnection->query('INSERT INTO `users` (`name`, `email`, `role`, `password`, `uniid`, `activation_date`) VALUES (:name:, :email:, :role:, :password:, :uniid:, :activation_date:)', [...], false)
 2 APPPATH\Models\RegisterModel.php(12): CodeIgniter\Database\BaseBuilder->insert([...])
 3 APPPATH\Controllers\RegisterController.php(44): App\Models\RegisterModel->createUser([...])
 4 SYSTEMPATH\CodeIgniter.php(919): App\Controllers\RegisterController->index()
 5 SYSTEMPATH\CodeIgniter.php(494): CodeIgniter\CodeIgniter->runController(Object(App\Controllers\RegisterController))
 6 SYSTEMPATH\CodeIgniter.php(353): CodeIgniter\CodeIgniter->handleRequest(null, Object(Config\Cache), false)
 7 FCPATH\index.php(79): CodeIgniter\CodeIgniter->run()
 8 SYSTEMPATH\Commands\Server\rewrite.php(47): require_once('C:\\laragon\\www\\documts_finalaaa\\public\\index.php')
CRITICAL - 2024-05-15 14:59:51 --> Undefined variable $categories
in APPPATH\Views\dashboard\compose.php on line 67.
 1 APPPATH\Views\dashboard\compose.php(67): CodeIgniter\Debug\Exceptions->errorHandler(2, 'Undefined variable $categories', 'C:\\laragon\\www\\documts_finalaaa\\app\\Views\\dashboard\\compose.php', 67)
 2 SYSTEMPATH\View\View.php(226): include('C:\\laragon\\www\\documts_finalaaa\\app\\Views\\dashboard\\compose.php')
 3 SYSTEMPATH\View\View.php(229): CodeIgniter\View\View->CodeIgniter\View\{closure}()
 4 SYSTEMPATH\Common.php(1188): CodeIgniter\View\View->render('dashboard/compose', [], true)
 5 APPPATH\Controllers\Home.php(14): view('dashboard/compose')
 6 SYSTEMPATH\CodeIgniter.php(919): App\Controllers\Home->compose()
 7 SYSTEMPATH\CodeIgniter.php(494): CodeIgniter\CodeIgniter->runController(Object(App\Controllers\Home))
 8 SYSTEMPATH\CodeIgniter.php(353): CodeIgniter\CodeIgniter->handleRequest(null, Object(Config\Cache), false)
 9 FCPATH\index.php(79): CodeIgniter\CodeIgniter->run()
10 SYSTEMPATH\Commands\Server\rewrite.php(47): require_once('C:\\laragon\\www\\documts_finalaaa\\public\\index.php')
CRITICAL - 2024-05-15 15:02:53 --> Undefined variable $recipients
in APPPATH\Views\dashboard\compose.php on line 67.
 1 APPPATH\Views\dashboard\compose.php(67): CodeIgniter\Debug\Exceptions->errorHandler(2, 'Undefined variable $recipients', 'C:\\laragon\\www\\documts_finalaaa\\app\\Views\\dashboard\\compose.php', 67)
 2 SYSTEMPATH\View\View.php(226): include('C:\\laragon\\www\\documts_finalaaa\\app\\Views\\dashboard\\compose.php')
 3 SYSTEMPATH\View\View.php(229): CodeIgniter\View\View->CodeIgniter\View\{closure}()
 4 SYSTEMPATH\Common.php(1188): CodeIgniter\View\View->render('dashboard/compose', [], true)
 5 APPPATH\Controllers\Home.php(14): view('dashboard/compose')
 6 SYSTEMPATH\CodeIgniter.php(919): App\Controllers\Home->compose()
 7 SYSTEMPATH\CodeIgniter.php(494): CodeIgniter\CodeIgniter->runController(Object(App\Controllers\Home))
 8 SYSTEMPATH\CodeIgniter.php(353): CodeIgniter\CodeIgniter->handleRequest(null, Object(Config\Cache), false)
 9 FCPATH\index.php(79): CodeIgniter\CodeIgniter->run()
10 SYSTEMPATH\Commands\Server\rewrite.php(47): require_once('C:\\laragon\\www\\documts_finalaaa\\public\\index.php')
CRITICAL - 2024-05-15 15:03:31 --> Undefined variable $recipients
in APPPATH\Views\dashboard\compose.php on line 67.
 1 APPPATH\Views\dashboard\compose.php(67): CodeIgniter\Debug\Exceptions->errorHandler(2, 'Undefined variable $recipients', 'C:\\laragon\\www\\documts_finalaaa\\app\\Views\\dashboard\\compose.php', 67)
 2 SYSTEMPATH\View\View.php(226): include('C:\\laragon\\www\\documts_finalaaa\\app\\Views\\dashboard\\compose.php')
 3 SYSTEMPATH\View\View.php(229): CodeIgniter\View\View->CodeIgniter\View\{closure}()
 4 SYSTEMPATH\Common.php(1188): CodeIgniter\View\View->render('dashboard/compose', [], true)
 5 APPPATH\Controllers\Home.php(14): view('dashboard/compose')
 6 SYSTEMPATH\CodeIgniter.php(919): App\Controllers\Home->compose()
 7 SYSTEMPATH\CodeIgniter.php(494): CodeIgniter\CodeIgniter->runController(Object(App\Controllers\Home))
 8 SYSTEMPATH\CodeIgniter.php(353): CodeIgniter\CodeIgniter->handleRequest(null, Object(Config\Cache), false)
 9 FCPATH\index.php(79): CodeIgniter\CodeIgniter->run()
10 SYSTEMPATH\Commands\Server\rewrite.php(47): require_once('C:\\laragon\\www\\documts_finalaaa\\public\\index.php')
CRITICAL - 2024-05-15 15:10:17 --> Undefined variable $recipients
in APPPATH\Views\dashboard\compose.php on line 67.
 1 APPPATH\Views\dashboard\compose.php(67): CodeIgniter\Debug\Exceptions->errorHandler(2, 'Undefined variable $recipients', 'C:\\laragon\\www\\documts_finalaaa\\app\\Views\\dashboard\\compose.php', 67)
 2 SYSTEMPATH\View\View.php(226): include('C:\\laragon\\www\\documts_finalaaa\\app\\Views\\dashboard\\compose.php')
 3 SYSTEMPATH\View\View.php(229): CodeIgniter\View\View->CodeIgniter\View\{closure}()
 4 SYSTEMPATH\Common.php(1188): CodeIgniter\View\View->render('dashboard/compose', [], true)
 5 APPPATH\Controllers\Home.php(14): view('dashboard/compose')
 6 SYSTEMPATH\CodeIgniter.php(919): App\Controllers\Home->compose()
 7 SYSTEMPATH\CodeIgniter.php(494): CodeIgniter\CodeIgniter->runController(Object(App\Controllers\Home))
 8 SYSTEMPATH\CodeIgniter.php(353): CodeIgniter\CodeIgniter->handleRequest(null, Object(Config\Cache), false)
 9 FCPATH\index.php(79): CodeIgniter\CodeIgniter->run()
10 SYSTEMPATH\Commands\Server\rewrite.php(47): require_once('C:\\laragon\\www\\documts_finalaaa\\public\\index.php')
CRITICAL - 2024-05-15 15:14:01 --> Undefined variable $recipients
in APPPATH\Views\dashboard\compose.php on line 67.
 1 APPPATH\Views\dashboard\compose.php(67): CodeIgniter\Debug\Exceptions->errorHandler(2, 'Undefined variable $recipients', 'C:\\laragon\\www\\documts_finalaaa\\app\\Views\\dashboard\\compose.php', 67)
 2 SYSTEMPATH\View\View.php(226): include('C:\\laragon\\www\\documts_finalaaa\\app\\Views\\dashboard\\compose.php')
 3 SYSTEMPATH\View\View.php(229): CodeIgniter\View\View->CodeIgniter\View\{closure}()
 4 SYSTEMPATH\Common.php(1188): CodeIgniter\View\View->render('dashboard/compose', [], true)
 5 APPPATH\Controllers\Home.php(14): view('dashboard/compose')
 6 SYSTEMPATH\CodeIgniter.php(919): App\Controllers\Home->compose()
 7 SYSTEMPATH\CodeIgniter.php(494): CodeIgniter\CodeIgniter->runController(Object(App\Controllers\Home))
 8 SYSTEMPATH\CodeIgniter.php(353): CodeIgniter\CodeIgniter->handleRequest(null, Object(Config\Cache), false)
 9 FCPATH\index.php(79): CodeIgniter\CodeIgniter->run()
10 SYSTEMPATH\Commands\Server\rewrite.php(47): require_once('C:\\laragon\\www\\documts_finalaaa\\public\\index.php')
CRITICAL - 2024-05-15 15:19:01 --> Undefined variable $recipients
in APPPATH\Views\dashboard\compose.php on line 66.
 1 APPPATH\Views\dashboard\compose.php(66): CodeIgniter\Debug\Exceptions->errorHandler(2, 'Undefined variable $recipients', 'C:\\laragon\\www\\documts_finalaaa\\app\\Views\\dashboard\\compose.php', 66)
 2 SYSTEMPATH\View\View.php(226): include('C:\\laragon\\www\\documts_finalaaa\\app\\Views\\dashboard\\compose.php')
 3 SYSTEMPATH\View\View.php(229): CodeIgniter\View\View->CodeIgniter\View\{closure}()
 4 SYSTEMPATH\Common.php(1188): CodeIgniter\View\View->render('dashboard/compose', [], true)
 5 APPPATH\Controllers\Home.php(14): view('dashboard/compose')
 6 SYSTEMPATH\CodeIgniter.php(919): App\Controllers\Home->compose()
 7 SYSTEMPATH\CodeIgniter.php(494): CodeIgniter\CodeIgniter->runController(Object(App\Controllers\Home))
 8 SYSTEMPATH\CodeIgniter.php(353): CodeIgniter\CodeIgniter->handleRequest(null, Object(Config\Cache), false)
 9 FCPATH\index.php(79): CodeIgniter\CodeIgniter->run()
10 SYSTEMPATH\Commands\Server\rewrite.php(47): require_once('C:\\laragon\\www\\documts_finalaaa\\public\\index.php')
CRITICAL - 2024-05-15 15:21:50 --> Undefined variable $recipients
in APPPATH\Views\dashboard\compose.php on line 66.
 1 APPPATH\Views\dashboard\compose.php(66): CodeIgniter\Debug\Exceptions->errorHandler(2, 'Undefined variable $recipients', 'C:\\laragon\\www\\documts_finalaaa\\app\\Views\\dashboard\\compose.php', 66)
 2 SYSTEMPATH\View\View.php(226): include('C:\\laragon\\www\\documts_finalaaa\\app\\Views\\dashboard\\compose.php')
 3 SYSTEMPATH\View\View.php(229): CodeIgniter\View\View->CodeIgniter\View\{closure}()
 4 SYSTEMPATH\Common.php(1188): CodeIgniter\View\View->render('dashboard/compose', [], true)
 5 APPPATH\Controllers\Home.php(14): view('dashboard/compose')
 6 SYSTEMPATH\CodeIgniter.php(919): App\Controllers\Home->compose()
 7 SYSTEMPATH\CodeIgniter.php(494): CodeIgniter\CodeIgniter->runController(Object(App\Controllers\Home))
 8 SYSTEMPATH\CodeIgniter.php(353): CodeIgniter\CodeIgniter->handleRequest(null, Object(Config\Cache), false)
 9 FCPATH\index.php(79): CodeIgniter\CodeIgniter->run()
10 SYSTEMPATH\Commands\Server\rewrite.php(47): require_once('C:\\laragon\\www\\documts_finalaaa\\public\\index.php')
