CRITICAL - 2024-05-16 00:30:16 --> Undefined variable $user_name
in APPPATH\Views\partials\user_sidebar.php on line 12.
 1 APPPATH\Views\partials\user_sidebar.php(12): CodeIgniter\Debug\Exceptions->errorHandler(2, 'Undefined variable $user_name', 'C:\\laragon\\www\\documts_finalaaa\\app\\Views\\partials\\user_sidebar.php', 12)
 2 SYSTEMPATH\View\View.php(226): include('C:\\laragon\\www\\documts_finalaaa\\app\\Views\\partials\\user_sidebar.php')
 3 SYSTEMPATH\View\View.php(229): CodeIgniter\View\View->CodeIgniter\View\{closure}()
 4 SYSTEMPATH\View\View.php(467): CodeIgniter\View\View->render('partials/user_sidebar', null, true)
 5 APPPATH\Views\user_dashboard\dashboard.php(7): CodeIgniter\View\View->include('partials/user_sidebar')
 6 SYSTEMPATH\View\View.php(226): include('C:\\laragon\\www\\documts_finalaaa\\app\\Views\\user_dashboard\\dashboard.php')
 7 SYSTEMPATH\View\View.php(229): CodeIgniter\View\View->CodeIgniter\View\{closure}()
 8 SYSTEMPATH\Common.php(1188): CodeIgniter\View\View->render('user_dashboard/dashboard', [], true)
 9 APPPATH\Controllers\UserController.php(11): view('user_dashboard/dashboard')
10 SYSTEMPATH\CodeIgniter.php(919): App\Controllers\UserController->dashboard()
11 SYSTEMPATH\CodeIgniter.php(494): CodeIgniter\CodeIgniter->runController(Object(App\Controllers\UserController))
12 SYSTEMPATH\CodeIgniter.php(353): CodeIgniter\CodeIgniter->handleRequest(null, Object(Config\Cache), false)
13 FCPATH\index.php(79): CodeIgniter\CodeIgniter->run()
14 SYSTEMPATH\Commands\Server\rewrite.php(47): require_once('C:\\laragon\\www\\documts_finalaaa\\public\\index.php')
CRITICAL - 2024-05-16 00:31:26 --> Undefined variable $user_name
in APPPATH\Views\partials\user_sidebar.php on line 12.
 1 APPPATH\Views\partials\user_sidebar.php(12): CodeIgniter\Debug\Exceptions->errorHandler(2, 'Undefined variable $user_name', 'C:\\laragon\\www\\documts_finalaaa\\app\\Views\\partials\\user_sidebar.php', 12)
 2 SYSTEMPATH\View\View.php(226): include('C:\\laragon\\www\\documts_finalaaa\\app\\Views\\partials\\user_sidebar.php')
 3 SYSTEMPATH\View\View.php(229): CodeIgniter\View\View->CodeIgniter\View\{closure}()
 4 SYSTEMPATH\View\View.php(467): CodeIgniter\View\View->render('partials/user_sidebar', null, true)
 5 APPPATH\Views\user_dashboard\dashboard.php(7): CodeIgniter\View\View->include('partials/user_sidebar')
 6 SYSTEMPATH\View\View.php(226): include('C:\\laragon\\www\\documts_finalaaa\\app\\Views\\user_dashboard\\dashboard.php')
 7 SYSTEMPATH\View\View.php(229): CodeIgniter\View\View->CodeIgniter\View\{closure}()
 8 SYSTEMPATH\Common.php(1188): CodeIgniter\View\View->render('user_dashboard/dashboard', [], true)
 9 APPPATH\Controllers\UserController.php(11): view('user_dashboard/dashboard')
10 SYSTEMPATH\CodeIgniter.php(919): App\Controllers\UserController->dashboard()
11 SYSTEMPATH\CodeIgniter.php(494): CodeIgniter\CodeIgniter->runController(Object(App\Controllers\UserController))
12 SYSTEMPATH\CodeIgniter.php(353): CodeIgniter\CodeIgniter->handleRequest(null, Object(Config\Cache), false)
13 FCPATH\index.php(79): CodeIgniter\CodeIgniter->run()
14 SYSTEMPATH\Commands\Server\rewrite.php(47): require_once('C:\\laragon\\www\\documts_finalaaa\\public\\index.php')
CRITICAL - 2024-05-16 00:36:01 --> Undefined variable $user_name
in APPPATH\Views\partials\user_sidebar.php on line 12.
 1 APPPATH\Views\partials\user_sidebar.php(12): CodeIgniter\Debug\Exceptions->errorHandler(2, 'Undefined variable $user_name', 'C:\\laragon\\www\\documts_finalaaa\\app\\Views\\partials\\user_sidebar.php', 12)
 2 SYSTEMPATH\View\View.php(226): include('C:\\laragon\\www\\documts_finalaaa\\app\\Views\\partials\\user_sidebar.php')
 3 SYSTEMPATH\View\View.php(229): CodeIgniter\View\View->CodeIgniter\View\{closure}()
 4 SYSTEMPATH\View\View.php(467): CodeIgniter\View\View->render('partials/user_sidebar', null, true)
 5 APPPATH\Views\user_dashboard\dashboard.php(7): CodeIgniter\View\View->include('partials/user_sidebar')
 6 SYSTEMPATH\View\View.php(226): include('C:\\laragon\\www\\documts_finalaaa\\app\\Views\\user_dashboard\\dashboard.php')
 7 SYSTEMPATH\View\View.php(229): CodeIgniter\View\View->CodeIgniter\View\{closure}()
 8 SYSTEMPATH\Common.php(1188): CodeIgniter\View\View->render('user_dashboard/dashboard', [], true)
 9 APPPATH\Controllers\UserController.php(11): view('user_dashboard/dashboard')
10 SYSTEMPATH\CodeIgniter.php(919): App\Controllers\UserController->dashboard()
11 SYSTEMPATH\CodeIgniter.php(494): CodeIgniter\CodeIgniter->runController(Object(App\Controllers\UserController))
12 SYSTEMPATH\CodeIgniter.php(353): CodeIgniter\CodeIgniter->handleRequest(null, Object(Config\Cache), false)
13 FCPATH\index.php(79): CodeIgniter\CodeIgniter->run()
14 SYSTEMPATH\Commands\Server\rewrite.php(47): require_once('C:\\laragon\\www\\documts_finalaaa\\public\\index.php')
CRITICAL - 2024-05-16 00:37:08 --> Undefined variable $user_name
in APPPATH\Views\partials\user_sidebar.php on line 12.
 1 APPPATH\Views\partials\user_sidebar.php(12): CodeIgniter\Debug\Exceptions->errorHandler(2, 'Undefined variable $user_name', 'C:\\laragon\\www\\documts_finalaaa\\app\\Views\\partials\\user_sidebar.php', 12)
 2 SYSTEMPATH\View\View.php(226): include('C:\\laragon\\www\\documts_finalaaa\\app\\Views\\partials\\user_sidebar.php')
 3 SYSTEMPATH\View\View.php(229): CodeIgniter\View\View->CodeIgniter\View\{closure}()
 4 SYSTEMPATH\View\View.php(467): CodeIgniter\View\View->render('partials/user_sidebar', null, true)
 5 APPPATH\Views\user_dashboard\dashboard.php(7): CodeIgniter\View\View->include('partials/user_sidebar')
 6 SYSTEMPATH\View\View.php(226): include('C:\\laragon\\www\\documts_finalaaa\\app\\Views\\user_dashboard\\dashboard.php')
 7 SYSTEMPATH\View\View.php(229): CodeIgniter\View\View->CodeIgniter\View\{closure}()
 8 SYSTEMPATH\Common.php(1188): CodeIgniter\View\View->render('user_dashboard/dashboard', [], true)
 9 APPPATH\Controllers\UserController.php(11): view('user_dashboard/dashboard')
10 SYSTEMPATH\CodeIgniter.php(919): App\Controllers\UserController->dashboard()
11 SYSTEMPATH\CodeIgniter.php(494): CodeIgniter\CodeIgniter->runController(Object(App\Controllers\UserController))
12 SYSTEMPATH\CodeIgniter.php(353): CodeIgniter\CodeIgniter->handleRequest(null, Object(Config\Cache), false)
13 FCPATH\index.php(79): CodeIgniter\CodeIgniter->run()
14 SYSTEMPATH\Commands\Server\rewrite.php(47): require_once('C:\\laragon\\www\\documts_finalaaa\\public\\index.php')
CRITICAL - 2024-05-16 00:38:23 --> Undefined variable $user_name
in APPPATH\Views\partials\user_sidebar.php on line 12.
 1 APPPATH\Views\partials\user_sidebar.php(12): CodeIgniter\Debug\Exceptions->errorHandler(2, 'Undefined variable $user_name', 'C:\\laragon\\www\\documts_finalaaa\\app\\Views\\partials\\user_sidebar.php', 12)
 2 SYSTEMPATH\View\View.php(226): include('C:\\laragon\\www\\documts_finalaaa\\app\\Views\\partials\\user_sidebar.php')
 3 SYSTEMPATH\View\View.php(229): CodeIgniter\View\View->CodeIgniter\View\{closure}()
 4 SYSTEMPATH\View\View.php(467): CodeIgniter\View\View->render('partials/user_sidebar', null, true)
 5 APPPATH\Views\user_dashboard\dashboard.php(7): CodeIgniter\View\View->include('partials/user_sidebar')
 6 SYSTEMPATH\View\View.php(226): include('C:\\laragon\\www\\documts_finalaaa\\app\\Views\\user_dashboard\\dashboard.php')
 7 SYSTEMPATH\View\View.php(229): CodeIgniter\View\View->CodeIgniter\View\{closure}()
 8 SYSTEMPATH\Common.php(1188): CodeIgniter\View\View->render('user_dashboard/dashboard', [], true)
 9 APPPATH\Controllers\UserController.php(11): view('user_dashboard/dashboard')
10 SYSTEMPATH\CodeIgniter.php(919): App\Controllers\UserController->dashboard()
11 SYSTEMPATH\CodeIgniter.php(494): CodeIgniter\CodeIgniter->runController(Object(App\Controllers\UserController))
12 SYSTEMPATH\CodeIgniter.php(353): CodeIgniter\CodeIgniter->handleRequest(null, Object(Config\Cache), false)
13 FCPATH\index.php(79): CodeIgniter\CodeIgniter->run()
14 SYSTEMPATH\Commands\Server\rewrite.php(47): require_once('C:\\laragon\\www\\documts_finalaaa\\public\\index.php')
CRITICAL - 2024-05-16 00:44:05 --> Undefined variable $user_name
in APPPATH\Views\partials\user_sidebar.php on line 12.
 1 APPPATH\Views\partials\user_sidebar.php(12): CodeIgniter\Debug\Exceptions->errorHandler(2, 'Undefined variable $user_name', 'C:\\laragon\\www\\documts_finalaaa\\app\\Views\\partials\\user_sidebar.php', 12)
 2 SYSTEMPATH\View\View.php(226): include('C:\\laragon\\www\\documts_finalaaa\\app\\Views\\partials\\user_sidebar.php')
 3 SYSTEMPATH\View\View.php(229): CodeIgniter\View\View->CodeIgniter\View\{closure}()
 4 SYSTEMPATH\View\View.php(467): CodeIgniter\View\View->render('partials/user_sidebar', null, true)
 5 APPPATH\Views\user_dashboard\dashboard.php(7): CodeIgniter\View\View->include('partials/user_sidebar')
 6 SYSTEMPATH\View\View.php(226): include('C:\\laragon\\www\\documts_finalaaa\\app\\Views\\user_dashboard\\dashboard.php')
 7 SYSTEMPATH\View\View.php(229): CodeIgniter\View\View->CodeIgniter\View\{closure}()
 8 SYSTEMPATH\Common.php(1188): CodeIgniter\View\View->render('user_dashboard/dashboard', [], true)
 9 APPPATH\Controllers\UserController.php(11): view('user_dashboard/dashboard')
10 SYSTEMPATH\CodeIgniter.php(919): App\Controllers\UserController->dashboard()
11 SYSTEMPATH\CodeIgniter.php(494): CodeIgniter\CodeIgniter->runController(Object(App\Controllers\UserController))
12 SYSTEMPATH\CodeIgniter.php(353): CodeIgniter\CodeIgniter->handleRequest(null, Object(Config\Cache), false)
13 FCPATH\index.php(79): CodeIgniter\CodeIgniter->run()
14 SYSTEMPATH\Commands\Server\rewrite.php(47): require_once('C:\\laragon\\www\\documts_finalaaa\\public\\index.php')
CRITICAL - 2024-05-16 00:45:04 --> Undefined variable $user_name
in APPPATH\Views\partials\user_sidebar.php on line 12.
 1 APPPATH\Views\partials\user_sidebar.php(12): CodeIgniter\Debug\Exceptions->errorHandler(2, 'Undefined variable $user_name', 'C:\\laragon\\www\\documts_finalaaa\\app\\Views\\partials\\user_sidebar.php', 12)
 2 SYSTEMPATH\View\View.php(226): include('C:\\laragon\\www\\documts_finalaaa\\app\\Views\\partials\\user_sidebar.php')
 3 SYSTEMPATH\View\View.php(229): CodeIgniter\View\View->CodeIgniter\View\{closure}()
 4 SYSTEMPATH\View\View.php(467): CodeIgniter\View\View->render('partials/user_sidebar', null, true)
 5 APPPATH\Views\user_dashboard\dashboard.php(7): CodeIgniter\View\View->include('partials/user_sidebar')
 6 SYSTEMPATH\View\View.php(226): include('C:\\laragon\\www\\documts_finalaaa\\app\\Views\\user_dashboard\\dashboard.php')
 7 SYSTEMPATH\View\View.php(229): CodeIgniter\View\View->CodeIgniter\View\{closure}()
 8 SYSTEMPATH\Common.php(1188): CodeIgniter\View\View->render('user_dashboard/dashboard', [], true)
 9 APPPATH\Controllers\UserController.php(11): view('user_dashboard/dashboard')
10 SYSTEMPATH\CodeIgniter.php(919): App\Controllers\UserController->dashboard()
11 SYSTEMPATH\CodeIgniter.php(494): CodeIgniter\CodeIgniter->runController(Object(App\Controllers\UserController))
12 SYSTEMPATH\CodeIgniter.php(353): CodeIgniter\CodeIgniter->handleRequest(null, Object(Config\Cache), false)
13 FCPATH\index.php(79): CodeIgniter\CodeIgniter->run()
14 SYSTEMPATH\Commands\Server\rewrite.php(47): require_once('C:\\laragon\\www\\documts_finalaaa\\public\\index.php')
CRITICAL - 2024-05-16 00:46:34 --> Undefined variable $user_name
in APPPATH\Views\partials\user_sidebar.php on line 12.
 1 APPPATH\Views\partials\user_sidebar.php(12): CodeIgniter\Debug\Exceptions->errorHandler(2, 'Undefined variable $user_name', 'C:\\laragon\\www\\documts_finalaaa\\app\\Views\\partials\\user_sidebar.php', 12)
 2 SYSTEMPATH\View\View.php(226): include('C:\\laragon\\www\\documts_finalaaa\\app\\Views\\partials\\user_sidebar.php')
 3 SYSTEMPATH\View\View.php(229): CodeIgniter\View\View->CodeIgniter\View\{closure}()
 4 SYSTEMPATH\View\View.php(467): CodeIgniter\View\View->render('partials/user_sidebar', null, true)
 5 APPPATH\Views\user_dashboard\dashboard.php(7): CodeIgniter\View\View->include('partials/user_sidebar')
 6 SYSTEMPATH\View\View.php(226): include('C:\\laragon\\www\\documts_finalaaa\\app\\Views\\user_dashboard\\dashboard.php')
 7 SYSTEMPATH\View\View.php(229): CodeIgniter\View\View->CodeIgniter\View\{closure}()
 8 SYSTEMPATH\Common.php(1188): CodeIgniter\View\View->render('user_dashboard/dashboard', [], true)
 9 APPPATH\Controllers\UserController.php(11): view('user_dashboard/dashboard')
10 SYSTEMPATH\CodeIgniter.php(919): App\Controllers\UserController->dashboard()
11 SYSTEMPATH\CodeIgniter.php(494): CodeIgniter\CodeIgniter->runController(Object(App\Controllers\UserController))
12 SYSTEMPATH\CodeIgniter.php(353): CodeIgniter\CodeIgniter->handleRequest(null, Object(Config\Cache), false)
13 FCPATH\index.php(79): CodeIgniter\CodeIgniter->run()
14 SYSTEMPATH\Commands\Server\rewrite.php(47): require_once('C:\\laragon\\www\\documts_finalaaa\\public\\index.php')
CRITICAL - 2024-05-16 00:48:43 --> Undefined variable $uploads
in APPPATH\Views\user_dashboard\incoming.php on line 43.
 1 APPPATH\Views\user_dashboard\incoming.php(43): CodeIgniter\Debug\Exceptions->errorHandler(2, 'Undefined variable $uploads', 'C:\\laragon\\www\\documts_finalaaa\\app\\Views\\user_dashboard\\incoming.php', 43)
 2 SYSTEMPATH\View\View.php(226): include('C:\\laragon\\www\\documts_finalaaa\\app\\Views\\user_dashboard\\incoming.php')
 3 SYSTEMPATH\View\View.php(229): CodeIgniter\View\View->CodeIgniter\View\{closure}()
 4 SYSTEMPATH\Common.php(1188): CodeIgniter\View\View->render('user_dashboard/incoming', [], true)
 5 APPPATH\Controllers\UserController.php(21): view('user_dashboard/incoming')
 6 SYSTEMPATH\CodeIgniter.php(919): App\Controllers\UserController->incoming()
 7 SYSTEMPATH\CodeIgniter.php(494): CodeIgniter\CodeIgniter->runController(Object(App\Controllers\UserController))
 8 SYSTEMPATH\CodeIgniter.php(353): CodeIgniter\CodeIgniter->handleRequest(null, Object(Config\Cache), false)
 9 FCPATH\index.php(79): CodeIgniter\CodeIgniter->run()
10 SYSTEMPATH\Commands\Server\rewrite.php(47): require_once('C:\\laragon\\www\\documts_finalaaa\\public\\index.php')
