CRITICAL - 2024-10-01 14:18:41 --> Undefined array key "fname"
in APPPATH\Views\dashboard\outgoing.php on line 79.
 1 APPPATH\Views\dashboard\outgoing.php(79): CodeIgniter\Debug\Exceptions->errorHandler(2, 'Undefined array key "fname"', 'C:\\laragon\\www\\documts_finalaaa\\app\\Views\\dashboard\\outgoing.php', 79)
 2 SYSTEMPATH\View\View.php(226): include('C:\\laragon\\www\\documts_finalaaa\\app\\Views\\dashboard\\outgoing.php')
 3 SYSTEMPATH\View\View.php(229): CodeIgniter\View\View->CodeIgniter\View\{closure}()
 4 SYSTEMPATH\Common.php(1188): CodeIgniter\View\View->render('dashboard/outgoing', [], true)
 5 APPPATH\Controllers\FileUploadController.php(63): view('dashboard/outgoing', [...])
 6 SYSTEMPATH\CodeIgniter.php(919): App\Controllers\FileUploadController->index()
 7 SYSTEMPATH\CodeIgniter.php(494): CodeIgniter\CodeIgniter->runController(Object(App\Controllers\FileUploadController))
 8 SYSTEMPATH\CodeIgniter.php(353): CodeIgniter\CodeIgniter->handleRequest(null, Object(Config\Cache), false)
 9 FCPATH\index.php(79): CodeIgniter\CodeIgniter->run()
10 SYSTEMPATH\Commands\Server\rewrite.php(47): require_once('C:\\laragon\\www\\documts_finalaaa\\public\\index.php')
CRITICAL - 2024-10-01 14:19:28 --> Undefined array key "fname"
in APPPATH\Views\dashboard\outgoing.php on line 79.
 1 APPPATH\Views\dashboard\outgoing.php(79): CodeIgniter\Debug\Exceptions->errorHandler(2, 'Undefined array key "fname"', 'C:\\laragon\\www\\documts_finalaaa\\app\\Views\\dashboard\\outgoing.php', 79)
 2 SYSTEMPATH\View\View.php(226): include('C:\\laragon\\www\\documts_finalaaa\\app\\Views\\dashboard\\outgoing.php')
 3 SYSTEMPATH\View\View.php(229): CodeIgniter\View\View->CodeIgniter\View\{closure}()
 4 SYSTEMPATH\Common.php(1188): CodeIgniter\View\View->render('dashboard/outgoing', [], true)
 5 APPPATH\Controllers\FileUploadController.php(63): view('dashboard/outgoing', [...])
 6 SYSTEMPATH\CodeIgniter.php(919): App\Controllers\FileUploadController->index()
 7 SYSTEMPATH\CodeIgniter.php(494): CodeIgniter\CodeIgniter->runController(Object(App\Controllers\FileUploadController))
 8 SYSTEMPATH\CodeIgniter.php(353): CodeIgniter\CodeIgniter->handleRequest(null, Object(Config\Cache), false)
 9 FCPATH\index.php(79): CodeIgniter\CodeIgniter->run()
10 SYSTEMPATH\Commands\Server\rewrite.php(47): require_once('C:\\laragon\\www\\documts_finalaaa\\public\\index.php')
CRITICAL - 2024-10-01 14:21:53 --> Undefined array key "fname"
in APPPATH\Views\dashboard\outgoing.php on line 79.
 1 APPPATH\Views\dashboard\outgoing.php(79): CodeIgniter\Debug\Exceptions->errorHandler(2, 'Undefined array key "fname"', 'C:\\laragon\\www\\documts_finalaaa\\app\\Views\\dashboard\\outgoing.php', 79)
 2 SYSTEMPATH\View\View.php(226): include('C:\\laragon\\www\\documts_finalaaa\\app\\Views\\dashboard\\outgoing.php')
 3 SYSTEMPATH\View\View.php(229): CodeIgniter\View\View->CodeIgniter\View\{closure}()
 4 SYSTEMPATH\Common.php(1188): CodeIgniter\View\View->render('dashboard/outgoing', [], true)
 5 APPPATH\Controllers\FileUploadController.php(63): view('dashboard/outgoing', [...])
 6 SYSTEMPATH\CodeIgniter.php(919): App\Controllers\FileUploadController->index()
 7 SYSTEMPATH\CodeIgniter.php(494): CodeIgniter\CodeIgniter->runController(Object(App\Controllers\FileUploadController))
 8 SYSTEMPATH\CodeIgniter.php(353): CodeIgniter\CodeIgniter->handleRequest(null, Object(Config\Cache), false)
 9 FCPATH\index.php(79): CodeIgniter\CodeIgniter->run()
10 SYSTEMPATH\Commands\Server\rewrite.php(47): require_once('C:\\laragon\\www\\documts_finalaaa\\public\\index.php')
CRITICAL - 2024-10-01 14:57:14 --> Undefined array key "brgy"
in APPPATH\Views\dashboard\outgoing.php on line 73.
 1 APPPATH\Views\dashboard\outgoing.php(73): CodeIgniter\Debug\Exceptions->errorHandler(2, 'Undefined array key "brgy"', 'C:\\laragon\\www\\documts_finalaaa\\app\\Views\\dashboard\\outgoing.php', 73)
 2 SYSTEMPATH\View\View.php(226): include('C:\\laragon\\www\\documts_finalaaa\\app\\Views\\dashboard\\outgoing.php')
 3 SYSTEMPATH\View\View.php(229): CodeIgniter\View\View->CodeIgniter\View\{closure}()
 4 SYSTEMPATH\Common.php(1188): CodeIgniter\View\View->render('dashboard/outgoing', [], true)
 5 APPPATH\Controllers\FileUploadController.php(63): view('dashboard/outgoing', [...])
 6 SYSTEMPATH\CodeIgniter.php(919): App\Controllers\FileUploadController->index()
 7 SYSTEMPATH\CodeIgniter.php(494): CodeIgniter\CodeIgniter->runController(Object(App\Controllers\FileUploadController))
 8 SYSTEMPATH\CodeIgniter.php(353): CodeIgniter\CodeIgniter->handleRequest(null, Object(Config\Cache), false)
 9 FCPATH\index.php(79): CodeIgniter\CodeIgniter->run()
10 SYSTEMPATH\Commands\Server\rewrite.php(47): require_once('C:\\laragon\\www\\documts_finalaaa\\public\\index.php')
CRITICAL - 2024-10-01 14:57:58 --> Undefined array key "brgy"
in APPPATH\Views\dashboard\outgoing.php on line 73.
 1 APPPATH\Views\dashboard\outgoing.php(73): CodeIgniter\Debug\Exceptions->errorHandler(2, 'Undefined array key "brgy"', 'C:\\laragon\\www\\documts_finalaaa\\app\\Views\\dashboard\\outgoing.php', 73)
 2 SYSTEMPATH\View\View.php(226): include('C:\\laragon\\www\\documts_finalaaa\\app\\Views\\dashboard\\outgoing.php')
 3 SYSTEMPATH\View\View.php(229): CodeIgniter\View\View->CodeIgniter\View\{closure}()
 4 SYSTEMPATH\Common.php(1188): CodeIgniter\View\View->render('dashboard/outgoing', [], true)
 5 APPPATH\Controllers\FileUploadController.php(63): view('dashboard/outgoing', [...])
 6 SYSTEMPATH\CodeIgniter.php(919): App\Controllers\FileUploadController->index()
 7 SYSTEMPATH\CodeIgniter.php(494): CodeIgniter\CodeIgniter->runController(Object(App\Controllers\FileUploadController))
 8 SYSTEMPATH\CodeIgniter.php(353): CodeIgniter\CodeIgniter->handleRequest(null, Object(Config\Cache), false)
 9 FCPATH\index.php(79): CodeIgniter\CodeIgniter->run()
10 SYSTEMPATH\Commands\Server\rewrite.php(47): require_once('C:\\laragon\\www\\documts_finalaaa\\public\\index.php')
CRITICAL - 2024-10-01 15:00:48 --> Undefined variable $chartData
in APPPATH\Views\partials\charts.php on line 27.
 1 APPPATH\Views\partials\charts.php(27): CodeIgniter\Debug\Exceptions->errorHandler(2, 'Undefined variable $chartData', 'C:\\laragon\\www\\documts_finalaaa\\app\\Views\\partials\\charts.php', 27)
 2 SYSTEMPATH\View\View.php(226): include('C:\\laragon\\www\\documts_finalaaa\\app\\Views\\partials\\charts.php')
 3 SYSTEMPATH\View\View.php(229): CodeIgniter\View\View->CodeIgniter\View\{closure}()
 4 SYSTEMPATH\View\View.php(467): CodeIgniter\View\View->render('partials/charts', null, true)
 5 APPPATH\Views\dashboard\dashboard.php(63): CodeIgniter\View\View->include('partials/charts')
 6 SYSTEMPATH\View\View.php(226): include('C:\\laragon\\www\\documts_finalaaa\\app\\Views\\dashboard\\dashboard.php')
 7 SYSTEMPATH\View\View.php(229): CodeIgniter\View\View->CodeIgniter\View\{closure}()
 8 SYSTEMPATH\Common.php(1188): CodeIgniter\View\View->render('dashboard/dashboard', [], true)
 9 APPPATH\Controllers\FileUploadController.php(333): view('dashboard/dashboard', [...])
10 SYSTEMPATH\CodeIgniter.php(919): App\Controllers\FileUploadController->dashboard()
11 SYSTEMPATH\CodeIgniter.php(494): CodeIgniter\CodeIgniter->runController(Object(App\Controllers\FileUploadController))
12 SYSTEMPATH\CodeIgniter.php(353): CodeIgniter\CodeIgniter->handleRequest(null, Object(Config\Cache), false)
13 FCPATH\index.php(79): CodeIgniter\CodeIgniter->run()
14 SYSTEMPATH\Commands\Server\rewrite.php(47): require_once('C:\\laragon\\www\\documts_finalaaa\\public\\index.php')
CRITICAL - 2024-10-01 15:02:32 --> Undefined variable $chartData
in APPPATH\Views\dashboard\dashboard.php on line 145.
 1 APPPATH\Views\dashboard\dashboard.php(145): CodeIgniter\Debug\Exceptions->errorHandler(2, 'Undefined variable $chartData', 'C:\\laragon\\www\\documts_finalaaa\\app\\Views\\dashboard\\dashboard.php', 145)
 2 SYSTEMPATH\View\View.php(226): include('C:\\laragon\\www\\documts_finalaaa\\app\\Views\\dashboard\\dashboard.php')
 3 SYSTEMPATH\View\View.php(229): CodeIgniter\View\View->CodeIgniter\View\{closure}()
 4 SYSTEMPATH\Common.php(1188): CodeIgniter\View\View->render('dashboard/dashboard', [], true)
 5 APPPATH\Controllers\FileUploadController.php(333): view('dashboard/dashboard', [...])
 6 SYSTEMPATH\CodeIgniter.php(919): App\Controllers\FileUploadController->dashboard()
 7 SYSTEMPATH\CodeIgniter.php(494): CodeIgniter\CodeIgniter->runController(Object(App\Controllers\FileUploadController))
 8 SYSTEMPATH\CodeIgniter.php(353): CodeIgniter\CodeIgniter->handleRequest(null, Object(Config\Cache), false)
 9 FCPATH\index.php(79): CodeIgniter\CodeIgniter->run()
10 SYSTEMPATH\Commands\Server\rewrite.php(47): require_once('C:\\laragon\\www\\documts_finalaaa\\public\\index.php')
