CRITICAL - 2024-11-10 01:52:25 --> Undefined array key "sender_id"
in APPPATH\Controllers\FileUploadController.php on line 556.
 1 APPPATH\Controllers\FileUploadController.php(556): CodeIgniter\Debug\Exceptions->errorHandler(2, 'Undefined array key "sender_id"', 'C:\\laragon\\www\\documts_finalaaa\\app\\Controllers\\FileUploadController.php', 556)
 2 SYSTEMPATH\CodeIgniter.php(919): App\Controllers\FileUploadController->reply('55')
 3 SYSTEMPATH\CodeIgniter.php(494): CodeIgniter\CodeIgniter->runController(Object(App\Controllers\FileUploadController))
 4 SYSTEMPATH\CodeIgniter.php(353): CodeIgniter\CodeIgniter->handleRequest(null, Object(Config\Cache), false)
 5 FCPATH\index.php(79): CodeIgniter\CodeIgniter->run()
 6 SYSTEMPATH\Commands\Server\rewrite.php(47): require_once('C:\\laragon\\www\\documts_finalaaa\\public\\index.php')
CRITICAL - 2024-11-10 05:47:53 --> Undefined array key "sender_name"
in APPPATH\Views\dashboard\conversation_view.php on line 18.
 1 APPPATH\Views\dashboard\conversation_view.php(18): CodeIgniter\Debug\Exceptions->errorHandler(2, 'Undefined array key "sender_name"', 'C:\\laragon\\www\\documts_finalaaa\\app\\Views\\dashboard\\conversation_view.php', 18)
 2 SYSTEMPATH\View\View.php(226): include('C:\\laragon\\www\\documts_finalaaa\\app\\Views\\dashboard\\conversation_view.php')
 3 SYSTEMPATH\View\View.php(229): CodeIgniter\View\View->CodeIgniter\View\{closure}()
 4 SYSTEMPATH\Common.php(1188): CodeIgniter\View\View->render('dashboard/conversation_view', [], true)
 5 APPPATH\Controllers\FileUploadController.php(592): view('dashboard/conversation_view', [...])
 6 SYSTEMPATH\CodeIgniter.php(919): App\Controllers\FileUploadController->showConversations('55')
 7 SYSTEMPATH\CodeIgniter.php(494): CodeIgniter\CodeIgniter->runController(Object(App\Controllers\FileUploadController))
 8 SYSTEMPATH\CodeIgniter.php(353): CodeIgniter\CodeIgniter->handleRequest(null, Object(Config\Cache), false)
 9 FCPATH\index.php(79): CodeIgniter\CodeIgniter->run()
10 SYSTEMPATH\Commands\Server\rewrite.php(47): require_once('C:\\laragon\\www\\documts_finalaaa\\public\\index.php')
CRITICAL - 2024-11-10 07:27:34 --> Undefined variable $isLoggedIn
in APPPATH\Views\partials\navbar.php on line 43.
 1 APPPATH\Views\partials\navbar.php(43): CodeIgniter\Debug\Exceptions->errorHandler(2, 'Undefined variable $isLoggedIn', 'C:\\laragon\\www\\documts_finalaaa\\app\\Views\\partials\\navbar.php', 43)
 2 SYSTEMPATH\View\View.php(226): include('C:\\laragon\\www\\documts_finalaaa\\app\\Views\\partials\\navbar.php')
 3 SYSTEMPATH\View\View.php(229): CodeIgniter\View\View->CodeIgniter\View\{closure}()
 4 SYSTEMPATH\View\View.php(467): CodeIgniter\View\View->render('partials/navbar', null, true)
 5 APPPATH\Views\dashboard\all_documents.php(12): CodeIgniter\View\View->include('partials/navbar')
 6 SYSTEMPATH\View\View.php(226): include('C:\\laragon\\www\\documts_finalaaa\\app\\Views\\dashboard\\all_documents.php')
 7 SYSTEMPATH\View\View.php(229): CodeIgniter\View\View->CodeIgniter\View\{closure}()
 8 SYSTEMPATH\Common.php(1188): CodeIgniter\View\View->render('dashboard/all_documents', [], true)
 9 APPPATH\Controllers\FileUploadController.php(366): view('dashboard/all_documents', [...])
10 SYSTEMPATH\CodeIgniter.php(919): App\Controllers\FileUploadController->allDocuments()
11 SYSTEMPATH\CodeIgniter.php(494): CodeIgniter\CodeIgniter->runController(Object(App\Controllers\FileUploadController))
12 SYSTEMPATH\CodeIgniter.php(353): CodeIgniter\CodeIgniter->handleRequest(null, Object(Config\Cache), false)
13 FCPATH\index.php(79): CodeIgniter\CodeIgniter->run()
14 SYSTEMPATH\Commands\Server\rewrite.php(47): require_once('C:\\laragon\\www\\documts_finalaaa\\public\\index.php')
CRITICAL - 2024-11-10 07:29:31 --> Undefined variable $isLoggedIn
in APPPATH\Views\partials\navbar.php on line 43.
 1 APPPATH\Views\partials\navbar.php(43): CodeIgniter\Debug\Exceptions->errorHandler(2, 'Undefined variable $isLoggedIn', 'C:\\laragon\\www\\documts_finalaaa\\app\\Views\\partials\\navbar.php', 43)
 2 SYSTEMPATH\View\View.php(226): include('C:\\laragon\\www\\documts_finalaaa\\app\\Views\\partials\\navbar.php')
 3 SYSTEMPATH\View\View.php(229): CodeIgniter\View\View->CodeIgniter\View\{closure}()
 4 SYSTEMPATH\View\View.php(467): CodeIgniter\View\View->render('partials/navbar', null, true)
 5 APPPATH\Views\dashboard\all_documents.php(12): CodeIgniter\View\View->include('partials/navbar')
 6 SYSTEMPATH\View\View.php(226): include('C:\\laragon\\www\\documts_finalaaa\\app\\Views\\dashboard\\all_documents.php')
 7 SYSTEMPATH\View\View.php(229): CodeIgniter\View\View->CodeIgniter\View\{closure}()
 8 SYSTEMPATH\Common.php(1188): CodeIgniter\View\View->render('dashboard/all_documents', [], true)
 9 APPPATH\Controllers\FileUploadController.php(367): view('dashboard/all_documents', [...])
10 SYSTEMPATH\CodeIgniter.php(919): App\Controllers\FileUploadController->allDocuments()
11 SYSTEMPATH\CodeIgniter.php(494): CodeIgniter\CodeIgniter->runController(Object(App\Controllers\FileUploadController))
12 SYSTEMPATH\CodeIgniter.php(353): CodeIgniter\CodeIgniter->handleRequest(null, Object(Config\Cache), false)
13 FCPATH\index.php(79): CodeIgniter\CodeIgniter->run()
14 SYSTEMPATH\Commands\Server\rewrite.php(47): require_once('C:\\laragon\\www\\documts_finalaaa\\public\\index.php')
CRITICAL - 2024-11-10 07:31:39 --> Undefined variable $isLoggedIn
in APPPATH\Views\partials\navbar.php on line 43.
 1 APPPATH\Views\partials\navbar.php(43): CodeIgniter\Debug\Exceptions->errorHandler(2, 'Undefined variable $isLoggedIn', 'C:\\laragon\\www\\documts_finalaaa\\app\\Views\\partials\\navbar.php', 43)
 2 SYSTEMPATH\View\View.php(226): include('C:\\laragon\\www\\documts_finalaaa\\app\\Views\\partials\\navbar.php')
 3 SYSTEMPATH\View\View.php(229): CodeIgniter\View\View->CodeIgniter\View\{closure}()
 4 SYSTEMPATH\View\View.php(467): CodeIgniter\View\View->render('partials/navbar', null, true)
 5 APPPATH\Views\dashboard\all_documents.php(12): CodeIgniter\View\View->include('partials/navbar')
 6 SYSTEMPATH\View\View.php(226): include('C:\\laragon\\www\\documts_finalaaa\\app\\Views\\dashboard\\all_documents.php')
 7 SYSTEMPATH\View\View.php(229): CodeIgniter\View\View->CodeIgniter\View\{closure}()
 8 SYSTEMPATH\Common.php(1188): CodeIgniter\View\View->render('dashboard/all_documents', [], true)
 9 APPPATH\Controllers\FileUploadController.php(367): view('dashboard/all_documents', [...])
10 SYSTEMPATH\CodeIgniter.php(919): App\Controllers\FileUploadController->allDocuments()
11 SYSTEMPATH\CodeIgniter.php(494): CodeIgniter\CodeIgniter->runController(Object(App\Controllers\FileUploadController))
12 SYSTEMPATH\CodeIgniter.php(353): CodeIgniter\CodeIgniter->handleRequest(null, Object(Config\Cache), false)
13 FCPATH\index.php(79): CodeIgniter\CodeIgniter->run()
14 SYSTEMPATH\Commands\Server\rewrite.php(47): require_once('C:\\laragon\\www\\documts_finalaaa\\public\\index.php')
CRITICAL - 2024-11-10 07:32:35 --> Undefined variable $session
in APPPATH\Views\dashboard\all_documents.php on line 21.
 1 APPPATH\Views\dashboard\all_documents.php(21): CodeIgniter\Debug\Exceptions->errorHandler(2, 'Undefined variable $session', 'C:\\laragon\\www\\documts_finalaaa\\app\\Views\\dashboard\\all_documents.php', 21)
 2 SYSTEMPATH\View\View.php(226): include('C:\\laragon\\www\\documts_finalaaa\\app\\Views\\dashboard\\all_documents.php')
 3 SYSTEMPATH\View\View.php(229): CodeIgniter\View\View->CodeIgniter\View\{closure}()
 4 SYSTEMPATH\Common.php(1188): CodeIgniter\View\View->render('dashboard/all_documents', [], true)
 5 APPPATH\Controllers\FileUploadController.php(370): view('dashboard/all_documents', [...])
 6 SYSTEMPATH\CodeIgniter.php(919): App\Controllers\FileUploadController->allDocuments()
 7 SYSTEMPATH\CodeIgniter.php(494): CodeIgniter\CodeIgniter->runController(Object(App\Controllers\FileUploadController))
 8 SYSTEMPATH\CodeIgniter.php(353): CodeIgniter\CodeIgniter->handleRequest(null, Object(Config\Cache), false)
 9 FCPATH\index.php(79): CodeIgniter\CodeIgniter->run()
10 SYSTEMPATH\Commands\Server\rewrite.php(47): require_once('C:\\laragon\\www\\documts_finalaaa\\public\\index.php')
CRITICAL - 2024-11-10 07:34:21 --> Undefined variable $incoming
in APPPATH\Views\dashboard\all_documents.php on line 71.
 1 APPPATH\Views\dashboard\all_documents.php(71): CodeIgniter\Debug\Exceptions->errorHandler(2, 'Undefined variable $incoming', 'C:\\laragon\\www\\documts_finalaaa\\app\\Views\\dashboard\\all_documents.php', 71)
 2 SYSTEMPATH\View\View.php(226): include('C:\\laragon\\www\\documts_finalaaa\\app\\Views\\dashboard\\all_documents.php')
 3 SYSTEMPATH\View\View.php(229): CodeIgniter\View\View->CodeIgniter\View\{closure}()
 4 SYSTEMPATH\Common.php(1188): CodeIgniter\View\View->render('dashboard/all_documents', [], true)
 5 APPPATH\Controllers\FileUploadController.php(370): view('dashboard/all_documents', [...])
 6 SYSTEMPATH\CodeIgniter.php(919): App\Controllers\FileUploadController->allDocuments()
 7 SYSTEMPATH\CodeIgniter.php(494): CodeIgniter\CodeIgniter->runController(Object(App\Controllers\FileUploadController))
 8 SYSTEMPATH\CodeIgniter.php(353): CodeIgniter\CodeIgniter->handleRequest(null, Object(Config\Cache), false)
 9 FCPATH\index.php(79): CodeIgniter\CodeIgniter->run()
10 SYSTEMPATH\Commands\Server\rewrite.php(47): require_once('C:\\laragon\\www\\documts_finalaaa\\public\\index.php')
CRITICAL - 2024-11-10 14:19:59 --> Undefined variable $active_tab
in APPPATH\Views\dashboard\incoming.php on line 30.
 1 APPPATH\Views\dashboard\incoming.php(30): CodeIgniter\Debug\Exceptions->errorHandler(2, 'Undefined variable $active_tab', 'C:\\laragon\\www\\documts_finalaaa\\app\\Views\\dashboard\\incoming.php', 30)
 2 SYSTEMPATH\View\View.php(226): include('C:\\laragon\\www\\documts_finalaaa\\app\\Views\\dashboard\\incoming.php')
 3 SYSTEMPATH\View\View.php(229): CodeIgniter\View\View->CodeIgniter\View\{closure}()
 4 SYSTEMPATH\Common.php(1188): CodeIgniter\View\View->render('dashboard/incoming', [], true)
 5 APPPATH\Controllers\FileUploadController.php(337): view('dashboard/incoming', [...])
 6 SYSTEMPATH\CodeIgniter.php(919): App\Controllers\FileUploadController->incoming()
 7 SYSTEMPATH\CodeIgniter.php(494): CodeIgniter\CodeIgniter->runController(Object(App\Controllers\FileUploadController))
 8 SYSTEMPATH\CodeIgniter.php(353): CodeIgniter\CodeIgniter->handleRequest(null, Object(Config\Cache), false)
 9 FCPATH\index.php(79): CodeIgniter\CodeIgniter->run()
10 SYSTEMPATH\Commands\Server\rewrite.php(47): require_once('C:\\laragon\\www\\documts_finalaaa\\public\\index.php')
CRITICAL - 2024-11-10 23:23:29 --> Undefined array key "sender_name"
in APPPATH\Views\dashboard\conversation_view.php on line 18.
 1 APPPATH\Views\dashboard\conversation_view.php(18): CodeIgniter\Debug\Exceptions->errorHandler(2, 'Undefined array key "sender_name"', 'C:\\laragon\\www\\documts_finalaaa\\app\\Views\\dashboard\\conversation_view.php', 18)
 2 SYSTEMPATH\View\View.php(226): include('C:\\laragon\\www\\documts_finalaaa\\app\\Views\\dashboard\\conversation_view.php')
 3 SYSTEMPATH\View\View.php(229): CodeIgniter\View\View->CodeIgniter\View\{closure}()
 4 SYSTEMPATH\Common.php(1188): CodeIgniter\View\View->render('dashboard/conversation_view', [], true)
 5 APPPATH\Controllers\FileUploadController.php(621): view('dashboard/conversation_view', [...])
 6 SYSTEMPATH\CodeIgniter.php(919): App\Controllers\FileUploadController->showConversations('55')
 7 SYSTEMPATH\CodeIgniter.php(494): CodeIgniter\CodeIgniter->runController(Object(App\Controllers\FileUploadController))
 8 SYSTEMPATH\CodeIgniter.php(353): CodeIgniter\CodeIgniter->handleRequest(null, Object(Config\Cache), false)
 9 FCPATH\index.php(79): CodeIgniter\CodeIgniter->run()
10 SYSTEMPATH\Commands\Server\rewrite.php(47): require_once('C:\\laragon\\www\\documts_finalaaa\\public\\index.php')
