CRITICAL - 2024-08-24 13:09:40 --> Undefined variable $qr_code
in APPPATH\Views\dashboard\compose.php on line 55.
 1 APPPATH\Views\dashboard\compose.php(55): CodeIgniter\Debug\Exceptions->errorHandler(2, 'Undefined variable $qr_code', 'C:\\laragon\\www\\documts_finalaaa\\app\\Views\\dashboard\\compose.php', 55)
 2 SYSTEMPATH\View\View.php(226): include('C:\\laragon\\www\\documts_finalaaa\\app\\Views\\dashboard\\compose.php')
 3 SYSTEMPATH\View\View.php(229): CodeIgniter\View\View->CodeIgniter\View\{closure}()
 4 SYSTEMPATH\Common.php(1188): CodeIgniter\View\View->render('dashboard/compose', [], true)
 5 APPPATH\Controllers\FileUploadController.php(154): view('dashboard/compose', [...])
 6 SYSTEMPATH\CodeIgniter.php(919): App\Controllers\FileUploadController->compose()
 7 SYSTEMPATH\CodeIgniter.php(494): CodeIgniter\CodeIgniter->runController(Object(App\Controllers\FileUploadController))
 8 SYSTEMPATH\CodeIgniter.php(353): CodeIgniter\CodeIgniter->handleRequest(null, Object(Config\Cache), false)
 9 FCPATH\index.php(79): CodeIgniter\CodeIgniter->run()
10 SYSTEMPATH\Commands\Server\rewrite.php(47): require_once('C:\\laragon\\www\\documts_finalaaa\\public\\index.php')
CRITICAL - 2024-08-24 13:34:32 --> Undefined variable $qr_code
in APPPATH\Views\dashboard\compose.php on line 55.
 1 APPPATH\Views\dashboard\compose.php(55): CodeIgniter\Debug\Exceptions->errorHandler(2, 'Undefined variable $qr_code', 'C:\\laragon\\www\\documts_finalaaa\\app\\Views\\dashboard\\compose.php', 55)
 2 SYSTEMPATH\View\View.php(226): include('C:\\laragon\\www\\documts_finalaaa\\app\\Views\\dashboard\\compose.php')
 3 SYSTEMPATH\View\View.php(229): CodeIgniter\View\View->CodeIgniter\View\{closure}()
 4 SYSTEMPATH\Common.php(1188): CodeIgniter\View\View->render('dashboard/compose', [], true)
 5 APPPATH\Controllers\FileUploadController.php(156): view('dashboard/compose', [...])
 6 SYSTEMPATH\CodeIgniter.php(919): App\Controllers\FileUploadController->compose()
 7 SYSTEMPATH\CodeIgniter.php(494): CodeIgniter\CodeIgniter->runController(Object(App\Controllers\FileUploadController))
 8 SYSTEMPATH\CodeIgniter.php(353): CodeIgniter\CodeIgniter->handleRequest(null, Object(Config\Cache), false)
 9 FCPATH\index.php(80): CodeIgniter\CodeIgniter->run()
10 SYSTEMPATH\Commands\Server\rewrite.php(47): require_once('C:\\laragon\\www\\documts_finalaaa\\public\\index.php')
CRITICAL - 2024-08-24 13:34:48 --> Undefined variable $qr_code
in APPPATH\Views\dashboard\compose.php on line 55.
 1 APPPATH\Views\dashboard\compose.php(55): CodeIgniter\Debug\Exceptions->errorHandler(2, 'Undefined variable $qr_code', 'C:\\laragon\\www\\documts_finalaaa\\app\\Views\\dashboard\\compose.php', 55)
 2 SYSTEMPATH\View\View.php(226): include('C:\\laragon\\www\\documts_finalaaa\\app\\Views\\dashboard\\compose.php')
 3 SYSTEMPATH\View\View.php(229): CodeIgniter\View\View->CodeIgniter\View\{closure}()
 4 SYSTEMPATH\Common.php(1188): CodeIgniter\View\View->render('dashboard/compose', [], true)
 5 APPPATH\Controllers\FileUploadController.php(156): view('dashboard/compose', [...])
 6 SYSTEMPATH\CodeIgniter.php(919): App\Controllers\FileUploadController->compose()
 7 SYSTEMPATH\CodeIgniter.php(494): CodeIgniter\CodeIgniter->runController(Object(App\Controllers\FileUploadController))
 8 SYSTEMPATH\CodeIgniter.php(353): CodeIgniter\CodeIgniter->handleRequest(null, Object(Config\Cache), false)
 9 FCPATH\index.php(80): CodeIgniter\CodeIgniter->run()
10 SYSTEMPATH\Commands\Server\rewrite.php(47): require_once('C:\\laragon\\www\\documts_finalaaa\\public\\index.php')
CRITICAL - 2024-08-24 13:57:43 --> Undefined variable $qr_code
in APPPATH\Views\dashboard\compose.php on line 55.
 1 APPPATH\Views\dashboard\compose.php(55): CodeIgniter\Debug\Exceptions->errorHandler(2, 'Undefined variable $qr_code', 'C:\\laragon\\www\\documts_finalaaa\\app\\Views\\dashboard\\compose.php', 55)
 2 SYSTEMPATH\View\View.php(226): include('C:\\laragon\\www\\documts_finalaaa\\app\\Views\\dashboard\\compose.php')
 3 SYSTEMPATH\View\View.php(229): CodeIgniter\View\View->CodeIgniter\View\{closure}()
 4 SYSTEMPATH\Common.php(1188): CodeIgniter\View\View->render('dashboard/compose', [], true)
 5 APPPATH\Controllers\FileUploadController.php(162): view('dashboard/compose', [...])
 6 SYSTEMPATH\CodeIgniter.php(919): App\Controllers\FileUploadController->compose()
 7 SYSTEMPATH\CodeIgniter.php(494): CodeIgniter\CodeIgniter->runController(Object(App\Controllers\FileUploadController))
 8 SYSTEMPATH\CodeIgniter.php(353): CodeIgniter\CodeIgniter->handleRequest(null, Object(Config\Cache), false)
 9 FCPATH\index.php(79): CodeIgniter\CodeIgniter->run()
10 SYSTEMPATH\Commands\Server\rewrite.php(47): require_once('C:\\laragon\\www\\documts_finalaaa\\public\\index.php')
CRITICAL - 2024-08-24 13:59:21 --> Undefined variable $qr_code
in APPPATH\Views\dashboard\compose.php on line 55.
 1 APPPATH\Views\dashboard\compose.php(55): CodeIgniter\Debug\Exceptions->errorHandler(2, 'Undefined variable $qr_code', 'C:\\laragon\\www\\documts_finalaaa\\app\\Views\\dashboard\\compose.php', 55)
 2 SYSTEMPATH\View\View.php(226): include('C:\\laragon\\www\\documts_finalaaa\\app\\Views\\dashboard\\compose.php')
 3 SYSTEMPATH\View\View.php(229): CodeIgniter\View\View->CodeIgniter\View\{closure}()
 4 SYSTEMPATH\Common.php(1188): CodeIgniter\View\View->render('dashboard/compose', [], true)
 5 APPPATH\Controllers\FileUploadController.php(162): view('dashboard/compose', [...])
 6 SYSTEMPATH\CodeIgniter.php(919): App\Controllers\FileUploadController->compose()
 7 SYSTEMPATH\CodeIgniter.php(494): CodeIgniter\CodeIgniter->runController(Object(App\Controllers\FileUploadController))
 8 SYSTEMPATH\CodeIgniter.php(353): CodeIgniter\CodeIgniter->handleRequest(null, Object(Config\Cache), false)
 9 FCPATH\index.php(79): CodeIgniter\CodeIgniter->run()
10 SYSTEMPATH\Commands\Server\rewrite.php(47): require_once('C:\\laragon\\www\\documts_finalaaa\\public\\index.php')
CRITICAL - 2024-08-24 14:08:19 --> Undefined variable $qr_code
in APPPATH\Views\dashboard\compose.php on line 55.
 1 APPPATH\Views\dashboard\compose.php(55): CodeIgniter\Debug\Exceptions->errorHandler(2, 'Undefined variable $qr_code', 'C:\\laragon\\www\\documts_finalaaa\\app\\Views\\dashboard\\compose.php', 55)
 2 SYSTEMPATH\View\View.php(226): include('C:\\laragon\\www\\documts_finalaaa\\app\\Views\\dashboard\\compose.php')
 3 SYSTEMPATH\View\View.php(229): CodeIgniter\View\View->CodeIgniter\View\{closure}()
 4 SYSTEMPATH\Common.php(1188): CodeIgniter\View\View->render('dashboard/compose', [], true)
 5 APPPATH\Controllers\FileUploadController.php(162): view('dashboard/compose', [...])
 6 SYSTEMPATH\CodeIgniter.php(919): App\Controllers\FileUploadController->compose()
 7 SYSTEMPATH\CodeIgniter.php(494): CodeIgniter\CodeIgniter->runController(Object(App\Controllers\FileUploadController))
 8 SYSTEMPATH\CodeIgniter.php(353): CodeIgniter\CodeIgniter->handleRequest(null, Object(Config\Cache), false)
 9 FCPATH\index.php(79): CodeIgniter\CodeIgniter->run()
10 SYSTEMPATH\Commands\Server\rewrite.php(47): require_once('C:\\laragon\\www\\documts_finalaaa\\public\\index.php')
CRITICAL - 2024-08-24 14:57:07 --> Undefined variable $qr_code
in APPPATH\Views\dashboard\compose.php on line 55.
 1 APPPATH\Views\dashboard\compose.php(55): CodeIgniter\Debug\Exceptions->errorHandler(2, 'Undefined variable $qr_code', 'C:\\laragon\\www\\documts_finalaaa\\app\\Views\\dashboard\\compose.php', 55)
 2 SYSTEMPATH\View\View.php(226): include('C:\\laragon\\www\\documts_finalaaa\\app\\Views\\dashboard\\compose.php')
 3 SYSTEMPATH\View\View.php(229): CodeIgniter\View\View->CodeIgniter\View\{closure}()
 4 SYSTEMPATH\Common.php(1188): CodeIgniter\View\View->render('dashboard/compose', [], true)
 5 APPPATH\Controllers\FileUploadController.php(169): view('dashboard/compose', [...])
 6 SYSTEMPATH\CodeIgniter.php(919): App\Controllers\FileUploadController->compose()
 7 SYSTEMPATH\CodeIgniter.php(494): CodeIgniter\CodeIgniter->runController(Object(App\Controllers\FileUploadController))
 8 SYSTEMPATH\CodeIgniter.php(353): CodeIgniter\CodeIgniter->handleRequest(null, Object(Config\Cache), false)
 9 FCPATH\index.php(79): CodeIgniter\CodeIgniter->run()
10 SYSTEMPATH\Commands\Server\rewrite.php(47): require_once('C:\\laragon\\www\\documts_finalaaa\\public\\index.php')
CRITICAL - 2024-08-24 15:09:55 --> Undefined variable $qr_code
in APPPATH\Views\dashboard\compose.php on line 55.
 1 APPPATH\Views\dashboard\compose.php(55): CodeIgniter\Debug\Exceptions->errorHandler(2, 'Undefined variable $qr_code', 'C:\\laragon\\www\\documts_finalaaa\\app\\Views\\dashboard\\compose.php', 55)
 2 SYSTEMPATH\View\View.php(226): include('C:\\laragon\\www\\documts_finalaaa\\app\\Views\\dashboard\\compose.php')
 3 SYSTEMPATH\View\View.php(229): CodeIgniter\View\View->CodeIgniter\View\{closure}()
 4 SYSTEMPATH\Common.php(1188): CodeIgniter\View\View->render('dashboard/compose', [], true)
 5 APPPATH\Controllers\FileUploadController.php(169): view('dashboard/compose', [...])
 6 SYSTEMPATH\CodeIgniter.php(919): App\Controllers\FileUploadController->compose()
 7 SYSTEMPATH\CodeIgniter.php(494): CodeIgniter\CodeIgniter->runController(Object(App\Controllers\FileUploadController))
 8 SYSTEMPATH\CodeIgniter.php(353): CodeIgniter\CodeIgniter->handleRequest(null, Object(Config\Cache), false)
 9 FCPATH\index.php(79): CodeIgniter\CodeIgniter->run()
10 SYSTEMPATH\Commands\Server\rewrite.php(47): require_once('C:\\laragon\\www\\documts_finalaaa\\public\\index.php')
