CRITICAL - 2024-11-08 22:27:23 --> Undefined variable $doc
in APPPATH\Views\dashboard\incoming.php on line 99.
 1 APPPATH\Views\dashboard\incoming.php(99): CodeIgniter\Debug\Exceptions->errorHandler(2, 'Undefined variable $doc', 'C:\\laragon\\www\\documts_finalaaa\\app\\Views\\dashboard\\incoming.php', 99)
 2 SYSTEMPATH\View\View.php(226): include('C:\\laragon\\www\\documts_finalaaa\\app\\Views\\dashboard\\incoming.php')
 3 SYSTEMPATH\View\View.php(229): CodeIgniter\View\View->CodeIgniter\View\{closure}()
 4 SYSTEMPATH\Common.php(1188): CodeIgniter\View\View->render('dashboard/incoming', [], true)
 5 APPPATH\Controllers\FileUploadController.php(354): view('dashboard/incoming', [...])
 6 SYSTEMPATH\CodeIgniter.php(919): App\Controllers\FileUploadController->incoming()
 7 SYSTEMPATH\CodeIgniter.php(494): CodeIgniter\CodeIgniter->runController(Object(App\Controllers\FileUploadController))
 8 SYSTEMPATH\CodeIgniter.php(353): CodeIgniter\CodeIgniter->handleRequest(null, Object(Config\Cache), false)
 9 FCPATH\index.php(79): CodeIgniter\CodeIgniter->run()
10 SYSTEMPATH\Commands\Server\rewrite.php(47): require_once('C:\\laragon\\www\\documts_finalaaa\\public\\index.php')
CRITICAL - 2024-11-08 22:48:18 --> Undefined variable $replies
in APPPATH\Views\dashboard\incoming_doc_view.php on line 174.
 1 APPPATH\Views\dashboard\incoming_doc_view.php(174): CodeIgniter\Debug\Exceptions->errorHandler(2, 'Undefined variable $replies', 'C:\\laragon\\www\\documts_finalaaa\\app\\Views\\dashboard\\incoming_doc_view.php', 174)
 2 SYSTEMPATH\View\View.php(226): include('C:\\laragon\\www\\documts_finalaaa\\app\\Views\\dashboard\\incoming_doc_view.php')
 3 SYSTEMPATH\View\View.php(229): CodeIgniter\View\View->CodeIgniter\View\{closure}()
 4 SYSTEMPATH\Common.php(1188): CodeIgniter\View\View->render('dashboard/incoming_doc_view', [], true)
 5 APPPATH\Controllers\FileUploadController.php(263): view('dashboard/incoming_doc_view', [...])
 6 SYSTEMPATH\CodeIgniter.php(919): App\Controllers\FileUploadController->incoming_doc_view('59')
 7 SYSTEMPATH\CodeIgniter.php(494): CodeIgniter\CodeIgniter->runController(Object(App\Controllers\FileUploadController))
 8 SYSTEMPATH\CodeIgniter.php(353): CodeIgniter\CodeIgniter->handleRequest(null, Object(Config\Cache), false)
 9 FCPATH\index.php(79): CodeIgniter\CodeIgniter->run()
10 SYSTEMPATH\Commands\Server\rewrite.php(47): require_once('C:\\laragon\\www\\documts_finalaaa\\public\\index.php')
ERROR - 2024-11-08 23:03:33 --> mysqli_sql_exception: Table 'documts_final.filereplies' doesn't exist in C:\laragon\www\documts_finalaaa\system\Database\MySQLi\Connection.php:306
Stack trace:
#0 C:\laragon\www\documts_finalaaa\system\Database\MySQLi\Connection.php(306): mysqli->query('SELECT *\nFROM `...', 0)
#1 C:\laragon\www\documts_finalaaa\system\Database\BaseConnection.php(692): CodeIgniter\Database\MySQLi\Connection->execute('SELECT *\nFROM `...')
#2 C:\laragon\www\documts_finalaaa\system\Database\BaseConnection.php(606): CodeIgniter\Database\BaseConnection->simpleQuery('SELECT *\nFROM `...')
#3 C:\laragon\www\documts_finalaaa\system\Database\BaseBuilder.php(1615): CodeIgniter\Database\BaseConnection->query('SELECT *\nFROM `...', Array, false)
#4 C:\laragon\www\documts_finalaaa\system\Model.php(237): CodeIgniter\Database\BaseBuilder->get()
#5 C:\laragon\www\documts_finalaaa\system\BaseModel.php(624): CodeIgniter\Model->doFindAll(0, 0)
#6 C:\laragon\www\documts_finalaaa\app\Models\FileReplyModel.php(36): CodeIgniter\BaseModel->findAll()
#7 C:\laragon\www\documts_finalaaa\app\Controllers\FileUploadController.php(265): App\Models\FileReplyModel->getRepliesByFile('55')
#8 C:\laragon\www\documts_finalaaa\system\CodeIgniter.php(919): App\Controllers\FileUploadController->incoming_doc_view('55')
#9 C:\laragon\www\documts_finalaaa\system\CodeIgniter.php(494): CodeIgniter\CodeIgniter->runController(Object(App\Controllers\FileUploadController))
#10 C:\laragon\www\documts_finalaaa\system\CodeIgniter.php(353): CodeIgniter\CodeIgniter->handleRequest(NULL, Object(Config\Cache), false)
#11 C:\laragon\www\documts_finalaaa\public\index.php(79): CodeIgniter\CodeIgniter->run()
#12 C:\laragon\www\documts_finalaaa\system\Commands\Server\rewrite.php(47): require_once('C:\\laragon\\www\\...')
#13 {main}
CRITICAL - 2024-11-08 23:03:33 --> Table 'documts_final.filereplies' doesn't exist
in SYSTEMPATH\Database\BaseConnection.php on line 646.
 1 SYSTEMPATH\Database\BaseBuilder.php(1615): CodeIgniter\Database\BaseConnection->query('SELECT *
FROM `filereplies`
WHERE `file_id` = :file_id:
ORDER BY `date_of_reply` DESC', [...], false)
 2 SYSTEMPATH\Model.php(237): CodeIgniter\Database\BaseBuilder->get()
 3 SYSTEMPATH\BaseModel.php(624): CodeIgniter\Model->doFindAll(0, 0)
 4 APPPATH\Models\FileReplyModel.php(36): CodeIgniter\BaseModel->findAll()
 5 APPPATH\Controllers\FileUploadController.php(265): App\Models\FileReplyModel->getRepliesByFile('55')
 6 SYSTEMPATH\CodeIgniter.php(919): App\Controllers\FileUploadController->incoming_doc_view('55')
 7 SYSTEMPATH\CodeIgniter.php(494): CodeIgniter\CodeIgniter->runController(Object(App\Controllers\FileUploadController))
 8 SYSTEMPATH\CodeIgniter.php(353): CodeIgniter\CodeIgniter->handleRequest(null, Object(Config\Cache), false)
 9 FCPATH\index.php(79): CodeIgniter\CodeIgniter->run()
10 SYSTEMPATH\Commands\Server\rewrite.php(47): require_once('C:\\laragon\\www\\documts_finalaaa\\public\\index.php')
