CRITICAL - 2024-08-20 04:47:01 --> Undefined variable $chartData
in APPPATH\Views\dashboard\maintenance.php on line 14.
 1 APPPATH\Views\dashboard\maintenance.php(14): CodeIgniter\Debug\Exceptions->errorHandler(2, 'Undefined variable $chartData', 'C:\\laragon\\www\\documts_finalaaa\\app\\Views\\dashboard\\maintenance.php', 14)
 2 SYSTEMPATH\View\View.php(226): include('C:\\laragon\\www\\documts_finalaaa\\app\\Views\\dashboard\\maintenance.php')
 3 SYSTEMPATH\View\View.php(229): CodeIgniter\View\View->CodeIgniter\View\{closure}()
 4 SYSTEMPATH\Common.php(1188): CodeIgniter\View\View->render('dashboard/maintenance', [], true)
 5 APPPATH\Controllers\Home.php(31): view('dashboard/maintenance')
 6 SYSTEMPATH\CodeIgniter.php(919): App\Controllers\Home->maintenance()
 7 SYSTEMPATH\CodeIgniter.php(494): CodeIgniter\CodeIgniter->runController(Object(App\Controllers\Home))
 8 SYSTEMPATH\CodeIgniter.php(353): CodeIgniter\CodeIgniter->handleRequest(null, Object(Config\Cache), false)
 9 FCPATH\index.php(79): CodeIgniter\CodeIgniter->run()
10 SYSTEMPATH\Commands\Server\rewrite.php(47): require_once('C:\\laragon\\www\\documts_finalaaa\\public\\index.php')
CRITICAL - 2024-08-20 04:47:06 --> Undefined variable $chartData
in APPPATH\Views\dashboard\maintenance.php on line 14.
 1 APPPATH\Views\dashboard\maintenance.php(14): CodeIgniter\Debug\Exceptions->errorHandler(2, 'Undefined variable $chartData', 'C:\\laragon\\www\\documts_finalaaa\\app\\Views\\dashboard\\maintenance.php', 14)
 2 SYSTEMPATH\View\View.php(226): include('C:\\laragon\\www\\documts_finalaaa\\app\\Views\\dashboard\\maintenance.php')
 3 SYSTEMPATH\View\View.php(229): CodeIgniter\View\View->CodeIgniter\View\{closure}()
 4 SYSTEMPATH\Common.php(1188): CodeIgniter\View\View->render('dashboard/maintenance', [], true)
 5 APPPATH\Controllers\Home.php(31): view('dashboard/maintenance')
 6 SYSTEMPATH\CodeIgniter.php(919): App\Controllers\Home->maintenance()
 7 SYSTEMPATH\CodeIgniter.php(494): CodeIgniter\CodeIgniter->runController(Object(App\Controllers\Home))
 8 SYSTEMPATH\CodeIgniter.php(353): CodeIgniter\CodeIgniter->handleRequest(null, Object(Config\Cache), false)
 9 FCPATH\index.php(79): CodeIgniter\CodeIgniter->run()
10 SYSTEMPATH\Commands\Server\rewrite.php(47): require_once('C:\\laragon\\www\\documts_finalaaa\\public\\index.php')
CRITICAL - 2024-08-20 04:47:50 --> Undefined variable $chartData
in APPPATH\Views\dashboard\maintenance.php on line 14.
 1 APPPATH\Views\dashboard\maintenance.php(14): CodeIgniter\Debug\Exceptions->errorHandler(2, 'Undefined variable $chartData', 'C:\\laragon\\www\\documts_finalaaa\\app\\Views\\dashboard\\maintenance.php', 14)
 2 SYSTEMPATH\View\View.php(226): include('C:\\laragon\\www\\documts_finalaaa\\app\\Views\\dashboard\\maintenance.php')
 3 SYSTEMPATH\View\View.php(229): CodeIgniter\View\View->CodeIgniter\View\{closure}()
 4 SYSTEMPATH\Common.php(1188): CodeIgniter\View\View->render('dashboard/maintenance', [], true)
 5 APPPATH\Controllers\Home.php(31): view('dashboard/maintenance')
 6 SYSTEMPATH\CodeIgniter.php(919): App\Controllers\Home->maintenance()
 7 SYSTEMPATH\CodeIgniter.php(494): CodeIgniter\CodeIgniter->runController(Object(App\Controllers\Home))
 8 SYSTEMPATH\CodeIgniter.php(353): CodeIgniter\CodeIgniter->handleRequest(null, Object(Config\Cache), false)
 9 FCPATH\index.php(79): CodeIgniter\CodeIgniter->run()
10 SYSTEMPATH\Commands\Server\rewrite.php(47): require_once('C:\\laragon\\www\\documts_finalaaa\\public\\index.php')
CRITICAL - 2024-08-20 04:48:38 --> Undefined variable $chartData
in APPPATH\Views\dashboard\maintenance.php on line 14.
 1 APPPATH\Views\dashboard\maintenance.php(14): CodeIgniter\Debug\Exceptions->errorHandler(2, 'Undefined variable $chartData', 'C:\\laragon\\www\\documts_finalaaa\\app\\Views\\dashboard\\maintenance.php', 14)
 2 SYSTEMPATH\View\View.php(226): include('C:\\laragon\\www\\documts_finalaaa\\app\\Views\\dashboard\\maintenance.php')
 3 SYSTEMPATH\View\View.php(229): CodeIgniter\View\View->CodeIgniter\View\{closure}()
 4 SYSTEMPATH\Common.php(1188): CodeIgniter\View\View->render('dashboard/maintenance', [], true)
 5 APPPATH\Controllers\Home.php(31): view('dashboard/maintenance')
 6 SYSTEMPATH\CodeIgniter.php(919): App\Controllers\Home->maintenance()
 7 SYSTEMPATH\CodeIgniter.php(494): CodeIgniter\CodeIgniter->runController(Object(App\Controllers\Home))
 8 SYSTEMPATH\CodeIgniter.php(353): CodeIgniter\CodeIgniter->handleRequest(null, Object(Config\Cache), false)
 9 FCPATH\index.php(79): CodeIgniter\CodeIgniter->run()
10 SYSTEMPATH\Commands\Server\rewrite.php(47): require_once('C:\\laragon\\www\\documts_finalaaa\\public\\index.php')
CRITICAL - 2024-08-20 06:57:05 --> Undefined variable $chartData
in APPPATH\Views\dashboard\maintenance.php on line 14.
 1 APPPATH\Views\dashboard\maintenance.php(14): CodeIgniter\Debug\Exceptions->errorHandler(2, 'Undefined variable $chartData', 'C:\\laragon\\www\\documts_finalaaa\\app\\Views\\dashboard\\maintenance.php', 14)
 2 SYSTEMPATH\View\View.php(226): include('C:\\laragon\\www\\documts_finalaaa\\app\\Views\\dashboard\\maintenance.php')
 3 SYSTEMPATH\View\View.php(229): CodeIgniter\View\View->CodeIgniter\View\{closure}()
 4 SYSTEMPATH\Common.php(1188): CodeIgniter\View\View->render('dashboard/maintenance', [], true)
 5 APPPATH\Controllers\Home.php(31): view('dashboard/maintenance')
 6 SYSTEMPATH\CodeIgniter.php(919): App\Controllers\Home->maintenance()
 7 SYSTEMPATH\CodeIgniter.php(494): CodeIgniter\CodeIgniter->runController(Object(App\Controllers\Home))
 8 SYSTEMPATH\CodeIgniter.php(353): CodeIgniter\CodeIgniter->handleRequest(null, Object(Config\Cache), false)
 9 FCPATH\index.php(79): CodeIgniter\CodeIgniter->run()
10 SYSTEMPATH\Commands\Server\rewrite.php(47): require_once('C:\\laragon\\www\\documts_finalaaa\\public\\index.php')
