CRITICAL - 2024-11-25 00:55:34 --> Undefined variable $barangays
in APPPATH\Views\dashboard\all_documents.php on line 21.
 1 APPPATH\Views\dashboard\all_documents.php(21): CodeIgniter\Debug\Exceptions->errorHandler(2, 'Undefined variable $barangays', 'C:\\laragon\\www\\documts_finalaaa\\app\\Views\\dashboard\\all_documents.php', 21)
 2 SYSTEMPATH\View\View.php(226): include('C:\\laragon\\www\\documts_finalaaa\\app\\Views\\dashboard\\all_documents.php')
 3 SYSTEMPATH\View\View.php(229): CodeIgniter\View\View->CodeIgniter\View\{closure}()
 4 SYSTEMPATH\Common.php(1188): CodeIgniter\View\View->render('dashboard/all_documents', [], true)
 5 APPPATH\Controllers\AllDocumentsController.php(65): view('dashboard/all_documents', [...])
 6 SYSTEMPATH\CodeIgniter.php(919): App\Controllers\AllDocumentsController->allDocuments()
 7 SYSTEMPATH\CodeIgniter.php(494): CodeIgniter\CodeIgniter->runController(Object(App\Controllers\AllDocumentsController))
 8 SYSTEMPATH\CodeIgniter.php(353): CodeIgniter\CodeIgniter->handleRequest(null, Object(Config\Cache), false)
 9 FCPATH\index.php(79): CodeIgniter\CodeIgniter->run()
10 SYSTEMPATH\Commands\Server\rewrite.php(47): require_once('C:\\laragon\\www\\documts_finalaaa\\public\\index.php')
CRITICAL - 2024-11-25 00:56:11 --> Undefined variable $barangays
in APPPATH\Views\dashboard\all_documents.php on line 21.
 1 APPPATH\Views\dashboard\all_documents.php(21): CodeIgniter\Debug\Exceptions->errorHandler(2, 'Undefined variable $barangays', 'C:\\laragon\\www\\documts_finalaaa\\app\\Views\\dashboard\\all_documents.php', 21)
 2 SYSTEMPATH\View\View.php(226): include('C:\\laragon\\www\\documts_finalaaa\\app\\Views\\dashboard\\all_documents.php')
 3 SYSTEMPATH\View\View.php(229): CodeIgniter\View\View->CodeIgniter\View\{closure}()
 4 SYSTEMPATH\Common.php(1188): CodeIgniter\View\View->render('dashboard/all_documents', [], true)
 5 APPPATH\Controllers\AllDocumentsController.php(65): view('dashboard/all_documents', [...])
 6 SYSTEMPATH\CodeIgniter.php(919): App\Controllers\AllDocumentsController->allDocuments()
 7 SYSTEMPATH\CodeIgniter.php(494): CodeIgniter\CodeIgniter->runController(Object(App\Controllers\AllDocumentsController))
 8 SYSTEMPATH\CodeIgniter.php(353): CodeIgniter\CodeIgniter->handleRequest(null, Object(Config\Cache), false)
 9 FCPATH\index.php(79): CodeIgniter\CodeIgniter->run()
10 SYSTEMPATH\Commands\Server\rewrite.php(47): require_once('C:\\laragon\\www\\documts_finalaaa\\public\\index.php')
CRITICAL - 2024-11-25 00:56:42 --> Undefined variable $request
in APPPATH\Views\dashboard\all_documents.php on line 36.
 1 APPPATH\Views\dashboard\all_documents.php(36): CodeIgniter\Debug\Exceptions->errorHandler(2, 'Undefined variable $request', 'C:\\laragon\\www\\documts_finalaaa\\app\\Views\\dashboard\\all_documents.php', 36)
 2 SYSTEMPATH\View\View.php(226): include('C:\\laragon\\www\\documts_finalaaa\\app\\Views\\dashboard\\all_documents.php')
 3 SYSTEMPATH\View\View.php(229): CodeIgniter\View\View->CodeIgniter\View\{closure}()
 4 SYSTEMPATH\Common.php(1188): CodeIgniter\View\View->render('dashboard/all_documents', [], true)
 5 APPPATH\Controllers\AllDocumentsController.php(65): view('dashboard/all_documents', [...])
 6 SYSTEMPATH\CodeIgniter.php(919): App\Controllers\AllDocumentsController->allDocuments()
 7 SYSTEMPATH\CodeIgniter.php(494): CodeIgniter\CodeIgniter->runController(Object(App\Controllers\AllDocumentsController))
 8 SYSTEMPATH\CodeIgniter.php(353): CodeIgniter\CodeIgniter->handleRequest(null, Object(Config\Cache), false)
 9 FCPATH\index.php(79): CodeIgniter\CodeIgniter->run()
10 SYSTEMPATH\Commands\Server\rewrite.php(47): require_once('C:\\laragon\\www\\documts_finalaaa\\public\\index.php')
CRITICAL - 2024-11-25 01:48:47 --> Undefined variable $barangays
in APPPATH\Views\dashboard\barangay_list.php on line 19.
 1 APPPATH\Views\dashboard\barangay_list.php(19): CodeIgniter\Debug\Exceptions->errorHandler(2, 'Undefined variable $barangays', 'C:\\laragon\\www\\documts_finalaaa\\app\\Views\\dashboard\\barangay_list.php', 19)
 2 SYSTEMPATH\View\View.php(226): include('C:\\laragon\\www\\documts_finalaaa\\app\\Views\\dashboard\\barangay_list.php')
 3 SYSTEMPATH\View\View.php(229): CodeIgniter\View\View->CodeIgniter\View\{closure}()
 4 SYSTEMPATH\Common.php(1188): CodeIgniter\View\View->render('dashboard/barangay_list', [], true)
 5 APPPATH\Controllers\AllDocumentsController.php(157): view('dashboard/barangay_list', [...])
 6 SYSTEMPATH\CodeIgniter.php(919): App\Controllers\AllDocumentsController->barangayList()
 7 SYSTEMPATH\CodeIgniter.php(494): CodeIgniter\CodeIgniter->runController(Object(App\Controllers\AllDocumentsController))
 8 SYSTEMPATH\CodeIgniter.php(353): CodeIgniter\CodeIgniter->handleRequest(null, Object(Config\Cache), false)
 9 FCPATH\index.php(79): CodeIgniter\CodeIgniter->run()
10 SYSTEMPATH\Commands\Server\rewrite.php(47): require_once('C:\\laragon\\www\\documts_finalaaa\\public\\index.php')
CRITICAL - 2024-11-25 21:40:02 --> Undefined array key "barangay"
in APPPATH\Controllers\FileUploadController.php on line 628.
 1 APPPATH\Controllers\FileUploadController.php(628): CodeIgniter\Debug\Exceptions->errorHandler(2, 'Undefined array key "barangay"', 'C:\\laragon\\www\\documts_finalaaa\\app\\Controllers\\FileUploadController.php', 628)
 2 SYSTEMPATH\CodeIgniter.php(919): App\Controllers\FileUploadController->archive('74')
 3 SYSTEMPATH\CodeIgniter.php(494): CodeIgniter\CodeIgniter->runController(Object(App\Controllers\FileUploadController))
 4 SYSTEMPATH\CodeIgniter.php(353): CodeIgniter\CodeIgniter->handleRequest(null, Object(Config\Cache), false)
 5 FCPATH\index.php(79): CodeIgniter\CodeIgniter->run()
 6 SYSTEMPATH\Commands\Server\rewrite.php(47): require_once('C:\\laragon\\www\\documts_finalaaa\\public\\index.php')
CRITICAL - 2024-11-25 21:40:30 --> Undefined array key "brgy"
in APPPATH\Controllers\FileUploadController.php on line 628.
 1 APPPATH\Controllers\FileUploadController.php(628): CodeIgniter\Debug\Exceptions->errorHandler(2, 'Undefined array key "brgy"', 'C:\\laragon\\www\\documts_finalaaa\\app\\Controllers\\FileUploadController.php', 628)
 2 SYSTEMPATH\CodeIgniter.php(919): App\Controllers\FileUploadController->archive('72')
 3 SYSTEMPATH\CodeIgniter.php(494): CodeIgniter\CodeIgniter->runController(Object(App\Controllers\FileUploadController))
 4 SYSTEMPATH\CodeIgniter.php(353): CodeIgniter\CodeIgniter->handleRequest(null, Object(Config\Cache), false)
 5 FCPATH\index.php(79): CodeIgniter\CodeIgniter->run()
 6 SYSTEMPATH\Commands\Server\rewrite.php(47): require_once('C:\\laragon\\www\\documts_finalaaa\\public\\index.php')
CRITICAL - 2024-11-25 21:43:00 --> Undefined array key "brgy"
in APPPATH\Controllers\AllDocumentsController.php on line 191.
 1 APPPATH\Controllers\AllDocumentsController.php(191): CodeIgniter\Debug\Exceptions->errorHandler(2, 'Undefined array key "brgy"', 'C:\\laragon\\www\\documts_finalaaa\\app\\Controllers\\AllDocumentsController.php', 191)
 2 SYSTEMPATH\CodeIgniter.php(919): App\Controllers\AllDocumentsController->archive('75')
 3 SYSTEMPATH\CodeIgniter.php(494): CodeIgniter\CodeIgniter->runController(Object(App\Controllers\AllDocumentsController))
 4 SYSTEMPATH\CodeIgniter.php(353): CodeIgniter\CodeIgniter->handleRequest(null, Object(Config\Cache), false)
 5 FCPATH\index.php(79): CodeIgniter\CodeIgniter->run()
 6 SYSTEMPATH\Commands\Server\rewrite.php(47): require_once('C:\\laragon\\www\\documts_finalaaa\\public\\index.php')
CRITICAL - 2024-11-25 21:47:24 --> Undefined array key "barangay"
in APPPATH\Controllers\AllDocumentsController.php on line 190.
 1 APPPATH\Controllers\AllDocumentsController.php(190): CodeIgniter\Debug\Exceptions->errorHandler(2, 'Undefined array key "barangay"', 'C:\\laragon\\www\\documts_finalaaa\\app\\Controllers\\AllDocumentsController.php', 190)
 2 SYSTEMPATH\CodeIgniter.php(919): App\Controllers\AllDocumentsController->archive('65')
 3 SYSTEMPATH\CodeIgniter.php(494): CodeIgniter\CodeIgniter->runController(Object(App\Controllers\AllDocumentsController))
 4 SYSTEMPATH\CodeIgniter.php(353): CodeIgniter\CodeIgniter->handleRequest(null, Object(Config\Cache), false)
 5 FCPATH\index.php(79): CodeIgniter\CodeIgniter->run()
 6 SYSTEMPATH\Commands\Server\rewrite.php(47): require_once('C:\\laragon\\www\\documts_finalaaa\\public\\index.php')
CRITICAL - 2024-11-25 22:13:22 --> Undefined variable $isLoggedIn
in APPPATH\Views\partials\navbar.php on line 43.
 1 APPPATH\Views\partials\navbar.php(43): CodeIgniter\Debug\Exceptions->errorHandler(2, 'Undefined variable $isLoggedIn', 'C:\\laragon\\www\\documts_finalaaa\\app\\Views\\partials\\navbar.php', 43)
 2 SYSTEMPATH\View\View.php(226): include('C:\\laragon\\www\\documts_finalaaa\\app\\Views\\partials\\navbar.php')
 3 SYSTEMPATH\View\View.php(229): CodeIgniter\View\View->CodeIgniter\View\{closure}()
 4 SYSTEMPATH\View\View.php(467): CodeIgniter\View\View->render('partials/navbar', null, true)
 5 APPPATH\Views\dashboard\reports.php(14): CodeIgniter\View\View->include('partials/navbar')
 6 SYSTEMPATH\View\View.php(226): include('C:\\laragon\\www\\documts_finalaaa\\app\\Views\\dashboard\\reports.php')
 7 SYSTEMPATH\View\View.php(229): CodeIgniter\View\View->CodeIgniter\View\{closure}()
 8 SYSTEMPATH\Common.php(1188): CodeIgniter\View\View->render('dashboard/reports', [], true)
 9 APPPATH\Controllers\GColumnChartController.php(24): view('dashboard/reports', [...])
10 SYSTEMPATH\CodeIgniter.php(919): App\Controllers\GColumnChartController->initChart()
11 SYSTEMPATH\CodeIgniter.php(494): CodeIgniter\CodeIgniter->runController(Object(App\Controllers\GColumnChartController))
12 SYSTEMPATH\CodeIgniter.php(353): CodeIgniter\CodeIgniter->handleRequest(null, Object(Config\Cache), false)
13 FCPATH\index.php(79): CodeIgniter\CodeIgniter->run()
14 SYSTEMPATH\Commands\Server\rewrite.php(47): require_once('C:\\laragon\\www\\documts_finalaaa\\public\\index.php')
CRITICAL - 2024-11-25 22:39:37 --> Undefined variable $pending_count
in APPPATH\Views\dashboard\dashboard.php on line 35.
 1 APPPATH\Views\dashboard\dashboard.php(35): CodeIgniter\Debug\Exceptions->errorHandler(2, 'Undefined variable $pending_count', 'C:\\laragon\\www\\documts_finalaaa\\app\\Views\\dashboard\\dashboard.php', 35)
 2 SYSTEMPATH\View\View.php(226): include('C:\\laragon\\www\\documts_finalaaa\\app\\Views\\dashboard\\dashboard.php')
 3 SYSTEMPATH\View\View.php(229): CodeIgniter\View\View->CodeIgniter\View\{closure}()
 4 SYSTEMPATH\Common.php(1188): CodeIgniter\View\View->render('dashboard/dashboard', [], true)
 5 APPPATH\Controllers\FileUploadController.php(387): view('dashboard/dashboard', [...])
 6 SYSTEMPATH\CodeIgniter.php(919): App\Controllers\FileUploadController->dashboard()
 7 SYSTEMPATH\CodeIgniter.php(494): CodeIgniter\CodeIgniter->runController(Object(App\Controllers\FileUploadController))
 8 SYSTEMPATH\CodeIgniter.php(353): CodeIgniter\CodeIgniter->handleRequest(null, Object(Config\Cache), false)
 9 FCPATH\index.php(79): CodeIgniter\CodeIgniter->run()
10 SYSTEMPATH\Commands\Server\rewrite.php(47): require_once('C:\\laragon\\www\\documts_finalaaa\\public\\index.php')
