CRITICAL - 2024-04-03 01:28:52 --> Call to undefined function display_error()
in APPPATH\Views\auth\register.php on line 27.
 1 SYSTEMPATH\View\View.php(226): include()
 2 SYSTEMPATH\View\View.php(229): CodeIgniter\View\View->CodeIgniter\View\{closure}()
 3 SYSTEMPATH\Common.php(1188): CodeIgniter\View\View->render('auth/register', [], true)
 4 APPPATH\Controllers\RegisterController.php(73): view('auth/register', [...])
 5 SYSTEMPATH\CodeIgniter.php(919): App\Controllers\RegisterController->index()
 6 SYSTEMPATH\CodeIgniter.php(494): CodeIgniter\CodeIgniter->runController(Object(App\Controllers\RegisterController))
 7 SYSTEMPATH\CodeIgniter.php(353): CodeIgniter\CodeIgniter->handleRequest(null, Object(Config\Cache), false)
 8 FCPATH\index.php(79): CodeIgniter\CodeIgniter->run()
 9 SYSTEMPATH\Commands\Server\rewrite.php(47): require_once('C:\\laragon\\www\\documts_finalaaa\\public\\index.php')
CRITICAL - 2024-04-03 01:29:18 --> Call to undefined function display_error()
in APPPATH\Views\auth\register.php on line 27.
 1 SYSTEMPATH\View\View.php(226): include()
 2 SYSTEMPATH\View\View.php(229): CodeIgniter\View\View->CodeIgniter\View\{closure}()
 3 SYSTEMPATH\Common.php(1188): CodeIgniter\View\View->render('auth/register', [], true)
 4 APPPATH\Controllers\RegisterController.php(73): view('auth/register', [...])
 5 SYSTEMPATH\CodeIgniter.php(919): App\Controllers\RegisterController->index()
 6 SYSTEMPATH\CodeIgniter.php(494): CodeIgniter\CodeIgniter->runController(Object(App\Controllers\RegisterController))
 7 SYSTEMPATH\CodeIgniter.php(353): CodeIgniter\CodeIgniter->handleRequest(null, Object(Config\Cache), false)
 8 FCPATH\index.php(79): CodeIgniter\CodeIgniter->run()
 9 SYSTEMPATH\Commands\Server\rewrite.php(47): require_once('C:\\laragon\\www\\documts_finalaaa\\public\\index.php')
CRITICAL - 2024-04-03 01:29:25 --> Call to undefined function display_error()
in APPPATH\Views\auth\register.php on line 27.
 1 SYSTEMPATH\View\View.php(226): include()
 2 SYSTEMPATH\View\View.php(229): CodeIgniter\View\View->CodeIgniter\View\{closure}()
 3 SYSTEMPATH\Common.php(1188): CodeIgniter\View\View->render('auth/register', [], true)
 4 APPPATH\Controllers\RegisterController.php(73): view('auth/register', [...])
 5 SYSTEMPATH\CodeIgniter.php(919): App\Controllers\RegisterController->index()
 6 SYSTEMPATH\CodeIgniter.php(494): CodeIgniter\CodeIgniter->runController(Object(App\Controllers\RegisterController))
 7 SYSTEMPATH\CodeIgniter.php(353): CodeIgniter\CodeIgniter->handleRequest(null, Object(Config\Cache), false)
 8 FCPATH\index.php(79): CodeIgniter\CodeIgniter->run()
 9 SYSTEMPATH\Commands\Server\rewrite.php(47): require_once('C:\\laragon\\www\\documts_finalaaa\\public\\index.php')
CRITICAL - 2024-04-03 01:29:29 --> Call to undefined function display_error()
in APPPATH\Views\auth\register.php on line 27.
 1 SYSTEMPATH\View\View.php(226): include()
 2 SYSTEMPATH\View\View.php(229): CodeIgniter\View\View->CodeIgniter\View\{closure}()
 3 SYSTEMPATH\Common.php(1188): CodeIgniter\View\View->render('auth/register', [], true)
 4 APPPATH\Controllers\RegisterController.php(73): view('auth/register', [...])
 5 SYSTEMPATH\CodeIgniter.php(919): App\Controllers\RegisterController->index()
 6 SYSTEMPATH\CodeIgniter.php(494): CodeIgniter\CodeIgniter->runController(Object(App\Controllers\RegisterController))
 7 SYSTEMPATH\CodeIgniter.php(353): CodeIgniter\CodeIgniter->handleRequest(null, Object(Config\Cache), false)
 8 FCPATH\index.php(79): CodeIgniter\CodeIgniter->run()
 9 SYSTEMPATH\Commands\Server\rewrite.php(47): require_once('C:\\laragon\\www\\documts_finalaaa\\public\\index.php')
CRITICAL - 2024-04-03 01:30:19 --> Call to undefined function display_error()
in APPPATH\Views\auth\register.php on line 27.
 1 SYSTEMPATH\View\View.php(226): include()
 2 SYSTEMPATH\View\View.php(229): CodeIgniter\View\View->CodeIgniter\View\{closure}()
 3 SYSTEMPATH\Common.php(1188): CodeIgniter\View\View->render('auth/register', [], true)
 4 APPPATH\Controllers\RegisterController.php(73): view('auth/register', [...])
 5 SYSTEMPATH\CodeIgniter.php(919): App\Controllers\RegisterController->index()
 6 SYSTEMPATH\CodeIgniter.php(494): CodeIgniter\CodeIgniter->runController(Object(App\Controllers\RegisterController))
 7 SYSTEMPATH\CodeIgniter.php(353): CodeIgniter\CodeIgniter->handleRequest(null, Object(Config\Cache), false)
 8 FCPATH\index.php(79): CodeIgniter\CodeIgniter->run()
 9 SYSTEMPATH\Commands\Server\rewrite.php(47): require_once('C:\\laragon\\www\\documts_finalaaa\\public\\index.php')
CRITICAL - 2024-04-03 01:30:27 --> Undefined variable $page_session
in APPPATH\Views\auth\register.php on line 20.
 1 APPPATH\Views\auth\register.php(20): CodeIgniter\Debug\Exceptions->errorHandler(2, 'Undefined variable $page_session', 'C:\\laragon\\www\\documts_finalaaa\\app\\Views\\auth\\register.php', 20)
 2 SYSTEMPATH\View\View.php(226): include('C:\\laragon\\www\\documts_finalaaa\\app\\Views\\auth\\register.php')
 3 SYSTEMPATH\View\View.php(229): CodeIgniter\View\View->CodeIgniter\View\{closure}()
 4 SYSTEMPATH\Common.php(1188): CodeIgniter\View\View->render('auth/register', [], true)
 5 APPPATH\Controllers\RegisterController.php(73): view('auth/register', [...])
 6 SYSTEMPATH\CodeIgniter.php(919): App\Controllers\RegisterController->index()
 7 SYSTEMPATH\CodeIgniter.php(494): CodeIgniter\CodeIgniter->runController(Object(App\Controllers\RegisterController))
 8 SYSTEMPATH\CodeIgniter.php(353): CodeIgniter\CodeIgniter->handleRequest(null, Object(Config\Cache), false)
 9 FCPATH\index.php(79): CodeIgniter\CodeIgniter->run()
10 SYSTEMPATH\Commands\Server\rewrite.php(47): require_once('C:\\laragon\\www\\documts_finalaaa\\public\\index.php')
CRITICAL - 2024-04-03 01:30:48 --> Call to undefined function display_error()
in APPPATH\Views\auth\register.php on line 36.
 1 SYSTEMPATH\View\View.php(226): include()
 2 SYSTEMPATH\View\View.php(229): CodeIgniter\View\View->CodeIgniter\View\{closure}()
 3 SYSTEMPATH\Common.php(1188): CodeIgniter\View\View->render('auth/register', [], true)
 4 APPPATH\Controllers\RegisterController.php(73): view('auth/register', [...])
 5 SYSTEMPATH\CodeIgniter.php(919): App\Controllers\RegisterController->index()
 6 SYSTEMPATH\CodeIgniter.php(494): CodeIgniter\CodeIgniter->runController(Object(App\Controllers\RegisterController))
 7 SYSTEMPATH\CodeIgniter.php(353): CodeIgniter\CodeIgniter->handleRequest(null, Object(Config\Cache), false)
 8 FCPATH\index.php(79): CodeIgniter\CodeIgniter->run()
 9 SYSTEMPATH\Commands\Server\rewrite.php(47): require_once('C:\\laragon\\www\\documts_finalaaa\\public\\index.php')
ERROR - 2024-04-03 01:59:49 --> Email: sendWithSmtp throwed ErrorException: fsockopen(): SSL operation failed with code 1. OpenSSL Error messages:
error:1416F086:SSL routines:tls_process_server_certificate:certificate verify failed in C:\laragon\www\documts_finalaaa\system\Email\Email.php:1888
Stack trace:
#0 [internal function]: CodeIgniter\Debug\Exceptions->errorHandler(2, 'fsockopen(): SS...', 'C:\\laragon\\www\\...', 1888)
#1 C:\laragon\www\documts_finalaaa\system\Email\Email.php(1888): fsockopen('ssl://smtp.gmai...', 465, NULL, NULL, 5)
#2 C:\laragon\www\documts_finalaaa\system\Email\Email.php(1796): CodeIgniter\Email\Email->SMTPConnect()
#3 C:\laragon\www\documts_finalaaa\system\Email\Email.php(1681): CodeIgniter\Email\Email->sendWithSmtp()
#4 C:\laragon\www\documts_finalaaa\system\Email\Email.php(1575): CodeIgniter\Email\Email->spoolEmail()
#5 C:\laragon\www\documts_finalaaa\app\Controllers\RegisterController.php(54): CodeIgniter\Email\Email->send()
#6 C:\laragon\www\documts_finalaaa\system\CodeIgniter.php(919): App\Controllers\RegisterController->index()
#7 C:\laragon\www\documts_finalaaa\system\CodeIgniter.php(494): CodeIgniter\CodeIgniter->runController(Object(App\Controllers\RegisterController))
#8 C:\laragon\www\documts_finalaaa\system\CodeIgniter.php(353): CodeIgniter\CodeIgniter->handleRequest(NULL, Object(Config\Cache), false)
#9 C:\laragon\www\documts_finalaaa\public\index.php(79): CodeIgniter\CodeIgniter->run()
#10 C:\laragon\www\documts_finalaaa\system\Commands\Server\rewrite.php(47): require_once('C:\\laragon\\www\\...')
#11 {main}
ERROR - 2024-04-03 01:59:49 --> Email: Unable to send email using SMTP. Your server might not be configured to send mail using this method.
ERROR - 2024-04-03 01:59:49 --> 
CRITICAL - 2024-04-03 02:02:56 --> Invalid file: "auth/activate_view.php"
in SYSTEMPATH\Exceptions\FrameworkException.php on line 39.
 1 SYSTEMPATH\View\View.php(214): CodeIgniter\Exceptions\FrameworkException::forInvalidFile('auth/activate_view.php')
 2 SYSTEMPATH\Common.php(1188): CodeIgniter\View\View->render('auth/activate_view', [], true)
 3 APPPATH\Controllers\RegisterController.php(106): view('auth/activate_view', [...])
 4 SYSTEMPATH\CodeIgniter.php(919): App\Controllers\RegisterController->activate('000a27d56a7d4060c2e9436024f6536e')
 5 SYSTEMPATH\CodeIgniter.php(494): CodeIgniter\CodeIgniter->runController(Object(App\Controllers\RegisterController))
 6 SYSTEMPATH\CodeIgniter.php(353): CodeIgniter\CodeIgniter->handleRequest(null, Object(Config\Cache), false)
 7 FCPATH\index.php(79): CodeIgniter\CodeIgniter->run()
 8 SYSTEMPATH\Commands\Server\rewrite.php(47): require_once('C:\\laragon\\www\\documts_finalaaa\\public\\index.php')
