CRITICAL - 2024-09-01 13:18:01 --> Undefined variable $attachment
in APPPATH\Views\dashboard\doc_view.php on line 88.
 1 APPPATH\Views\dashboard\doc_view.php(88): CodeIgniter\Debug\Exceptions->errorHandler(2, 'Undefined variable $attachment', 'C:\\laragon\\www\\documts_finalaaa\\app\\Views\\dashboard\\doc_view.php', 88)
 2 SYSTEMPATH\View\View.php(226): include('C:\\laragon\\www\\documts_finalaaa\\app\\Views\\dashboard\\doc_view.php')
 3 SYSTEMPATH\View\View.php(229): CodeIgniter\View\View->CodeIgniter\View\{closure}()
 4 SYSTEMPATH\Common.php(1188): CodeIgniter\View\View->render('dashboard/doc_view', [], true)
 5 APPPATH\Controllers\FileUploadController.php(190): view('dashboard/doc_view', [...])
 6 SYSTEMPATH\CodeIgniter.php(919): App\Controllers\FileUploadController->doc_view('38')
 7 SYSTEMPATH\CodeIgniter.php(494): CodeIgniter\CodeIgniter->runController(Object(App\Controllers\FileUploadController))
 8 SYSTEMPATH\CodeIgniter.php(353): CodeIgniter\CodeIgniter->handleRequest(null, Object(Config\Cache), false)
 9 FCPATH\index.php(79): CodeIgniter\CodeIgniter->run()
10 SYSTEMPATH\Commands\Server\rewrite.php(47): require_once('C:\\laragon\\www\\documts_finalaaa\\public\\index.php')
CRITICAL - 2024-09-01 13:18:42 --> Undefined variable $file
in APPPATH\Views\dashboard\doc_view.php on line 88.
 1 APPPATH\Views\dashboard\doc_view.php(88): CodeIgniter\Debug\Exceptions->errorHandler(2, 'Undefined variable $file', 'C:\\laragon\\www\\documts_finalaaa\\app\\Views\\dashboard\\doc_view.php', 88)
 2 SYSTEMPATH\View\View.php(226): include('C:\\laragon\\www\\documts_finalaaa\\app\\Views\\dashboard\\doc_view.php')
 3 SYSTEMPATH\View\View.php(229): CodeIgniter\View\View->CodeIgniter\View\{closure}()
 4 SYSTEMPATH\Common.php(1188): CodeIgniter\View\View->render('dashboard/doc_view', [], true)
 5 APPPATH\Controllers\FileUploadController.php(190): view('dashboard/doc_view', [...])
 6 SYSTEMPATH\CodeIgniter.php(919): App\Controllers\FileUploadController->doc_view('38')
 7 SYSTEMPATH\CodeIgniter.php(494): CodeIgniter\CodeIgniter->runController(Object(App\Controllers\FileUploadController))
 8 SYSTEMPATH\CodeIgniter.php(353): CodeIgniter\CodeIgniter->handleRequest(null, Object(Config\Cache), false)
 9 FCPATH\index.php(79): CodeIgniter\CodeIgniter->run()
10 SYSTEMPATH\Commands\Server\rewrite.php(47): require_once('C:\\laragon\\www\\documts_finalaaa\\public\\index.php')
CRITICAL - 2024-09-01 13:25:52 --> Undefined array key "qr_code_url"
in APPPATH\Views\dashboard\doc_view.php on line 96.
 1 APPPATH\Views\dashboard\doc_view.php(96): CodeIgniter\Debug\Exceptions->errorHandler(2, 'Undefined array key "qr_code_url"', 'C:\\laragon\\www\\documts_finalaaa\\app\\Views\\dashboard\\doc_view.php', 96)
 2 SYSTEMPATH\View\View.php(226): include('C:\\laragon\\www\\documts_finalaaa\\app\\Views\\dashboard\\doc_view.php')
 3 SYSTEMPATH\View\View.php(229): CodeIgniter\View\View->CodeIgniter\View\{closure}()
 4 SYSTEMPATH\Common.php(1188): CodeIgniter\View\View->render('dashboard/doc_view', [], true)
 5 APPPATH\Controllers\FileUploadController.php(190): view('dashboard/doc_view', [...])
 6 SYSTEMPATH\CodeIgniter.php(919): App\Controllers\FileUploadController->doc_view('38')
 7 SYSTEMPATH\CodeIgniter.php(494): CodeIgniter\CodeIgniter->runController(Object(App\Controllers\FileUploadController))
 8 SYSTEMPATH\CodeIgniter.php(353): CodeIgniter\CodeIgniter->handleRequest(null, Object(Config\Cache), false)
 9 FCPATH\index.php(79): CodeIgniter\CodeIgniter->run()
10 SYSTEMPATH\Commands\Server\rewrite.php(47): require_once('C:\\laragon\\www\\documts_finalaaa\\public\\index.php')
CRITICAL - 2024-09-01 13:47:05 --> Undefined array key "brgy"
in APPPATH\Views\dashboard\doc_view.php on line 38.
 1 APPPATH\Views\dashboard\doc_view.php(38): CodeIgniter\Debug\Exceptions->errorHandler(2, 'Undefined array key "brgy"', 'C:\\laragon\\www\\documts_finalaaa\\app\\Views\\dashboard\\doc_view.php', 38)
 2 SYSTEMPATH\View\View.php(226): include('C:\\laragon\\www\\documts_finalaaa\\app\\Views\\dashboard\\doc_view.php')
 3 SYSTEMPATH\View\View.php(229): CodeIgniter\View\View->CodeIgniter\View\{closure}()
 4 SYSTEMPATH\Common.php(1188): CodeIgniter\View\View->render('dashboard/doc_view', [], true)
 5 APPPATH\Controllers\FileUploadController.php(190): view('dashboard/doc_view', [...])
 6 SYSTEMPATH\CodeIgniter.php(919): App\Controllers\FileUploadController->doc_view('38')
 7 SYSTEMPATH\CodeIgniter.php(494): CodeIgniter\CodeIgniter->runController(Object(App\Controllers\FileUploadController))
 8 SYSTEMPATH\CodeIgniter.php(353): CodeIgniter\CodeIgniter->handleRequest(null, Object(Config\Cache), false)
 9 FCPATH\index.php(79): CodeIgniter\CodeIgniter->run()
10 SYSTEMPATH\Commands\Server\rewrite.php(47): require_once('C:\\laragon\\www\\documts_finalaaa\\public\\index.php')
CRITICAL - 2024-09-01 13:55:58 --> "unique" is not a valid rule.
in SYSTEMPATH\Validation\Validation.php on line 317.
 1 SYSTEMPATH\Validation\Validation.php(317): CodeIgniter\Validation\Exceptions\ValidationException::forRuleNotFound('unique')
 2 SYSTEMPATH\Validation\Validation.php(195): CodeIgniter\Validation\Validation->processRules('doc_code', 'doc_code', '1', [...], [...])
 3 APPPATH\Controllers\FileUploadController.php(78): CodeIgniter\Validation\Validation->run()
 4 SYSTEMPATH\CodeIgniter.php(919): App\Controllers\FileUploadController->upload()
 5 SYSTEMPATH\CodeIgniter.php(494): CodeIgniter\CodeIgniter->runController(Object(App\Controllers\FileUploadController))
 6 SYSTEMPATH\CodeIgniter.php(353): CodeIgniter\CodeIgniter->handleRequest(null, Object(Config\Cache), false)
 7 FCPATH\index.php(79): CodeIgniter\CodeIgniter->run()
 8 SYSTEMPATH\Commands\Server\rewrite.php(47): require_once('C:\\laragon\\www\\documts_finalaaa\\public\\index.php')
