CRITICAL - 2024-09-30 03:08:12 --> Undefined variable $chartData
in APPPATH\Views\dashboard\dashboard.php on line 146.
 1 APPPATH\Views\dashboard\dashboard.php(146): CodeIgniter\Debug\Exceptions->errorHandler(2, 'Undefined variable $chartData', 'C:\\laragon\\www\\documts_finalaaa\\app\\Views\\dashboard\\dashboard.php', 146)
 2 SYSTEMPATH\View\View.php(226): include('C:\\laragon\\www\\documts_finalaaa\\app\\Views\\dashboard\\dashboard.php')
 3 SYSTEMPATH\View\View.php(229): CodeIgniter\View\View->CodeIgniter\View\{closure}()
 4 SYSTEMPATH\Common.php(1188): CodeIgniter\View\View->render('dashboard/dashboard', [], true)
 5 APPPATH\Controllers\FileUploadController.php(333): view('dashboard/dashboard', [...])
 6 SYSTEMPATH\CodeIgniter.php(919): App\Controllers\FileUploadController->dashboard()
 7 SYSTEMPATH\CodeIgniter.php(494): CodeIgniter\CodeIgniter->runController(Object(App\Controllers\FileUploadController))
 8 SYSTEMPATH\CodeIgniter.php(353): CodeIgniter\CodeIgniter->handleRequest(null, Object(Config\Cache), false)
 9 FCPATH\index.php(79): CodeIgniter\CodeIgniter->run()
10 SYSTEMPATH\Commands\Server\rewrite.php(47): require_once('C:\\laragon\\www\\documts_finalaaa\\public\\index.php')
CRITICAL - 2024-09-30 03:09:53 --> Undefined variable $chartData
in APPPATH\Views\dashboard\maintenance.php on line 54.
 1 APPPATH\Views\dashboard\maintenance.php(54): CodeIgniter\Debug\Exceptions->errorHandler(2, 'Undefined variable $chartData', 'C:\\laragon\\www\\documts_finalaaa\\app\\Views\\dashboard\\maintenance.php', 54)
 2 SYSTEMPATH\View\View.php(226): include('C:\\laragon\\www\\documts_finalaaa\\app\\Views\\dashboard\\maintenance.php')
 3 SYSTEMPATH\View\View.php(229): CodeIgniter\View\View->CodeIgniter\View\{closure}()
 4 SYSTEMPATH\View\View.php(467): CodeIgniter\View\View->render('dashboard/maintenance', null, true)
 5 APPPATH\Views\dashboard\dashboard.php(63): CodeIgniter\View\View->include('dashboard/maintenance')
 6 SYSTEMPATH\View\View.php(226): include('C:\\laragon\\www\\documts_finalaaa\\app\\Views\\dashboard\\dashboard.php')
 7 SYSTEMPATH\View\View.php(229): CodeIgniter\View\View->CodeIgniter\View\{closure}()
 8 SYSTEMPATH\Common.php(1188): CodeIgniter\View\View->render('dashboard/dashboard', [], true)
 9 APPPATH\Controllers\FileUploadController.php(333): view('dashboard/dashboard', [...])
10 SYSTEMPATH\CodeIgniter.php(919): App\Controllers\FileUploadController->dashboard()
11 SYSTEMPATH\CodeIgniter.php(494): CodeIgniter\CodeIgniter->runController(Object(App\Controllers\FileUploadController))
12 SYSTEMPATH\CodeIgniter.php(353): CodeIgniter\CodeIgniter->handleRequest(null, Object(Config\Cache), false)
13 FCPATH\index.php(79): CodeIgniter\CodeIgniter->run()
14 SYSTEMPATH\Commands\Server\rewrite.php(47): require_once('C:\\laragon\\www\\documts_finalaaa\\public\\index.php')
CRITICAL - 2024-09-30 03:11:04 --> Undefined variable $chartData
in APPPATH\Views\partials\charts.php on line 27.
 1 APPPATH\Views\partials\charts.php(27): CodeIgniter\Debug\Exceptions->errorHandler(2, 'Undefined variable $chartData', 'C:\\laragon\\www\\documts_finalaaa\\app\\Views\\partials\\charts.php', 27)
 2 SYSTEMPATH\View\View.php(226): include('C:\\laragon\\www\\documts_finalaaa\\app\\Views\\partials\\charts.php')
 3 SYSTEMPATH\View\View.php(229): CodeIgniter\View\View->CodeIgniter\View\{closure}()
 4 SYSTEMPATH\View\View.php(467): CodeIgniter\View\View->render('partials/charts', null, true)
 5 APPPATH\Views\dashboard\dashboard.php(63): CodeIgniter\View\View->include('partials/charts')
 6 SYSTEMPATH\View\View.php(226): include('C:\\laragon\\www\\documts_finalaaa\\app\\Views\\dashboard\\dashboard.php')
 7 SYSTEMPATH\View\View.php(229): CodeIgniter\View\View->CodeIgniter\View\{closure}()
 8 SYSTEMPATH\Common.php(1188): CodeIgniter\View\View->render('dashboard/dashboard', [], true)
 9 APPPATH\Controllers\FileUploadController.php(333): view('dashboard/dashboard', [...])
10 SYSTEMPATH\CodeIgniter.php(919): App\Controllers\FileUploadController->dashboard()
11 SYSTEMPATH\CodeIgniter.php(494): CodeIgniter\CodeIgniter->runController(Object(App\Controllers\FileUploadController))
12 SYSTEMPATH\CodeIgniter.php(353): CodeIgniter\CodeIgniter->handleRequest(null, Object(Config\Cache), false)
13 FCPATH\index.php(79): CodeIgniter\CodeIgniter->run()
14 SYSTEMPATH\Commands\Server\rewrite.php(47): require_once('C:\\laragon\\www\\documts_finalaaa\\public\\index.php')
