ERROR - 2024-05-12 02:12:07 --> mysqli_sql_exception: Unknown column 'barangay_name' in 'field list' in C:\laragon\www\documts_finalaaa\system\Database\MySQLi\Connection.php:306
Stack trace:
#0 C:\laragon\www\documts_finalaaa\system\Database\MySQLi\Connection.php(306): mysqli->query('SELECT `baranga...', 0)
#1 C:\laragon\www\documts_finalaaa\system\Database\BaseConnection.php(692): CodeIgniter\Database\MySQLi\Connection->execute('SELECT `baranga...')
#2 C:\laragon\www\documts_finalaaa\system\Database\BaseConnection.php(606): CodeIgniter\Database\BaseConnection->simpleQuery('SELECT `baranga...')
#3 C:\laragon\www\documts_finalaaa\system\Database\BaseBuilder.php(1615): CodeIgniter\Database\BaseConnection->query('SELECT `baranga...', Array, false)
#4 C:\laragon\www\documts_finalaaa\app\Controllers\GColumnChartController.php(20): CodeIgniter\Database\BaseBuilder->get()
#5 C:\laragon\www\documts_finalaaa\system\CodeIgniter.php(919): App\Controllers\GColumnChartController->initChart()
#6 C:\laragon\www\documts_finalaaa\system\CodeIgniter.php(494): CodeIgniter\CodeIgniter->runController(Object(App\Controllers\GColumnChartController))
#7 C:\laragon\www\documts_finalaaa\system\CodeIgniter.php(353): CodeIgniter\CodeIgniter->handleRequest(NULL, Object(Config\Cache), false)
#8 C:\laragon\www\documts_finalaaa\public\index.php(79): CodeIgniter\CodeIgniter->run()
#9 C:\laragon\www\documts_finalaaa\system\Commands\Server\rewrite.php(47): require_once('C:\\laragon\\www\\...')
#10 {main}
CRITICAL - 2024-05-12 02:12:07 --> Unknown column 'barangay_name' in 'field list'
in SYSTEMPATH\Database\BaseConnection.php on line 646.
 1 SYSTEMPATH\Database\BaseBuilder.php(1615): CodeIgniter\Database\BaseConnection->query('SELECT `barangay_name` as `s`, DATE_FORMAT(date_of_letter, \'%m-%d-%Y\') as date_formatted
FROM `filess`
WHERE DATE_FORMAT(date_of_letter, \'%m-%d-%Y\') GROUP BY DATE_FORMAT(date_of_letter, \'%m-%d-%Y\'), s', [], false)
 2 APPPATH\Controllers\GColumnChartController.php(20): CodeIgniter\Database\BaseBuilder->get()
 3 SYSTEMPATH\CodeIgniter.php(919): App\Controllers\GColumnChartController->initChart()
 4 SYSTEMPATH\CodeIgniter.php(494): CodeIgniter\CodeIgniter->runController(Object(App\Controllers\GColumnChartController))
 5 SYSTEMPATH\CodeIgniter.php(353): CodeIgniter\CodeIgniter->handleRequest(null, Object(Config\Cache), false)
 6 FCPATH\index.php(79): CodeIgniter\CodeIgniter->run()
 7 SYSTEMPATH\Commands\Server\rewrite.php(47): require_once('C:\\laragon\\www\\documts_finalaaa\\public\\index.php')
CRITICAL - 2024-05-12 02:14:29 --> Undefined array key "barangay_name"
in APPPATH\Views\dashboard\reports.php on line 39.
 1 APPPATH\Views\dashboard\reports.php(39): CodeIgniter\Debug\Exceptions->errorHandler(2, 'Undefined array key "barangay_name"', 'C:\\laragon\\www\\documts_finalaaa\\app\\Views\\dashboard\\reports.php', 39)
 2 SYSTEMPATH\View\View.php(226): include('C:\\laragon\\www\\documts_finalaaa\\app\\Views\\dashboard\\reports.php')
 3 SYSTEMPATH\View\View.php(229): CodeIgniter\View\View->CodeIgniter\View\{closure}()
 4 SYSTEMPATH\Common.php(1188): CodeIgniter\View\View->render('dashboard/reports', [], true)
 5 APPPATH\Controllers\GColumnChartController.php(31): view('dashboard/reports', [...])
 6 SYSTEMPATH\CodeIgniter.php(919): App\Controllers\GColumnChartController->initChart()
 7 SYSTEMPATH\CodeIgniter.php(494): CodeIgniter\CodeIgniter->runController(Object(App\Controllers\GColumnChartController))
 8 SYSTEMPATH\CodeIgniter.php(353): CodeIgniter\CodeIgniter->handleRequest(null, Object(Config\Cache), false)
 9 FCPATH\index.php(79): CodeIgniter\CodeIgniter->run()
10 SYSTEMPATH\Commands\Server\rewrite.php(47): require_once('C:\\laragon\\www\\documts_finalaaa\\public\\index.php')
CRITICAL - 2024-05-12 02:14:29 --> Undefined array key "barangay_name"
in APPPATH\Views\dashboard\reports.php on line 39.
 1 APPPATH\Views\dashboard\reports.php(39): CodeIgniter\Debug\Exceptions->errorHandler(2, 'Undefined array key "barangay_name"', 'C:\\laragon\\www\\documts_finalaaa\\app\\Views\\dashboard\\reports.php', 39)
 2 SYSTEMPATH\View\View.php(226): include('C:\\laragon\\www\\documts_finalaaa\\app\\Views\\dashboard\\reports.php')
 3 SYSTEMPATH\View\View.php(229): CodeIgniter\View\View->CodeIgniter\View\{closure}()
 4 SYSTEMPATH\Common.php(1188): CodeIgniter\View\View->render('dashboard/reports', [], true)
 5 APPPATH\Controllers\GColumnChartController.php(31): view('dashboard/reports', [...])
 6 SYSTEMPATH\CodeIgniter.php(919): App\Controllers\GColumnChartController->initChart()
 7 SYSTEMPATH\CodeIgniter.php(494): CodeIgniter\CodeIgniter->runController(Object(App\Controllers\GColumnChartController))
 8 SYSTEMPATH\CodeIgniter.php(353): CodeIgniter\CodeIgniter->handleRequest(null, Object(Config\Cache), false)
 9 FCPATH\index.php(79): CodeIgniter\CodeIgniter->run()
10 SYSTEMPATH\Commands\Server\rewrite.php(47): require_once('C:\\laragon\\www\\documts_finalaaa\\public\\index.php')
ERROR - 2024-05-12 10:50:11 --> mysqli_sql_exception: Unknown column 'barangay_name' in 'field list' in C:\laragon\www\documts_finalaaa\system\Database\MySQLi\Connection.php:306
Stack trace:
#0 C:\laragon\www\documts_finalaaa\system\Database\MySQLi\Connection.php(306): mysqli->query('SELECT DISTINCT...', 0)
#1 C:\laragon\www\documts_finalaaa\system\Database\BaseConnection.php(692): CodeIgniter\Database\MySQLi\Connection->execute('SELECT DISTINCT...')
#2 C:\laragon\www\documts_finalaaa\system\Database\BaseConnection.php(606): CodeIgniter\Database\BaseConnection->simpleQuery('SELECT DISTINCT...')
#3 C:\laragon\www\documts_finalaaa\system\Database\BaseBuilder.php(1615): CodeIgniter\Database\BaseConnection->query('SELECT DISTINCT...', Array, false)
#4 C:\laragon\www\documts_finalaaa\app\Controllers\GColumnChartController.php(35): CodeIgniter\Database\BaseBuilder->get()
#5 C:\laragon\www\documts_finalaaa\system\CodeIgniter.php(919): App\Controllers\GColumnChartController->initChart()
#6 C:\laragon\www\documts_finalaaa\system\CodeIgniter.php(494): CodeIgniter\CodeIgniter->runController(Object(App\Controllers\GColumnChartController))
#7 C:\laragon\www\documts_finalaaa\system\CodeIgniter.php(353): CodeIgniter\CodeIgniter->handleRequest(NULL, Object(Config\Cache), false)
#8 C:\laragon\www\documts_finalaaa\public\index.php(79): CodeIgniter\CodeIgniter->run()
#9 C:\laragon\www\documts_finalaaa\system\Commands\Server\rewrite.php(47): require_once('C:\\laragon\\www\\...')
#10 {main}
CRITICAL - 2024-05-12 10:50:11 --> Unknown column 'barangay_name' in 'field list'
in SYSTEMPATH\Database\BaseConnection.php on line 646.
 1 SYSTEMPATH\Database\BaseBuilder.php(1615): CodeIgniter\Database\BaseConnection->query('SELECT DISTINCT MONTH(date_of_letter) as month, `barangay_name`
FROM `filess`', [], false)
 2 APPPATH\Controllers\GColumnChartController.php(35): CodeIgniter\Database\BaseBuilder->get()
 3 SYSTEMPATH\CodeIgniter.php(919): App\Controllers\GColumnChartController->initChart()
 4 SYSTEMPATH\CodeIgniter.php(494): CodeIgniter\CodeIgniter->runController(Object(App\Controllers\GColumnChartController))
 5 SYSTEMPATH\CodeIgniter.php(353): CodeIgniter\CodeIgniter->handleRequest(null, Object(Config\Cache), false)
 6 FCPATH\index.php(79): CodeIgniter\CodeIgniter->run()
 7 SYSTEMPATH\Commands\Server\rewrite.php(47): require_once('C:\\laragon\\www\\documts_finalaaa\\public\\index.php')
CRITICAL - 2024-05-12 10:50:18 --> Undefined array key "file_count"
in APPPATH\Views\dashboard\reports.php on line 57.
 1 APPPATH\Views\dashboard\reports.php(57): CodeIgniter\Debug\Exceptions->errorHandler(2, 'Undefined array key "file_count"', 'C:\\laragon\\www\\documts_finalaaa\\app\\Views\\dashboard\\reports.php', 57)
 2 SYSTEMPATH\View\View.php(226): include('C:\\laragon\\www\\documts_finalaaa\\app\\Views\\dashboard\\reports.php')
 3 SYSTEMPATH\View\View.php(229): CodeIgniter\View\View->CodeIgniter\View\{closure}()
 4 SYSTEMPATH\Common.php(1188): CodeIgniter\View\View->render('dashboard/reports', [], true)
 5 APPPATH\Controllers\GColumnChartController.php(38): view('dashboard/reports', [...])
 6 SYSTEMPATH\CodeIgniter.php(919): App\Controllers\GColumnChartController->initChart()
 7 SYSTEMPATH\CodeIgniter.php(494): CodeIgniter\CodeIgniter->runController(Object(App\Controllers\GColumnChartController))
 8 SYSTEMPATH\CodeIgniter.php(353): CodeIgniter\CodeIgniter->handleRequest(null, Object(Config\Cache), false)
 9 FCPATH\index.php(79): CodeIgniter\CodeIgniter->run()
10 SYSTEMPATH\Commands\Server\rewrite.php(47): require_once('C:\\laragon\\www\\documts_finalaaa\\public\\index.php')
CRITICAL - 2024-05-12 10:59:32 --> Undefined array key "file_count"
in APPPATH\Views\dashboard\reports.php on line 57.
 1 APPPATH\Views\dashboard\reports.php(57): CodeIgniter\Debug\Exceptions->errorHandler(2, 'Undefined array key "file_count"', 'C:\\laragon\\www\\documts_finalaaa\\app\\Views\\dashboard\\reports.php', 57)
 2 SYSTEMPATH\View\View.php(226): include('C:\\laragon\\www\\documts_finalaaa\\app\\Views\\dashboard\\reports.php')
 3 SYSTEMPATH\View\View.php(229): CodeIgniter\View\View->CodeIgniter\View\{closure}()
 4 SYSTEMPATH\Common.php(1188): CodeIgniter\View\View->render('dashboard/reports', [], true)
 5 APPPATH\Controllers\GColumnChartController.php(38): view('dashboard/reports', [...])
 6 SYSTEMPATH\CodeIgniter.php(919): App\Controllers\GColumnChartController->initChart()
 7 SYSTEMPATH\CodeIgniter.php(494): CodeIgniter\CodeIgniter->runController(Object(App\Controllers\GColumnChartController))
 8 SYSTEMPATH\CodeIgniter.php(353): CodeIgniter\CodeIgniter->handleRequest(null, Object(Config\Cache), false)
 9 FCPATH\index.php(79): CodeIgniter\CodeIgniter->run()
10 SYSTEMPATH\Commands\Server\rewrite.php(47): require_once('C:\\laragon\\www\\documts_finalaaa\\public\\index.php')
CRITICAL - 2024-05-12 11:00:05 --> Undefined array key "file_count"
in APPPATH\Views\dashboard\reports.php on line 57.
 1 APPPATH\Views\dashboard\reports.php(57): CodeIgniter\Debug\Exceptions->errorHandler(2, 'Undefined array key "file_count"', 'C:\\laragon\\www\\documts_finalaaa\\app\\Views\\dashboard\\reports.php', 57)
 2 SYSTEMPATH\View\View.php(226): include('C:\\laragon\\www\\documts_finalaaa\\app\\Views\\dashboard\\reports.php')
 3 SYSTEMPATH\View\View.php(229): CodeIgniter\View\View->CodeIgniter\View\{closure}()
 4 SYSTEMPATH\Common.php(1188): CodeIgniter\View\View->render('dashboard/reports', [], true)
 5 APPPATH\Controllers\GColumnChartController.php(38): view('dashboard/reports', [...])
 6 SYSTEMPATH\CodeIgniter.php(919): App\Controllers\GColumnChartController->initChart()
 7 SYSTEMPATH\CodeIgniter.php(494): CodeIgniter\CodeIgniter->runController(Object(App\Controllers\GColumnChartController))
 8 SYSTEMPATH\CodeIgniter.php(353): CodeIgniter\CodeIgniter->handleRequest(null, Object(Config\Cache), false)
 9 FCPATH\index.php(79): CodeIgniter\CodeIgniter->run()
10 SYSTEMPATH\Commands\Server\rewrite.php(47): require_once('C:\\laragon\\www\\documts_finalaaa\\public\\index.php')
ERROR - 2024-05-12 11:07:40 --> mysqli_sql_exception: Expression #3 of SELECT list is not in GROUP BY clause and contains nonaggregated column 'documts_final.filess.subject' which is not functionally dependent on columns in GROUP BY clause; this is incompatible with sql_mode=only_full_group_by in C:\laragon\www\documts_finalaaa\system\Database\MySQLi\Connection.php:306
Stack trace:
#0 C:\laragon\www\documts_finalaaa\system\Database\MySQLi\Connection.php(306): mysqli->query('SELECT MONTH(da...', 0)
#1 C:\laragon\www\documts_finalaaa\system\Database\BaseConnection.php(692): CodeIgniter\Database\MySQLi\Connection->execute('SELECT MONTH(da...')
#2 C:\laragon\www\documts_finalaaa\system\Database\BaseConnection.php(606): CodeIgniter\Database\BaseConnection->simpleQuery('SELECT MONTH(da...')
#3 C:\laragon\www\documts_finalaaa\system\Database\BaseBuilder.php(1615): CodeIgniter\Database\BaseConnection->query('SELECT MONTH(da...', Array, false)
#4 C:\laragon\www\documts_finalaaa\app\Controllers\GColumnChartController.php(20): CodeIgniter\Database\BaseBuilder->get()
#5 C:\laragon\www\documts_finalaaa\system\CodeIgniter.php(919): App\Controllers\GColumnChartController->initChart()
#6 C:\laragon\www\documts_finalaaa\system\CodeIgniter.php(494): CodeIgniter\CodeIgniter->runController(Object(App\Controllers\GColumnChartController))
#7 C:\laragon\www\documts_finalaaa\system\CodeIgniter.php(353): CodeIgniter\CodeIgniter->handleRequest(NULL, Object(Config\Cache), false)
#8 C:\laragon\www\documts_finalaaa\public\index.php(79): CodeIgniter\CodeIgniter->run()
#9 C:\laragon\www\documts_finalaaa\system\Commands\Server\rewrite.php(47): require_once('C:\\laragon\\www\\...')
#10 {main}
CRITICAL - 2024-05-12 11:07:40 --> Expression #3 of SELECT list is not in GROUP BY clause and contains nonaggregated column 'documts_final.filess.subject' which is not functionally dependent on columns in GROUP BY clause; this is incompatible with sql_mode=only_full_group_by
in SYSTEMPATH\Database\BaseConnection.php on line 646.
 1 SYSTEMPATH\Database\BaseBuilder.php(1615): CodeIgniter\Database\BaseConnection->query('SELECT MONTH(date_of_letter) as month, COUNT(*) as file_count, `subject`
FROM `filess`
GROUP BY MONTH(date_of_letter)', [], false)
 2 APPPATH\Controllers\GColumnChartController.php(20): CodeIgniter\Database\BaseBuilder->get()
 3 SYSTEMPATH\CodeIgniter.php(919): App\Controllers\GColumnChartController->initChart()
 4 SYSTEMPATH\CodeIgniter.php(494): CodeIgniter\CodeIgniter->runController(Object(App\Controllers\GColumnChartController))
 5 SYSTEMPATH\CodeIgniter.php(353): CodeIgniter\CodeIgniter->handleRequest(null, Object(Config\Cache), false)
 6 FCPATH\index.php(79): CodeIgniter\CodeIgniter->run()
 7 SYSTEMPATH\Commands\Server\rewrite.php(47): require_once('C:\\laragon\\www\\documts_finalaaa\\public\\index.php')
