CRITICAL - 2024-10-20 05:47:45 --> Undefined array key "role"
in APPPATH\Controllers\SigninController.php on line 36.
 1 APPPATH\Controllers\SigninController.php(36): CodeIgniter\Debug\Exceptions->errorHandler(2, 'Undefined array key "role"', 'C:\\laragon\\www\\documts_finalaaa\\app\\Controllers\\SigninController.php', 36)
 2 SYSTEMPATH\CodeIgniter.php(919): App\Controllers\SigninController->loginAuth()
 3 SYSTEMPATH\CodeIgniter.php(494): CodeIgniter\CodeIgniter->runController(Object(App\Controllers\SigninController))
 4 SYSTEMPATH\CodeIgniter.php(353): CodeIgniter\CodeIgniter->handleRequest(null, Object(Config\Cache), false)
 5 FCPATH\index.php(79): CodeIgniter\CodeIgniter->run()
 6 SYSTEMPATH\Commands\Server\rewrite.php(47): require_once('C:\\laragon\\www\\documts_finalaaa\\public\\index.php')
CRITICAL - 2024-10-20 06:41:18 --> Undefined variable $isLoggedIn
in APPPATH\Views\partials\navbar.php on line 43.
 1 APPPATH\Views\partials\navbar.php(43): CodeIgniter\Debug\Exceptions->errorHandler(2, 'Undefined variable $isLoggedIn', 'C:\\laragon\\www\\documts_finalaaa\\app\\Views\\partials\\navbar.php', 43)
 2 SYSTEMPATH\View\View.php(226): include('C:\\laragon\\www\\documts_finalaaa\\app\\Views\\partials\\navbar.php')
 3 SYSTEMPATH\View\View.php(229): CodeIgniter\View\View->CodeIgniter\View\{closure}()
 4 SYSTEMPATH\View\View.php(467): CodeIgniter\View\View->render('partials/navbar', null, true)
 5 APPPATH\Views\dashboard\reports.php(14): CodeIgniter\View\View->include('partials/navbar')
 6 SYSTEMPATH\View\View.php(226): include('C:\\laragon\\www\\documts_finalaaa\\app\\Views\\dashboard\\reports.php')
 7 SYSTEMPATH\View\View.php(229): CodeIgniter\View\View->CodeIgniter\View\{closure}()
 8 SYSTEMPATH\Common.php(1188): CodeIgniter\View\View->render('dashboard/reports', [], true)
 9 APPPATH\Controllers\GColumnChartController.php(24): view('dashboard/reports', [...])
10 SYSTEMPATH\CodeIgniter.php(919): App\Controllers\GColumnChartController->initChart()
11 SYSTEMPATH\CodeIgniter.php(494): CodeIgniter\CodeIgniter->runController(Object(App\Controllers\GColumnChartController))
12 SYSTEMPATH\CodeIgniter.php(353): CodeIgniter\CodeIgniter->handleRequest(null, Object(Config\Cache), false)
13 FCPATH\index.php(79): CodeIgniter\CodeIgniter->run()
14 SYSTEMPATH\Commands\Server\rewrite.php(47): require_once('C:\\laragon\\www\\documts_finalaaa\\public\\index.php')
