CRITICAL - 2024-10-23 14:51:03 --> Undefined variable $isLoggedIn
in APPPATH\Views\partials\navbar.php on line 43.
 1 APPPATH\Views\partials\navbar.php(43): CodeIgniter\Debug\Exceptions->errorHandler(2, 'Undefined variable $isLoggedIn', 'C:\\laragon\\www\\documts_finalaaa\\app\\Views\\partials\\navbar.php', 43)
 2 SYSTEMPATH\View\View.php(226): include('C:\\laragon\\www\\documts_finalaaa\\app\\Views\\partials\\navbar.php')
 3 SYSTEMPATH\View\View.php(229): CodeIgniter\View\View->CodeIgniter\View\{closure}()
 4 SYSTEMPATH\View\View.php(467): CodeIgniter\View\View->render('partials/navbar', null, true)
 5 APPPATH\Views\dashboard\file_viewer.php(12): CodeIgniter\View\View->include('partials/navbar')
 6 SYSTEMPATH\View\View.php(226): include('C:\\laragon\\www\\documts_finalaaa\\app\\Views\\dashboard\\file_viewer.php')
 7 SYSTEMPATH\View\View.php(229): CodeIgniter\View\View->CodeIgniter\View\{closure}()
 8 SYSTEMPATH\Common.php(1188): CodeIgniter\View\View->render('dashboard/file_viewer', [], true)
 9 APPPATH\Controllers\FileUploadController.php(420): view('dashboard/file_viewer', [...])
10 SYSTEMPATH\CodeIgniter.php(919): App\Controllers\FileUploadController->viewFile('61')
11 SYSTEMPATH\CodeIgniter.php(494): CodeIgniter\CodeIgniter->runController(Object(App\Controllers\FileUploadController))
12 SYSTEMPATH\CodeIgniter.php(353): CodeIgniter\CodeIgniter->handleRequest(null, Object(Config\Cache), false)
13 FCPATH\index.php(79): CodeIgniter\CodeIgniter->run()
14 SYSTEMPATH\Commands\Server\rewrite.php(47): require_once('C:\\laragon\\www\\documts_finalaaa\\public\\index.php')
CRITICAL - 2024-10-23 15:04:29 --> Undefined variable $isLoggedIn
in APPPATH\Views\partials\navbar.php on line 43.
 1 APPPATH\Views\partials\navbar.php(43): CodeIgniter\Debug\Exceptions->errorHandler(2, 'Undefined variable $isLoggedIn', 'C:\\laragon\\www\\documts_finalaaa\\app\\Views\\partials\\navbar.php', 43)
 2 SYSTEMPATH\View\View.php(226): include('C:\\laragon\\www\\documts_finalaaa\\app\\Views\\partials\\navbar.php')
 3 SYSTEMPATH\View\View.php(229): CodeIgniter\View\View->CodeIgniter\View\{closure}()
 4 SYSTEMPATH\View\View.php(467): CodeIgniter\View\View->render('partials/navbar', null, true)
 5 APPPATH\Views\dashboard\file_viewer.php(12): CodeIgniter\View\View->include('partials/navbar')
 6 SYSTEMPATH\View\View.php(226): include('C:\\laragon\\www\\documts_finalaaa\\app\\Views\\dashboard\\file_viewer.php')
 7 SYSTEMPATH\View\View.php(229): CodeIgniter\View\View->CodeIgniter\View\{closure}()
 8 SYSTEMPATH\Common.php(1188): CodeIgniter\View\View->render('dashboard/file_viewer', [], true)
 9 APPPATH\Controllers\FileUploadController.php(420): view('dashboard/file_viewer', [...])
10 SYSTEMPATH\CodeIgniter.php(919): App\Controllers\FileUploadController->viewFile('61')
11 SYSTEMPATH\CodeIgniter.php(494): CodeIgniter\CodeIgniter->runController(Object(App\Controllers\FileUploadController))
12 SYSTEMPATH\CodeIgniter.php(353): CodeIgniter\CodeIgniter->handleRequest(null, Object(Config\Cache), false)
13 FCPATH\index.php(79): CodeIgniter\CodeIgniter->run()
14 SYSTEMPATH\Commands\Server\rewrite.php(47): require_once('C:\\laragon\\www\\documts_finalaaa\\public\\index.php')
