CRITICAL - 2024-08-11 15:05:49 --> Invalid file: "dashboard/view_message.php"
in SYSTEMPATH\Exceptions\FrameworkException.php on line 39.
 1 SYSTEMPATH\View\View.php(214): CodeIgniter\Exceptions\FrameworkException::forInvalidFile('dashboard/view_message.php')
 2 SYSTEMPATH\Common.php(1188): CodeIgniter\View\View->render('dashboard/view_message', [], true)
 3 APPPATH\Controllers\FileUploadController.php(136): view('dashboard/view_message', [...])
 4 SYSTEMPATH\CodeIgniter.php(919): App\Controllers\FileUploadController->viewMessage('38')
 5 SYSTEMPATH\CodeIgniter.php(494): CodeIgniter\CodeIgniter->runController(Object(App\Controllers\FileUploadController))
 6 SYSTEMPATH\CodeIgniter.php(353): CodeIgniter\CodeIgniter->handleRequest(null, Object(Config\Cache), false)
 7 FCPATH\index.php(79): CodeIgniter\CodeIgniter->run()
 8 SYSTEMPATH\Commands\Server\rewrite.php(47): require_once('C:\\laragon\\www\\documts_finalaaa\\public\\index.php')
CRITICAL - 2024-08-11 15:15:57 --> Invalid file: "dashboard/view_message.php"
in SYSTEMPATH\Exceptions\FrameworkException.php on line 39.
 1 SYSTEMPATH\View\View.php(214): CodeIgniter\Exceptions\FrameworkException::forInvalidFile('dashboard/view_message.php')
 2 SYSTEMPATH\Common.php(1188): CodeIgniter\View\View->render('dashboard/view_message', [], true)
 3 APPPATH\Controllers\FileUploadController.php(136): view('dashboard/view_message', [...])
 4 SYSTEMPATH\CodeIgniter.php(919): App\Controllers\FileUploadController->viewMessage('38')
 5 SYSTEMPATH\CodeIgniter.php(494): CodeIgniter\CodeIgniter->runController(Object(App\Controllers\FileUploadController))
 6 SYSTEMPATH\CodeIgniter.php(353): CodeIgniter\CodeIgniter->handleRequest(null, Object(Config\Cache), false)
 7 FCPATH\index.php(79): CodeIgniter\CodeIgniter->run()
 8 SYSTEMPATH\Commands\Server\rewrite.php(47): require_once('C:\\laragon\\www\\documts_finalaaa\\public\\index.php')
