ERROR - 2024-04-04 01:24:38 --> Email: sendWithSmtp throwed ErrorException: fsockopen(): SSL operation failed with code 1. OpenSSL Error messages:
error:1416F086:SSL routines:tls_process_server_certificate:certificate verify failed in C:\laragon\www\documts_finalaaa\system\Email\Email.php:1888
Stack trace:
#0 [internal function]: CodeIgniter\Debug\Exceptions->errorHandler(2, 'fsockopen(): SS...', 'C:\\laragon\\www\\...', 1888)
#1 C:\laragon\www\documts_finalaaa\system\Email\Email.php(1888): fsockopen('ssl://smtp.gmai...', 465, NULL, NULL, 5)
#2 C:\laragon\www\documts_finalaaa\system\Email\Email.php(1796): CodeIgniter\Email\Email->SMTPConnect()
#3 C:\laragon\www\documts_finalaaa\system\Email\Email.php(1681): CodeIgniter\Email\Email->sendWithSmtp()
#4 C:\laragon\www\documts_finalaaa\system\Email\Email.php(1575): CodeIgniter\Email\Email->spoolEmail()
#5 C:\laragon\www\documts_finalaaa\app\Controllers\EmailController.php(76): CodeIgniter\Email\Email->send()
#6 C:\laragon\www\documts_finalaaa\system\CodeIgniter.php(919): App\Controllers\EmailController->sendEmail()
#7 C:\laragon\www\documts_finalaaa\system\CodeIgniter.php(494): CodeIgniter\CodeIgniter->runController(Object(App\Controllers\EmailController))
#8 C:\laragon\www\documts_finalaaa\system\CodeIgniter.php(353): CodeIgniter\CodeIgniter->handleRequest(NULL, Object(Config\Cache), false)
#9 C:\laragon\www\documts_finalaaa\public\index.php(79): CodeIgniter\CodeIgniter->run()
#10 C:\laragon\www\documts_finalaaa\system\Commands\Server\rewrite.php(47): require_once('C:\\laragon\\www\\...')
#11 {main}
ERROR - 2024-04-04 01:24:38 --> Email: Unable to send email using SMTP. Your server might not be configured to send mail using this method.
ERROR - 2024-04-04 01:24:38 --> 
ERROR - 2024-04-04 01:26:43 --> Email: sendWithSmtp throwed ErrorException: fsockopen(): SSL operation failed with code 1. OpenSSL Error messages:
error:1416F086:SSL routines:tls_process_server_certificate:certificate verify failed in C:\laragon\www\documts_finalaaa\system\Email\Email.php:1888
Stack trace:
#0 [internal function]: CodeIgniter\Debug\Exceptions->errorHandler(2, 'fsockopen(): SS...', 'C:\\laragon\\www\\...', 1888)
#1 C:\laragon\www\documts_finalaaa\system\Email\Email.php(1888): fsockopen('ssl://smtp.gmai...', 465, NULL, NULL, 5)
#2 C:\laragon\www\documts_finalaaa\system\Email\Email.php(1796): CodeIgniter\Email\Email->SMTPConnect()
#3 C:\laragon\www\documts_finalaaa\system\Email\Email.php(1681): CodeIgniter\Email\Email->sendWithSmtp()
#4 C:\laragon\www\documts_finalaaa\system\Email\Email.php(1575): CodeIgniter\Email\Email->spoolEmail()
#5 C:\laragon\www\documts_finalaaa\app\Controllers\EmailController.php(76): CodeIgniter\Email\Email->send()
#6 C:\laragon\www\documts_finalaaa\system\CodeIgniter.php(919): App\Controllers\EmailController->sendEmail()
#7 C:\laragon\www\documts_finalaaa\system\CodeIgniter.php(494): CodeIgniter\CodeIgniter->runController(Object(App\Controllers\EmailController))
#8 C:\laragon\www\documts_finalaaa\system\CodeIgniter.php(353): CodeIgniter\CodeIgniter->handleRequest(NULL, Object(Config\Cache), false)
#9 C:\laragon\www\documts_finalaaa\public\index.php(79): CodeIgniter\CodeIgniter->run()
#10 C:\laragon\www\documts_finalaaa\system\Commands\Server\rewrite.php(47): require_once('C:\\laragon\\www\\...')
#11 {main}
ERROR - 2024-04-04 01:26:43 --> Email: Unable to send email using SMTP. Your server might not be configured to send mail using this method.
ERROR - 2024-04-04 01:26:43 --> 
ERROR - 2024-04-04 01:30:05 --> Email: sendWithSmtp throwed ErrorException: fsockopen(): SSL operation failed with code 1. OpenSSL Error messages:
error:1416F086:SSL routines:tls_process_server_certificate:certificate verify failed in C:\laragon\www\documts_finalaaa\system\Email\Email.php:1888
Stack trace:
#0 [internal function]: CodeIgniter\Debug\Exceptions->errorHandler(2, 'fsockopen(): SS...', 'C:\\laragon\\www\\...', 1888)
#1 C:\laragon\www\documts_finalaaa\system\Email\Email.php(1888): fsockopen('ssl://smtp.gmai...', 465, NULL, NULL, 5)
#2 C:\laragon\www\documts_finalaaa\system\Email\Email.php(1796): CodeIgniter\Email\Email->SMTPConnect()
#3 C:\laragon\www\documts_finalaaa\system\Email\Email.php(1681): CodeIgniter\Email\Email->sendWithSmtp()
#4 C:\laragon\www\documts_finalaaa\system\Email\Email.php(1575): CodeIgniter\Email\Email->spoolEmail()
#5 C:\laragon\www\documts_finalaaa\app\Controllers\EmailController.php(76): CodeIgniter\Email\Email->send()
#6 C:\laragon\www\documts_finalaaa\system\CodeIgniter.php(919): App\Controllers\EmailController->sendEmail()
#7 C:\laragon\www\documts_finalaaa\system\CodeIgniter.php(494): CodeIgniter\CodeIgniter->runController(Object(App\Controllers\EmailController))
#8 C:\laragon\www\documts_finalaaa\system\CodeIgniter.php(353): CodeIgniter\CodeIgniter->handleRequest(NULL, Object(Config\Cache), false)
#9 C:\laragon\www\documts_finalaaa\public\index.php(79): CodeIgniter\CodeIgniter->run()
#10 C:\laragon\www\documts_finalaaa\system\Commands\Server\rewrite.php(47): require_once('C:\\laragon\\www\\...')
#11 {main}
ERROR - 2024-04-04 01:30:05 --> Email: Unable to send email using SMTP. Your server might not be configured to send mail using this method.
ERROR - 2024-04-04 01:30:05 --> 
ERROR - 2024-04-04 01:36:27 --> Email: sendWithSmtp throwed ErrorException: fsockopen(): SSL operation failed with code 1. OpenSSL Error messages:
error:1416F086:SSL routines:tls_process_server_certificate:certificate verify failed in C:\laragon\www\documts_finalaaa\system\Email\Email.php:1888
Stack trace:
#0 [internal function]: CodeIgniter\Debug\Exceptions->errorHandler(2, 'fsockopen(): SS...', 'C:\\laragon\\www\\...', 1888)
#1 C:\laragon\www\documts_finalaaa\system\Email\Email.php(1888): fsockopen('ssl://smtp.gmai...', 465, NULL, NULL, 5)
#2 C:\laragon\www\documts_finalaaa\system\Email\Email.php(1796): CodeIgniter\Email\Email->SMTPConnect()
#3 C:\laragon\www\documts_finalaaa\system\Email\Email.php(1681): CodeIgniter\Email\Email->sendWithSmtp()
#4 C:\laragon\www\documts_finalaaa\system\Email\Email.php(1575): CodeIgniter\Email\Email->spoolEmail()
#5 C:\laragon\www\documts_finalaaa\app\Controllers\EmailController.php(76): CodeIgniter\Email\Email->send()
#6 C:\laragon\www\documts_finalaaa\system\CodeIgniter.php(919): App\Controllers\EmailController->sendEmail()
#7 C:\laragon\www\documts_finalaaa\system\CodeIgniter.php(494): CodeIgniter\CodeIgniter->runController(Object(App\Controllers\EmailController))
#8 C:\laragon\www\documts_finalaaa\system\CodeIgniter.php(353): CodeIgniter\CodeIgniter->handleRequest(NULL, Object(Config\Cache), false)
#9 C:\laragon\www\documts_finalaaa\public\index.php(79): CodeIgniter\CodeIgniter->run()
#10 C:\laragon\www\documts_finalaaa\system\Commands\Server\rewrite.php(47): require_once('C:\\laragon\\www\\...')
#11 {main}
ERROR - 2024-04-04 01:36:27 --> Email: Unable to send email using SMTP. Your server might not be configured to send mail using this method.
ERROR - 2024-04-04 01:36:27 --> 
CRITICAL - 2024-04-04 01:36:27 --> Call to undefined function set_value()
in APPPATH\Views\dashboard\compose.php on line 43.
 1 SYSTEMPATH\View\View.php(226): include()
 2 SYSTEMPATH\View\View.php(229): CodeIgniter\View\View->CodeIgniter\View\{closure}()
 3 SYSTEMPATH\Common.php(1188): CodeIgniter\View\View->render('dashboard/compose', [], true)
 4 APPPATH\Controllers\Home.php(14): view('dashboard/compose')
 5 SYSTEMPATH\CodeIgniter.php(919): App\Controllers\Home->compose()
 6 SYSTEMPATH\CodeIgniter.php(494): CodeIgniter\CodeIgniter->runController(Object(App\Controllers\Home))
 7 SYSTEMPATH\CodeIgniter.php(353): CodeIgniter\CodeIgniter->handleRequest(null, Object(Config\Cache), false)
 8 FCPATH\index.php(79): CodeIgniter\CodeIgniter->run()
 9 SYSTEMPATH\Commands\Server\rewrite.php(47): require_once('C:\\laragon\\www\\documts_finalaaa\\public\\index.php')
CRITICAL - 2024-04-04 01:37:35 --> Call to undefined function set_value()
in APPPATH\Views\dashboard\compose.php on line 48.
 1 SYSTEMPATH\View\View.php(226): include()
 2 SYSTEMPATH\View\View.php(229): CodeIgniter\View\View->CodeIgniter\View\{closure}()
 3 SYSTEMPATH\Common.php(1188): CodeIgniter\View\View->render('dashboard/compose', [], true)
 4 APPPATH\Controllers\Home.php(14): view('dashboard/compose')
 5 SYSTEMPATH\CodeIgniter.php(919): App\Controllers\Home->compose()
 6 SYSTEMPATH\CodeIgniter.php(494): CodeIgniter\CodeIgniter->runController(Object(App\Controllers\Home))
 7 SYSTEMPATH\CodeIgniter.php(353): CodeIgniter\CodeIgniter->handleRequest(null, Object(Config\Cache), false)
 8 FCPATH\index.php(79): CodeIgniter\CodeIgniter->run()
 9 SYSTEMPATH\Commands\Server\rewrite.php(47): require_once('C:\\laragon\\www\\documts_finalaaa\\public\\index.php')
ERROR - 2024-04-04 02:30:04 --> Email: sendWithSmtp throwed ErrorException: fsockopen(): php_network_getaddresses: getaddrinfo for smtp.gmail.com failed: No such host is known.  in C:\laragon\www\documts_finalaaa\system\Email\Email.php:1888
Stack trace:
#0 [internal function]: CodeIgniter\Debug\Exceptions->errorHandler(2, 'fsockopen(): ph...', 'C:\\laragon\\www\\...', 1888)
#1 C:\laragon\www\documts_finalaaa\system\Email\Email.php(1888): fsockopen('ssl://smtp.gmai...', 465, NULL, NULL, 5)
#2 C:\laragon\www\documts_finalaaa\system\Email\Email.php(1796): CodeIgniter\Email\Email->SMTPConnect()
#3 C:\laragon\www\documts_finalaaa\system\Email\Email.php(1681): CodeIgniter\Email\Email->sendWithSmtp()
#4 C:\laragon\www\documts_finalaaa\system\Email\Email.php(1575): CodeIgniter\Email\Email->spoolEmail()
#5 C:\laragon\www\documts_finalaaa\app\Controllers\RegisterController.php(54): CodeIgniter\Email\Email->send()
#6 C:\laragon\www\documts_finalaaa\system\CodeIgniter.php(919): App\Controllers\RegisterController->index()
#7 C:\laragon\www\documts_finalaaa\system\CodeIgniter.php(494): CodeIgniter\CodeIgniter->runController(Object(App\Controllers\RegisterController))
#8 C:\laragon\www\documts_finalaaa\system\CodeIgniter.php(353): CodeIgniter\CodeIgniter->handleRequest(NULL, Object(Config\Cache), false)
#9 C:\laragon\www\documts_finalaaa\public\index.php(79): CodeIgniter\CodeIgniter->run()
#10 C:\laragon\www\documts_finalaaa\system\Commands\Server\rewrite.php(47): require_once('C:\\laragon\\www\\...')
#11 {main}
ERROR - 2024-04-04 02:30:04 --> Email: Unable to send email using SMTP. Your server might not be configured to send mail using this method.
ERROR - 2024-04-04 02:30:04 --> 
