CRITICAL - 2024-04-08 02:11:48 --> Undefined variable $uploads
in APPPATH\Views\dashboard\outgoing.php on line 42.
 1 APPPATH\Views\dashboard\outgoing.php(42): CodeIgniter\Debug\Exceptions->errorHandler(2, 'Undefined variable $uploads', 'C:\\laragon\\www\\documts_finalaaa\\app\\Views\\dashboard\\outgoing.php', 42)
 2 SYSTEMPATH\View\View.php(226): include('C:\\laragon\\www\\documts_finalaaa\\app\\Views\\dashboard\\outgoing.php')
 3 SYSTEMPATH\View\View.php(229): CodeIgniter\View\View->CodeIgniter\View\{closure}()
 4 SYSTEMPATH\Common.php(1188): CodeIgniter\View\View->render('dashboard/outgoing', [], true)
 5 APPPATH\Controllers\Home.php(22): view('dashboard/outgoing')
 6 SYSTEMPATH\CodeIgniter.php(919): App\Controllers\Home->outgoing()
 7 SYSTEMPATH\CodeIgniter.php(494): CodeIgniter\CodeIgniter->runController(Object(App\Controllers\Home))
 8 SYSTEMPATH\CodeIgniter.php(353): CodeIgniter\CodeIgniter->handleRequest(null, Object(Config\Cache), false)
 9 FCPATH\index.php(79): CodeIgniter\CodeIgniter->run()
10 SYSTEMPATH\Commands\Server\rewrite.php(47): require_once('C:\\laragon\\www\\documts_finalaaa\\public\\index.php')
CRITICAL - 2024-04-08 02:12:47 --> Undefined variable $uploads
in APPPATH\Views\dashboard\outgoing.php on line 42.
 1 APPPATH\Views\dashboard\outgoing.php(42): CodeIgniter\Debug\Exceptions->errorHandler(2, 'Undefined variable $uploads', 'C:\\laragon\\www\\documts_finalaaa\\app\\Views\\dashboard\\outgoing.php', 42)
 2 SYSTEMPATH\View\View.php(226): include('C:\\laragon\\www\\documts_finalaaa\\app\\Views\\dashboard\\outgoing.php')
 3 SYSTEMPATH\View\View.php(229): CodeIgniter\View\View->CodeIgniter\View\{closure}()
 4 SYSTEMPATH\Common.php(1188): CodeIgniter\View\View->render('dashboard/outgoing', [], true)
 5 APPPATH\Controllers\Home.php(22): view('dashboard/outgoing')
 6 SYSTEMPATH\CodeIgniter.php(919): App\Controllers\Home->outgoing()
 7 SYSTEMPATH\CodeIgniter.php(494): CodeIgniter\CodeIgniter->runController(Object(App\Controllers\Home))
 8 SYSTEMPATH\CodeIgniter.php(353): CodeIgniter\CodeIgniter->handleRequest(null, Object(Config\Cache), false)
 9 FCPATH\index.php(79): CodeIgniter\CodeIgniter->run()
10 SYSTEMPATH\Commands\Server\rewrite.php(47): require_once('C:\\laragon\\www\\documts_finalaaa\\public\\index.php')
CRITICAL - 2024-04-08 02:17:31 --> Undefined variable $uploads
in APPPATH\Views\dashboard\outgoing.php on line 42.
 1 APPPATH\Views\dashboard\outgoing.php(42): CodeIgniter\Debug\Exceptions->errorHandler(2, 'Undefined variable $uploads', 'C:\\laragon\\www\\documts_finalaaa\\app\\Views\\dashboard\\outgoing.php', 42)
 2 SYSTEMPATH\View\View.php(226): include('C:\\laragon\\www\\documts_finalaaa\\app\\Views\\dashboard\\outgoing.php')
 3 SYSTEMPATH\View\View.php(229): CodeIgniter\View\View->CodeIgniter\View\{closure}()
 4 SYSTEMPATH\Common.php(1188): CodeIgniter\View\View->render('dashboard/outgoing', [], true)
 5 APPPATH\Controllers\Home.php(22): view('dashboard/outgoing')
 6 SYSTEMPATH\CodeIgniter.php(919): App\Controllers\Home->outgoing()
 7 SYSTEMPATH\CodeIgniter.php(494): CodeIgniter\CodeIgniter->runController(Object(App\Controllers\Home))
 8 SYSTEMPATH\CodeIgniter.php(353): CodeIgniter\CodeIgniter->handleRequest(null, Object(Config\Cache), false)
 9 FCPATH\index.php(79): CodeIgniter\CodeIgniter->run()
10 SYSTEMPATH\Commands\Server\rewrite.php(47): require_once('C:\\laragon\\www\\documts_finalaaa\\public\\index.php')
ERROR - 2024-04-08 02:53:23 --> mysqli_sql_exception: Column 'date_of_letter' cannot be null in C:\laragon\www\documts_finalaaa\system\Database\MySQLi\Connection.php:306
Stack trace:
#0 C:\laragon\www\documts_finalaaa\system\Database\MySQLi\Connection.php(306): mysqli->query('INSERT INTO `fi...', 0)
#1 C:\laragon\www\documts_finalaaa\system\Database\BaseConnection.php(692): CodeIgniter\Database\MySQLi\Connection->execute('INSERT INTO `fi...')
#2 C:\laragon\www\documts_finalaaa\system\Database\BaseConnection.php(606): CodeIgniter\Database\BaseConnection->simpleQuery('INSERT INTO `fi...')
#3 C:\laragon\www\documts_finalaaa\system\Database\BaseBuilder.php(2308): CodeIgniter\Database\BaseConnection->query('INSERT INTO `fi...', Array, false)
#4 C:\laragon\www\documts_finalaaa\system\Model.php(319): CodeIgniter\Database\BaseBuilder->insert()
#5 C:\laragon\www\documts_finalaaa\system\BaseModel.php(788): CodeIgniter\Model->doInsert(Array)
#6 C:\laragon\www\documts_finalaaa\system\Model.php(715): CodeIgniter\BaseModel->insert(Array, true)
#7 C:\laragon\www\documts_finalaaa\app\Controllers\FileUploadController.php(45): CodeIgniter\Model->insert(Array)
#8 C:\laragon\www\documts_finalaaa\system\CodeIgniter.php(919): App\Controllers\FileUploadController->upload()
#9 C:\laragon\www\documts_finalaaa\system\CodeIgniter.php(494): CodeIgniter\CodeIgniter->runController(Object(App\Controllers\FileUploadController))
#10 C:\laragon\www\documts_finalaaa\system\CodeIgniter.php(353): CodeIgniter\CodeIgniter->handleRequest(NULL, Object(Config\Cache), false)
#11 C:\laragon\www\documts_finalaaa\public\index.php(79): CodeIgniter\CodeIgniter->run()
#12 C:\laragon\www\documts_finalaaa\system\Commands\Server\rewrite.php(47): require_once('C:\\laragon\\www\\...')
#13 {main}
CRITICAL - 2024-04-08 02:53:23 --> Column 'date_of_letter' cannot be null
in SYSTEMPATH\Database\BaseConnection.php on line 646.
 1 SYSTEMPATH\Database\BaseBuilder.php(2308): CodeIgniter\Database\BaseConnection->query('INSERT INTO `files` (`recipient`, `label`, `subject`, `date_of_letter`, `path`) VALUES (:recipient:, :label:, :subject:, :date_of_letter:, :path:)', [...], false)
 2 SYSTEMPATH\Model.php(319): CodeIgniter\Database\BaseBuilder->insert()
 3 SYSTEMPATH\BaseModel.php(788): CodeIgniter\Model->doInsert([...])
 4 SYSTEMPATH\Model.php(715): CodeIgniter\BaseModel->insert([...], true)
 5 APPPATH\Controllers\FileUploadController.php(45): CodeIgniter\Model->insert([...])
 6 SYSTEMPATH\CodeIgniter.php(919): App\Controllers\FileUploadController->upload()
 7 SYSTEMPATH\CodeIgniter.php(494): CodeIgniter\CodeIgniter->runController(Object(App\Controllers\FileUploadController))
 8 SYSTEMPATH\CodeIgniter.php(353): CodeIgniter\CodeIgniter->handleRequest(null, Object(Config\Cache), false)
 9 FCPATH\index.php(79): CodeIgniter\CodeIgniter->run()
10 SYSTEMPATH\Commands\Server\rewrite.php(47): require_once('C:\\laragon\\www\\documts_finalaaa\\public\\index.php')
CRITICAL - 2024-04-08 03:10:53 --> Undefined variable $uploads
in APPPATH\Views\dashboard\incoming.php on line 42.
 1 APPPATH\Views\dashboard\incoming.php(42): CodeIgniter\Debug\Exceptions->errorHandler(2, 'Undefined variable $uploads', 'C:\\laragon\\www\\documts_finalaaa\\app\\Views\\dashboard\\incoming.php', 42)
 2 SYSTEMPATH\View\View.php(226): include('C:\\laragon\\www\\documts_finalaaa\\app\\Views\\dashboard\\incoming.php')
 3 SYSTEMPATH\View\View.php(229): CodeIgniter\View\View->CodeIgniter\View\{closure}()
 4 SYSTEMPATH\Common.php(1188): CodeIgniter\View\View->render('dashboard/incoming', [], true)
 5 APPPATH\Controllers\Home.php(18): view('dashboard/incoming')
 6 SYSTEMPATH\CodeIgniter.php(919): App\Controllers\Home->incoming()
 7 SYSTEMPATH\CodeIgniter.php(494): CodeIgniter\CodeIgniter->runController(Object(App\Controllers\Home))
 8 SYSTEMPATH\CodeIgniter.php(353): CodeIgniter\CodeIgniter->handleRequest(null, Object(Config\Cache), false)
 9 FCPATH\index.php(79): CodeIgniter\CodeIgniter->run()
10 SYSTEMPATH\Commands\Server\rewrite.php(47): require_once('C:\\laragon\\www\\documts_finalaaa\\public\\index.php')
