CRITICAL - 2024-08-07 14:42:18 --> Undefined variable $session
in APPPATH\Views\user_dashboard\outgoing.php on line 23.
 1 APPPATH\Views\user_dashboard\outgoing.php(23): CodeIgniter\Debug\Exceptions->errorHandler(2, 'Undefined variable $session', 'C:\\laragon\\www\\documts_finalaaa\\app\\Views\\user_dashboard\\outgoing.php', 23)
 2 SYSTEMPATH\View\View.php(226): include('C:\\laragon\\www\\documts_finalaaa\\app\\Views\\user_dashboard\\outgoing.php')
 3 SYSTEMPATH\View\View.php(229): CodeIgniter\View\View->CodeIgniter\View\{closure}()
 4 SYSTEMPATH\Common.php(1188): CodeIgniter\View\View->render('user_dashboard/outgoing', [], true)
 5 APPPATH\Controllers\UserDBController.php(30): view('user_dashboard/outgoing')
 6 SYSTEMPATH\CodeIgniter.php(919): App\Controllers\UserDBController->outgoing()
 7 SYSTEMPATH\CodeIgniter.php(494): CodeIgniter\CodeIgniter->runController(Object(App\Controllers\UserDBController))
 8 SYSTEMPATH\CodeIgniter.php(353): CodeIgniter\CodeIgniter->handleRequest(null, Object(Config\Cache), false)
 9 FCPATH\index.php(79): CodeIgniter\CodeIgniter->run()
10 SYSTEMPATH\Commands\Server\rewrite.php(47): require_once('C:\\laragon\\www\\documts_finalaaa\\public\\index.php')
CRITICAL - 2024-08-07 15:27:20 --> Undefined variable $session
in APPPATH\Views\partials\sidebar.php on line 16.
 1 APPPATH\Views\partials\sidebar.php(16): CodeIgniter\Debug\Exceptions->errorHandler(2, 'Undefined variable $session', 'C:\\laragon\\www\\documts_finalaaa\\app\\Views\\partials\\sidebar.php', 16)
 2 SYSTEMPATH\View\View.php(226): include('C:\\laragon\\www\\documts_finalaaa\\app\\Views\\partials\\sidebar.php')
 3 SYSTEMPATH\View\View.php(229): CodeIgniter\View\View->CodeIgniter\View\{closure}()
 4 SYSTEMPATH\View\View.php(467): CodeIgniter\View\View->render('partials/sidebar', null, true)
 5 APPPATH\Views\user_dashboard\dashboard.php(7): CodeIgniter\View\View->include('partials/sidebar')
 6 SYSTEMPATH\View\View.php(226): include('C:\\laragon\\www\\documts_finalaaa\\app\\Views\\user_dashboard\\dashboard.php')
 7 SYSTEMPATH\View\View.php(229): CodeIgniter\View\View->CodeIgniter\View\{closure}()
 8 SYSTEMPATH\Common.php(1188): CodeIgniter\View\View->render('user_dashboard/dashboard', [], true)
 9 APPPATH\Controllers\UserDBController.php(12): view('user_dashboard/dashboard')
10 SYSTEMPATH\CodeIgniter.php(919): App\Controllers\UserDBController->dashboard()
11 SYSTEMPATH\CodeIgniter.php(494): CodeIgniter\CodeIgniter->runController(Object(App\Controllers\UserDBController))
12 SYSTEMPATH\CodeIgniter.php(353): CodeIgniter\CodeIgniter->handleRequest(null, Object(Config\Cache), false)
13 FCPATH\index.php(79): CodeIgniter\CodeIgniter->run()
14 SYSTEMPATH\Commands\Server\rewrite.php(47): require_once('C:\\laragon\\www\\documts_finalaaa\\public\\index.php')
CRITICAL - 2024-08-07 15:28:25 --> Undefined variable $session
in APPPATH\Views\partials\sidebar.php on line 17.
 1 APPPATH\Views\partials\sidebar.php(17): CodeIgniter\Debug\Exceptions->errorHandler(2, 'Undefined variable $session', 'C:\\laragon\\www\\documts_finalaaa\\app\\Views\\partials\\sidebar.php', 17)
 2 SYSTEMPATH\View\View.php(226): include('C:\\laragon\\www\\documts_finalaaa\\app\\Views\\partials\\sidebar.php')
 3 SYSTEMPATH\View\View.php(229): CodeIgniter\View\View->CodeIgniter\View\{closure}()
 4 SYSTEMPATH\View\View.php(467): CodeIgniter\View\View->render('partials/sidebar', null, true)
 5 APPPATH\Views\user_dashboard\dashboard.php(7): CodeIgniter\View\View->include('partials/sidebar')
 6 SYSTEMPATH\View\View.php(226): include('C:\\laragon\\www\\documts_finalaaa\\app\\Views\\user_dashboard\\dashboard.php')
 7 SYSTEMPATH\View\View.php(229): CodeIgniter\View\View->CodeIgniter\View\{closure}()
 8 SYSTEMPATH\Common.php(1188): CodeIgniter\View\View->render('user_dashboard/dashboard', [], true)
 9 APPPATH\Controllers\UserDBController.php(12): view('user_dashboard/dashboard')
10 SYSTEMPATH\CodeIgniter.php(919): App\Controllers\UserDBController->dashboard()
11 SYSTEMPATH\CodeIgniter.php(494): CodeIgniter\CodeIgniter->runController(Object(App\Controllers\UserDBController))
12 SYSTEMPATH\CodeIgniter.php(353): CodeIgniter\CodeIgniter->handleRequest(null, Object(Config\Cache), false)
13 FCPATH\index.php(79): CodeIgniter\CodeIgniter->run()
14 SYSTEMPATH\Commands\Server\rewrite.php(47): require_once('C:\\laragon\\www\\documts_finalaaa\\public\\index.php')
