CRITICAL - 2024-09-26 12:53:08 --> Undefined variable $chartData
in APPPATH\Views\partials\charts.php on line 26.
 1 APPPATH\Views\partials\charts.php(26): CodeIgniter\Debug\Exceptions->errorHandler(2, 'Undefined variable $chartData', 'C:\\laragon\\www\\documts_finalaaa\\app\\Views\\partials\\charts.php', 26)
 2 SYSTEMPATH\View\View.php(226): include('C:\\laragon\\www\\documts_finalaaa\\app\\Views\\partials\\charts.php')
 3 SYSTEMPATH\View\View.php(229): CodeIgniter\View\View->CodeIgniter\View\{closure}()
 4 SYSTEMPATH\View\View.php(467): CodeIgniter\View\View->render('partials/charts', null, true)
 5 APPPATH\Views\dashboard\dashboard.php(63): CodeIgniter\View\View->include('partials/charts')
 6 SYSTEMPATH\View\View.php(226): include('C:\\laragon\\www\\documts_finalaaa\\app\\Views\\dashboard\\dashboard.php')
 7 SYSTEMPATH\View\View.php(229): CodeIgniter\View\View->CodeIgniter\View\{closure}()
 8 SYSTEMPATH\Common.php(1188): CodeIgniter\View\View->render('dashboard/dashboard', [], true)
 9 APPPATH\Controllers\FileUploadController.php(333): view('dashboard/dashboard', [...])
10 SYSTEMPATH\CodeIgniter.php(919): App\Controllers\FileUploadController->dashboard()
11 SYSTEMPATH\CodeIgniter.php(494): CodeIgniter\CodeIgniter->runController(Object(App\Controllers\FileUploadController))
12 SYSTEMPATH\CodeIgniter.php(353): CodeIgniter\CodeIgniter->handleRequest(null, Object(Config\Cache), false)
13 FCPATH\index.php(79): CodeIgniter\CodeIgniter->run()
14 SYSTEMPATH\Commands\Server\rewrite.php(47): require_once('C:\\laragon\\www\\documts_finalaaa\\public\\index.php')
CRITICAL - 2024-09-26 12:54:31 --> Undefined variable $chartData
in APPPATH\Views\partials\charts.php on line 22.
 1 APPPATH\Views\partials\charts.php(22): CodeIgniter\Debug\Exceptions->errorHandler(2, 'Undefined variable $chartData', 'C:\\laragon\\www\\documts_finalaaa\\app\\Views\\partials\\charts.php', 22)
 2 SYSTEMPATH\View\View.php(226): include('C:\\laragon\\www\\documts_finalaaa\\app\\Views\\partials\\charts.php')
 3 SYSTEMPATH\View\View.php(229): CodeIgniter\View\View->CodeIgniter\View\{closure}()
 4 SYSTEMPATH\View\View.php(467): CodeIgniter\View\View->render('partials/charts', null, true)
 5 APPPATH\Views\dashboard\dashboard.php(63): CodeIgniter\View\View->include('partials/charts')
 6 SYSTEMPATH\View\View.php(226): include('C:\\laragon\\www\\documts_finalaaa\\app\\Views\\dashboard\\dashboard.php')
 7 SYSTEMPATH\View\View.php(229): CodeIgniter\View\View->CodeIgniter\View\{closure}()
 8 SYSTEMPATH\Common.php(1188): CodeIgniter\View\View->render('dashboard/dashboard', [], true)
 9 APPPATH\Controllers\FileUploadController.php(333): view('dashboard/dashboard', [...])
10 SYSTEMPATH\CodeIgniter.php(919): App\Controllers\FileUploadController->dashboard()
11 SYSTEMPATH\CodeIgniter.php(494): CodeIgniter\CodeIgniter->runController(Object(App\Controllers\FileUploadController))
12 SYSTEMPATH\CodeIgniter.php(353): CodeIgniter\CodeIgniter->handleRequest(null, Object(Config\Cache), false)
13 FCPATH\index.php(79): CodeIgniter\CodeIgniter->run()
14 SYSTEMPATH\Commands\Server\rewrite.php(47): require_once('C:\\laragon\\www\\documts_finalaaa\\public\\index.php')
CRITICAL - 2024-09-26 12:59:21 --> Undefined variable $chartData
in APPPATH\Views\partials\charts.php on line 22.
 1 APPPATH\Views\partials\charts.php(22): CodeIgniter\Debug\Exceptions->errorHandler(2, 'Undefined variable $chartData', 'C:\\laragon\\www\\documts_finalaaa\\app\\Views\\partials\\charts.php', 22)
 2 SYSTEMPATH\View\View.php(226): include('C:\\laragon\\www\\documts_finalaaa\\app\\Views\\partials\\charts.php')
 3 SYSTEMPATH\View\View.php(229): CodeIgniter\View\View->CodeIgniter\View\{closure}()
 4 SYSTEMPATH\View\View.php(467): CodeIgniter\View\View->render('partials/charts', null, true)
 5 APPPATH\Views\dashboard\dashboard.php(63): CodeIgniter\View\View->include('partials/charts')
 6 SYSTEMPATH\View\View.php(226): include('C:\\laragon\\www\\documts_finalaaa\\app\\Views\\dashboard\\dashboard.php')
 7 SYSTEMPATH\View\View.php(229): CodeIgniter\View\View->CodeIgniter\View\{closure}()
 8 SYSTEMPATH\Common.php(1188): CodeIgniter\View\View->render('dashboard/dashboard', [], true)
 9 APPPATH\Controllers\FileUploadController.php(333): view('dashboard/dashboard', [...])
10 SYSTEMPATH\CodeIgniter.php(919): App\Controllers\FileUploadController->dashboard()
11 SYSTEMPATH\CodeIgniter.php(494): CodeIgniter\CodeIgniter->runController(Object(App\Controllers\FileUploadController))
12 SYSTEMPATH\CodeIgniter.php(353): CodeIgniter\CodeIgniter->handleRequest(null, Object(Config\Cache), false)
13 FCPATH\index.php(79): CodeIgniter\CodeIgniter->run()
14 SYSTEMPATH\Commands\Server\rewrite.php(47): require_once('C:\\laragon\\www\\documts_finalaaa\\public\\index.php')
CRITICAL - 2024-09-26 13:00:30 --> Undefined variable $chartData
in APPPATH\Views\partials\charts.php on line 22.
 1 APPPATH\Views\partials\charts.php(22): CodeIgniter\Debug\Exceptions->errorHandler(2, 'Undefined variable $chartData', 'C:\\laragon\\www\\documts_finalaaa\\app\\Views\\partials\\charts.php', 22)
 2 SYSTEMPATH\View\View.php(226): include('C:\\laragon\\www\\documts_finalaaa\\app\\Views\\partials\\charts.php')
 3 SYSTEMPATH\View\View.php(229): CodeIgniter\View\View->CodeIgniter\View\{closure}()
 4 SYSTEMPATH\View\View.php(467): CodeIgniter\View\View->render('partials/charts', null, true)
 5 APPPATH\Views\dashboard\dashboard.php(63): CodeIgniter\View\View->include('partials/charts')
 6 SYSTEMPATH\View\View.php(226): include('C:\\laragon\\www\\documts_finalaaa\\app\\Views\\dashboard\\dashboard.php')
 7 SYSTEMPATH\View\View.php(229): CodeIgniter\View\View->CodeIgniter\View\{closure}()
 8 SYSTEMPATH\Common.php(1188): CodeIgniter\View\View->render('dashboard/dashboard', [], true)
 9 APPPATH\Controllers\FileUploadController.php(333): view('dashboard/dashboard', [...])
10 SYSTEMPATH\CodeIgniter.php(919): App\Controllers\FileUploadController->dashboard()
11 SYSTEMPATH\CodeIgniter.php(494): CodeIgniter\CodeIgniter->runController(Object(App\Controllers\FileUploadController))
12 SYSTEMPATH\CodeIgniter.php(353): CodeIgniter\CodeIgniter->handleRequest(null, Object(Config\Cache), false)
13 FCPATH\index.php(79): CodeIgniter\CodeIgniter->run()
14 SYSTEMPATH\Commands\Server\rewrite.php(47): require_once('C:\\laragon\\www\\documts_finalaaa\\public\\index.php')
CRITICAL - 2024-09-26 13:18:43 --> Undefined variable $chartData
in APPPATH\Views\partials\charts.php on line 21.
 1 APPPATH\Views\partials\charts.php(21): CodeIgniter\Debug\Exceptions->errorHandler(2, 'Undefined variable $chartData', 'C:\\laragon\\www\\documts_finalaaa\\app\\Views\\partials\\charts.php', 21)
 2 SYSTEMPATH\View\View.php(226): include('C:\\laragon\\www\\documts_finalaaa\\app\\Views\\partials\\charts.php')
 3 SYSTEMPATH\View\View.php(229): CodeIgniter\View\View->CodeIgniter\View\{closure}()
 4 SYSTEMPATH\View\View.php(467): CodeIgniter\View\View->render('partials/charts', null, true)
 5 APPPATH\Views\dashboard\dashboard.php(63): CodeIgniter\View\View->include('partials/charts')
 6 SYSTEMPATH\View\View.php(226): include('C:\\laragon\\www\\documts_finalaaa\\app\\Views\\dashboard\\dashboard.php')
 7 SYSTEMPATH\View\View.php(229): CodeIgniter\View\View->CodeIgniter\View\{closure}()
 8 SYSTEMPATH\Common.php(1188): CodeIgniter\View\View->render('dashboard/dashboard', [], true)
 9 APPPATH\Controllers\FileUploadController.php(333): view('dashboard/dashboard', [...])
10 SYSTEMPATH\CodeIgniter.php(919): App\Controllers\FileUploadController->dashboard()
11 SYSTEMPATH\CodeIgniter.php(494): CodeIgniter\CodeIgniter->runController(Object(App\Controllers\FileUploadController))
12 SYSTEMPATH\CodeIgniter.php(353): CodeIgniter\CodeIgniter->handleRequest(null, Object(Config\Cache), false)
13 FCPATH\index.php(79): CodeIgniter\CodeIgniter->run()
14 SYSTEMPATH\Commands\Server\rewrite.php(47): require_once('C:\\laragon\\www\\documts_finalaaa\\public\\index.php')
CRITICAL - 2024-09-26 13:20:59 --> Undefined variable $isLoggedIn
in APPPATH\Views\partials\navbar.php on line 43.
 1 APPPATH\Views\partials\navbar.php(43): CodeIgniter\Debug\Exceptions->errorHandler(2, 'Undefined variable $isLoggedIn', 'C:\\laragon\\www\\documts_finalaaa\\app\\Views\\partials\\navbar.php', 43)
 2 SYSTEMPATH\View\View.php(226): include('C:\\laragon\\www\\documts_finalaaa\\app\\Views\\partials\\navbar.php')
 3 SYSTEMPATH\View\View.php(229): CodeIgniter\View\View->CodeIgniter\View\{closure}()
 4 SYSTEMPATH\View\View.php(467): CodeIgniter\View\View->render('partials/navbar', null, true)
 5 APPPATH\Views\dashboard\maintenance.php(13): CodeIgniter\View\View->include('partials/navbar')
 6 SYSTEMPATH\View\View.php(226): include('C:\\laragon\\www\\documts_finalaaa\\app\\Views\\dashboard\\maintenance.php')
 7 SYSTEMPATH\View\View.php(229): CodeIgniter\View\View->CodeIgniter\View\{closure}()
 8 SYSTEMPATH\Common.php(1188): CodeIgniter\View\View->render('dashboard/maintenance', [], true)
 9 APPPATH\Controllers\ChartController.php(19): view('dashboard/maintenance', [...])
10 SYSTEMPATH\CodeIgniter.php(919): App\Controllers\ChartController->index()
11 SYSTEMPATH\CodeIgniter.php(494): CodeIgniter\CodeIgniter->runController(Object(App\Controllers\ChartController))
12 SYSTEMPATH\CodeIgniter.php(353): CodeIgniter\CodeIgniter->handleRequest(null, Object(Config\Cache), false)
13 FCPATH\index.php(79): CodeIgniter\CodeIgniter->run()
14 SYSTEMPATH\Commands\Server\rewrite.php(47): require_once('C:\\laragon\\www\\documts_finalaaa\\public\\index.php')
CRITICAL - 2024-09-26 13:22:39 --> Undefined variable $isLoggedIn
in APPPATH\Views\partials\navbar.php on line 43.
 1 APPPATH\Views\partials\navbar.php(43): CodeIgniter\Debug\Exceptions->errorHandler(2, 'Undefined variable $isLoggedIn', 'C:\\laragon\\www\\documts_finalaaa\\app\\Views\\partials\\navbar.php', 43)
 2 SYSTEMPATH\View\View.php(226): include('C:\\laragon\\www\\documts_finalaaa\\app\\Views\\partials\\navbar.php')
 3 SYSTEMPATH\View\View.php(229): CodeIgniter\View\View->CodeIgniter\View\{closure}()
 4 SYSTEMPATH\View\View.php(467): CodeIgniter\View\View->render('partials/navbar', null, true)
 5 APPPATH\Views\dashboard\maintenance.php(13): CodeIgniter\View\View->include('partials/navbar')
 6 SYSTEMPATH\View\View.php(226): include('C:\\laragon\\www\\documts_finalaaa\\app\\Views\\dashboard\\maintenance.php')
 7 SYSTEMPATH\View\View.php(229): CodeIgniter\View\View->CodeIgniter\View\{closure}()
 8 SYSTEMPATH\Common.php(1188): CodeIgniter\View\View->render('dashboard/maintenance', [], true)
 9 APPPATH\Controllers\ChartController.php(19): view('dashboard/maintenance', [...])
10 SYSTEMPATH\CodeIgniter.php(919): App\Controllers\ChartController->index()
11 SYSTEMPATH\CodeIgniter.php(494): CodeIgniter\CodeIgniter->runController(Object(App\Controllers\ChartController))
12 SYSTEMPATH\CodeIgniter.php(353): CodeIgniter\CodeIgniter->handleRequest(null, Object(Config\Cache), false)
13 FCPATH\index.php(79): CodeIgniter\CodeIgniter->run()
14 SYSTEMPATH\Commands\Server\rewrite.php(47): require_once('C:\\laragon\\www\\documts_finalaaa\\public\\index.php')
CRITICAL - 2024-09-26 13:27:07 --> Undefined variable $isLoggedIn
in APPPATH\Views\partials\navbar.php on line 43.
 1 APPPATH\Views\partials\navbar.php(43): CodeIgniter\Debug\Exceptions->errorHandler(2, 'Undefined variable $isLoggedIn', 'C:\\laragon\\www\\documts_finalaaa\\app\\Views\\partials\\navbar.php', 43)
 2 SYSTEMPATH\View\View.php(226): include('C:\\laragon\\www\\documts_finalaaa\\app\\Views\\partials\\navbar.php')
 3 SYSTEMPATH\View\View.php(229): CodeIgniter\View\View->CodeIgniter\View\{closure}()
 4 SYSTEMPATH\View\View.php(467): CodeIgniter\View\View->render('partials/navbar', null, true)
 5 APPPATH\Views\dashboard\maintenance.php(13): CodeIgniter\View\View->include('partials/navbar')
 6 SYSTEMPATH\View\View.php(226): include('C:\\laragon\\www\\documts_finalaaa\\app\\Views\\dashboard\\maintenance.php')
 7 SYSTEMPATH\View\View.php(229): CodeIgniter\View\View->CodeIgniter\View\{closure}()
 8 SYSTEMPATH\Common.php(1188): CodeIgniter\View\View->render('dashboard/maintenance', [], true)
 9 APPPATH\Controllers\ChartController.php(19): view('dashboard/maintenance', [...])
10 SYSTEMPATH\CodeIgniter.php(919): App\Controllers\ChartController->index()
11 SYSTEMPATH\CodeIgniter.php(494): CodeIgniter\CodeIgniter->runController(Object(App\Controllers\ChartController))
12 SYSTEMPATH\CodeIgniter.php(353): CodeIgniter\CodeIgniter->handleRequest(null, Object(Config\Cache), false)
13 FCPATH\index.php(79): CodeIgniter\CodeIgniter->run()
14 SYSTEMPATH\Commands\Server\rewrite.php(47): require_once('C:\\laragon\\www\\documts_finalaaa\\public\\index.php')
CRITICAL - 2024-09-26 13:53:30 --> Undefined variable $chartData
in APPPATH\Views\partials\charts.php on line 40.
 1 APPPATH\Views\partials\charts.php(40): CodeIgniter\Debug\Exceptions->errorHandler(2, 'Undefined variable $chartData', 'C:\\laragon\\www\\documts_finalaaa\\app\\Views\\partials\\charts.php', 40)
 2 SYSTEMPATH\View\View.php(226): include('C:\\laragon\\www\\documts_finalaaa\\app\\Views\\partials\\charts.php')
 3 SYSTEMPATH\View\View.php(229): CodeIgniter\View\View->CodeIgniter\View\{closure}()
 4 SYSTEMPATH\View\View.php(467): CodeIgniter\View\View->render('partials/charts', null, true)
 5 APPPATH\Views\dashboard\dashboard.php(63): CodeIgniter\View\View->include('partials/charts')
 6 SYSTEMPATH\View\View.php(226): include('C:\\laragon\\www\\documts_finalaaa\\app\\Views\\dashboard\\dashboard.php')
 7 SYSTEMPATH\View\View.php(229): CodeIgniter\View\View->CodeIgniter\View\{closure}()
 8 SYSTEMPATH\Common.php(1188): CodeIgniter\View\View->render('dashboard/dashboard', [], true)
 9 APPPATH\Controllers\FileUploadController.php(333): view('dashboard/dashboard', [...])
10 SYSTEMPATH\CodeIgniter.php(919): App\Controllers\FileUploadController->dashboard()
11 SYSTEMPATH\CodeIgniter.php(494): CodeIgniter\CodeIgniter->runController(Object(App\Controllers\FileUploadController))
12 SYSTEMPATH\CodeIgniter.php(353): CodeIgniter\CodeIgniter->handleRequest(null, Object(Config\Cache), false)
13 FCPATH\index.php(79): CodeIgniter\CodeIgniter->run()
14 SYSTEMPATH\Commands\Server\rewrite.php(47): require_once('C:\\laragon\\www\\documts_finalaaa\\public\\index.php')
CRITICAL - 2024-09-26 13:56:35 --> Undefined variable $chartData
in APPPATH\Views\dashboard\dashboard.php on line 67.
 1 APPPATH\Views\dashboard\dashboard.php(67): CodeIgniter\Debug\Exceptions->errorHandler(2, 'Undefined variable $chartData', 'C:\\laragon\\www\\documts_finalaaa\\app\\Views\\dashboard\\dashboard.php', 67)
 2 SYSTEMPATH\View\View.php(226): include('C:\\laragon\\www\\documts_finalaaa\\app\\Views\\dashboard\\dashboard.php')
 3 SYSTEMPATH\View\View.php(229): CodeIgniter\View\View->CodeIgniter\View\{closure}()
 4 SYSTEMPATH\Common.php(1188): CodeIgniter\View\View->render('dashboard/dashboard', [], true)
 5 APPPATH\Controllers\FileUploadController.php(333): view('dashboard/dashboard', [...])
 6 SYSTEMPATH\CodeIgniter.php(919): App\Controllers\FileUploadController->dashboard()
 7 SYSTEMPATH\CodeIgniter.php(494): CodeIgniter\CodeIgniter->runController(Object(App\Controllers\FileUploadController))
 8 SYSTEMPATH\CodeIgniter.php(353): CodeIgniter\CodeIgniter->handleRequest(null, Object(Config\Cache), false)
 9 FCPATH\index.php(79): CodeIgniter\CodeIgniter->run()
10 SYSTEMPATH\Commands\Server\rewrite.php(47): require_once('C:\\laragon\\www\\documts_finalaaa\\public\\index.php')
