CRITICAL - 2024-05-22 03:44:46 --> Undefined variable $user
in APPPATH\Views\partials\user_sidebar.php on line 12.
 1 APPPATH\Views\partials\user_sidebar.php(12): CodeIgniter\Debug\Exceptions->errorHandler(2, 'Undefined variable $user', 'C:\\laragon\\www\\documts_finalaaa\\app\\Views\\partials\\user_sidebar.php', 12)
 2 SYSTEMPATH\View\View.php(226): include('C:\\laragon\\www\\documts_finalaaa\\app\\Views\\partials\\user_sidebar.php')
 3 SYSTEMPATH\View\View.php(229): CodeIgniter\View\View->CodeIgniter\View\{closure}()
 4 SYSTEMPATH\View\View.php(467): CodeIgniter\View\View->render('partials/user_sidebar', null, true)
 5 APPPATH\Views\user_dashboard\dashboard.php(7): CodeIgniter\View\View->include('partials/user_sidebar')
 6 SYSTEMPATH\View\View.php(226): include('C:\\laragon\\www\\documts_finalaaa\\app\\Views\\user_dashboard\\dashboard.php')
 7 SYSTEMPATH\View\View.php(229): CodeIgniter\View\View->CodeIgniter\View\{closure}()
 8 SYSTEMPATH\Common.php(1188): CodeIgniter\View\View->render('user_dashboard/dashboard', [], true)
 9 APPPATH\Controllers\UserDBController.php(11): view('user_dashboard/dashboard')
10 SYSTEMPATH\CodeIgniter.php(919): App\Controllers\UserDBController->dashboard()
11 SYSTEMPATH\CodeIgniter.php(494): CodeIgniter\CodeIgniter->runController(Object(App\Controllers\UserDBController))
12 SYSTEMPATH\CodeIgniter.php(353): CodeIgniter\CodeIgniter->handleRequest(null, Object(Config\Cache), false)
13 FCPATH\index.php(79): CodeIgniter\CodeIgniter->run()
14 SYSTEMPATH\Commands\Server\rewrite.php(47): require_once('C:\\laragon\\www\\documts_finalaaa\\public\\index.php')
CRITICAL - 2024-05-22 03:47:54 --> Undefined variable $user
in APPPATH\Views\partials\user_sidebar.php on line 12.
 1 APPPATH\Views\partials\user_sidebar.php(12): CodeIgniter\Debug\Exceptions->errorHandler(2, 'Undefined variable $user', 'C:\\laragon\\www\\documts_finalaaa\\app\\Views\\partials\\user_sidebar.php', 12)
 2 SYSTEMPATH\View\View.php(226): include('C:\\laragon\\www\\documts_finalaaa\\app\\Views\\partials\\user_sidebar.php')
 3 SYSTEMPATH\View\View.php(229): CodeIgniter\View\View->CodeIgniter\View\{closure}()
 4 SYSTEMPATH\View\View.php(467): CodeIgniter\View\View->render('partials/user_sidebar', null, true)
 5 APPPATH\Views\user_dashboard\dashboard.php(7): CodeIgniter\View\View->include('partials/user_sidebar')
 6 SYSTEMPATH\View\View.php(226): include('C:\\laragon\\www\\documts_finalaaa\\app\\Views\\user_dashboard\\dashboard.php')
 7 SYSTEMPATH\View\View.php(229): CodeIgniter\View\View->CodeIgniter\View\{closure}()
 8 SYSTEMPATH\Common.php(1188): CodeIgniter\View\View->render('user_dashboard/dashboard', [], true)
 9 APPPATH\Controllers\UserDBController.php(11): view('user_dashboard/dashboard')
10 SYSTEMPATH\CodeIgniter.php(919): App\Controllers\UserDBController->dashboard()
11 SYSTEMPATH\CodeIgniter.php(494): CodeIgniter\CodeIgniter->runController(Object(App\Controllers\UserDBController))
12 SYSTEMPATH\CodeIgniter.php(353): CodeIgniter\CodeIgniter->handleRequest(null, Object(Config\Cache), false)
13 FCPATH\index.php(79): CodeIgniter\CodeIgniter->run()
14 SYSTEMPATH\Commands\Server\rewrite.php(47): require_once('C:\\laragon\\www\\documts_finalaaa\\public\\index.php')
CRITICAL - 2024-05-22 03:48:12 --> Undefined variable $user
in APPPATH\Views\partials\user_sidebar.php on line 12.
 1 APPPATH\Views\partials\user_sidebar.php(12): CodeIgniter\Debug\Exceptions->errorHandler(2, 'Undefined variable $user', 'C:\\laragon\\www\\documts_finalaaa\\app\\Views\\partials\\user_sidebar.php', 12)
 2 SYSTEMPATH\View\View.php(226): include('C:\\laragon\\www\\documts_finalaaa\\app\\Views\\partials\\user_sidebar.php')
 3 SYSTEMPATH\View\View.php(229): CodeIgniter\View\View->CodeIgniter\View\{closure}()
 4 SYSTEMPATH\View\View.php(467): CodeIgniter\View\View->render('partials/user_sidebar', null, true)
 5 APPPATH\Views\user_dashboard\dashboard.php(7): CodeIgniter\View\View->include('partials/user_sidebar')
 6 SYSTEMPATH\View\View.php(226): include('C:\\laragon\\www\\documts_finalaaa\\app\\Views\\user_dashboard\\dashboard.php')
 7 SYSTEMPATH\View\View.php(229): CodeIgniter\View\View->CodeIgniter\View\{closure}()
 8 SYSTEMPATH\Common.php(1188): CodeIgniter\View\View->render('user_dashboard/dashboard', [], true)
 9 APPPATH\Controllers\UserDBController.php(11): view('user_dashboard/dashboard')
10 SYSTEMPATH\CodeIgniter.php(919): App\Controllers\UserDBController->dashboard()
11 SYSTEMPATH\CodeIgniter.php(494): CodeIgniter\CodeIgniter->runController(Object(App\Controllers\UserDBController))
12 SYSTEMPATH\CodeIgniter.php(353): CodeIgniter\CodeIgniter->handleRequest(null, Object(Config\Cache), false)
13 FCPATH\index.php(79): CodeIgniter\CodeIgniter->run()
14 SYSTEMPATH\Commands\Server\rewrite.php(47): require_once('C:\\laragon\\www\\documts_finalaaa\\public\\index.php')
CRITICAL - 2024-05-22 03:48:22 --> Undefined variable $user
in APPPATH\Views\partials\user_sidebar.php on line 12.
 1 APPPATH\Views\partials\user_sidebar.php(12): CodeIgniter\Debug\Exceptions->errorHandler(2, 'Undefined variable $user', 'C:\\laragon\\www\\documts_finalaaa\\app\\Views\\partials\\user_sidebar.php', 12)
 2 SYSTEMPATH\View\View.php(226): include('C:\\laragon\\www\\documts_finalaaa\\app\\Views\\partials\\user_sidebar.php')
 3 SYSTEMPATH\View\View.php(229): CodeIgniter\View\View->CodeIgniter\View\{closure}()
 4 SYSTEMPATH\View\View.php(467): CodeIgniter\View\View->render('partials/user_sidebar', null, true)
 5 APPPATH\Views\user_dashboard\dashboard.php(7): CodeIgniter\View\View->include('partials/user_sidebar')
 6 SYSTEMPATH\View\View.php(226): include('C:\\laragon\\www\\documts_finalaaa\\app\\Views\\user_dashboard\\dashboard.php')
 7 SYSTEMPATH\View\View.php(229): CodeIgniter\View\View->CodeIgniter\View\{closure}()
 8 SYSTEMPATH\Common.php(1188): CodeIgniter\View\View->render('user_dashboard/dashboard', [], true)
 9 APPPATH\Controllers\UserDBController.php(11): view('user_dashboard/dashboard')
10 SYSTEMPATH\CodeIgniter.php(919): App\Controllers\UserDBController->dashboard()
11 SYSTEMPATH\CodeIgniter.php(494): CodeIgniter\CodeIgniter->runController(Object(App\Controllers\UserDBController))
12 SYSTEMPATH\CodeIgniter.php(353): CodeIgniter\CodeIgniter->handleRequest(null, Object(Config\Cache), false)
13 FCPATH\index.php(79): CodeIgniter\CodeIgniter->run()
14 SYSTEMPATH\Commands\Server\rewrite.php(47): require_once('C:\\laragon\\www\\documts_finalaaa\\public\\index.php')
CRITICAL - 2024-05-22 03:57:54 --> Undefined variable $user
in APPPATH\Views\partials\user_sidebar.php on line 12.
 1 APPPATH\Views\partials\user_sidebar.php(12): CodeIgniter\Debug\Exceptions->errorHandler(2, 'Undefined variable $user', 'C:\\laragon\\www\\documts_finalaaa\\app\\Views\\partials\\user_sidebar.php', 12)
 2 SYSTEMPATH\View\View.php(226): include('C:\\laragon\\www\\documts_finalaaa\\app\\Views\\partials\\user_sidebar.php')
 3 SYSTEMPATH\View\View.php(229): CodeIgniter\View\View->CodeIgniter\View\{closure}()
 4 SYSTEMPATH\View\View.php(467): CodeIgniter\View\View->render('partials/user_sidebar', null, true)
 5 APPPATH\Views\user_dashboard\dashboard.php(7): CodeIgniter\View\View->include('partials/user_sidebar')
 6 SYSTEMPATH\View\View.php(226): include('C:\\laragon\\www\\documts_finalaaa\\app\\Views\\user_dashboard\\dashboard.php')
 7 SYSTEMPATH\View\View.php(229): CodeIgniter\View\View->CodeIgniter\View\{closure}()
 8 SYSTEMPATH\Common.php(1188): CodeIgniter\View\View->render('user_dashboard/dashboard', [], true)
 9 APPPATH\Controllers\UserDBController.php(11): view('user_dashboard/dashboard')
10 SYSTEMPATH\CodeIgniter.php(919): App\Controllers\UserDBController->dashboard()
11 SYSTEMPATH\CodeIgniter.php(494): CodeIgniter\CodeIgniter->runController(Object(App\Controllers\UserDBController))
12 SYSTEMPATH\CodeIgniter.php(353): CodeIgniter\CodeIgniter->handleRequest(null, Object(Config\Cache), false)
13 FCPATH\index.php(79): CodeIgniter\CodeIgniter->run()
14 SYSTEMPATH\Commands\Server\rewrite.php(47): require_once('C:\\laragon\\www\\documts_finalaaa\\public\\index.php')
CRITICAL - 2024-05-22 04:08:20 --> Trying to access array offset on value of type null
in APPPATH\Views\partials\user_sidebar.php on line 12.
 1 APPPATH\Views\partials\user_sidebar.php(12): CodeIgniter\Debug\Exceptions->errorHandler(2, 'Trying to access array offset on value of type null', 'C:\\laragon\\www\\documts_finalaaa\\app\\Views\\partials\\user_sidebar.php', 12)
 2 SYSTEMPATH\View\View.php(226): include('C:\\laragon\\www\\documts_finalaaa\\app\\Views\\partials\\user_sidebar.php')
 3 SYSTEMPATH\View\View.php(229): CodeIgniter\View\View->CodeIgniter\View\{closure}()
 4 SYSTEMPATH\Common.php(1188): CodeIgniter\View\View->render('partials/user_sidebar', [], true)
 5 APPPATH\Controllers\UserController.php(15): view('partials/user_sidebar', [...])
 6 SYSTEMPATH\CodeIgniter.php(919): App\Controllers\UserController->show('1')
 7 SYSTEMPATH\CodeIgniter.php(494): CodeIgniter\CodeIgniter->runController(Object(App\Controllers\UserController))
 8 SYSTEMPATH\CodeIgniter.php(353): CodeIgniter\CodeIgniter->handleRequest(null, Object(Config\Cache), false)
 9 FCPATH\index.php(79): CodeIgniter\CodeIgniter->run()
10 SYSTEMPATH\Commands\Server\rewrite.php(47): require_once('C:\\laragon\\www\\documts_finalaaa\\public\\index.php')
CRITICAL - 2024-05-22 04:21:57 --> Trying to access array offset on value of type null
in APPPATH\Views\partials\user_sidebar.php on line 12.
 1 APPPATH\Views\partials\user_sidebar.php(12): CodeIgniter\Debug\Exceptions->errorHandler(2, 'Trying to access array offset on value of type null', 'C:\\laragon\\www\\documts_finalaaa\\app\\Views\\partials\\user_sidebar.php', 12)
 2 SYSTEMPATH\View\View.php(226): include('C:\\laragon\\www\\documts_finalaaa\\app\\Views\\partials\\user_sidebar.php')
 3 SYSTEMPATH\View\View.php(229): CodeIgniter\View\View->CodeIgniter\View\{closure}()
 4 SYSTEMPATH\View\View.php(467): CodeIgniter\View\View->render('partials/user_sidebar', null, true)
 5 APPPATH\Views\user_dashboard\dashboard.php(7): CodeIgniter\View\View->include('partials/user_sidebar')
 6 SYSTEMPATH\View\View.php(226): include('C:\\laragon\\www\\documts_finalaaa\\app\\Views\\user_dashboard\\dashboard.php')
 7 SYSTEMPATH\View\View.php(229): CodeIgniter\View\View->CodeIgniter\View\{closure}()
 8 SYSTEMPATH\Common.php(1188): CodeIgniter\View\View->render('user_dashboard/dashboard', [], true)
 9 APPPATH\Controllers\UserController.php(15): view('user_dashboard/dashboard', [...])
10 SYSTEMPATH\CodeIgniter.php(919): App\Controllers\UserController->show('1')
11 SYSTEMPATH\CodeIgniter.php(494): CodeIgniter\CodeIgniter->runController(Object(App\Controllers\UserController))
12 SYSTEMPATH\CodeIgniter.php(353): CodeIgniter\CodeIgniter->handleRequest(null, Object(Config\Cache), false)
13 FCPATH\index.php(79): CodeIgniter\CodeIgniter->run()
14 SYSTEMPATH\Commands\Server\rewrite.php(47): require_once('C:\\laragon\\www\\documts_finalaaa\\public\\index.php')
CRITICAL - 2024-05-22 04:21:59 --> Undefined variable $user
in APPPATH\Views\partials\user_sidebar.php on line 12.
 1 APPPATH\Views\partials\user_sidebar.php(12): CodeIgniter\Debug\Exceptions->errorHandler(2, 'Undefined variable $user', 'C:\\laragon\\www\\documts_finalaaa\\app\\Views\\partials\\user_sidebar.php', 12)
 2 SYSTEMPATH\View\View.php(226): include('C:\\laragon\\www\\documts_finalaaa\\app\\Views\\partials\\user_sidebar.php')
 3 SYSTEMPATH\View\View.php(229): CodeIgniter\View\View->CodeIgniter\View\{closure}()
 4 SYSTEMPATH\View\View.php(467): CodeIgniter\View\View->render('partials/user_sidebar', null, true)
 5 APPPATH\Views\user_dashboard\dashboard.php(7): CodeIgniter\View\View->include('partials/user_sidebar')
 6 SYSTEMPATH\View\View.php(226): include('C:\\laragon\\www\\documts_finalaaa\\app\\Views\\user_dashboard\\dashboard.php')
 7 SYSTEMPATH\View\View.php(229): CodeIgniter\View\View->CodeIgniter\View\{closure}()
 8 SYSTEMPATH\Common.php(1188): CodeIgniter\View\View->render('user_dashboard/dashboard', [], true)
 9 APPPATH\Controllers\UserDBController.php(11): view('user_dashboard/dashboard')
10 SYSTEMPATH\CodeIgniter.php(919): App\Controllers\UserDBController->dashboard()
11 SYSTEMPATH\CodeIgniter.php(494): CodeIgniter\CodeIgniter->runController(Object(App\Controllers\UserDBController))
12 SYSTEMPATH\CodeIgniter.php(353): CodeIgniter\CodeIgniter->handleRequest(null, Object(Config\Cache), false)
13 FCPATH\index.php(79): CodeIgniter\CodeIgniter->run()
14 SYSTEMPATH\Commands\Server\rewrite.php(47): require_once('C:\\laragon\\www\\documts_finalaaa\\public\\index.php')
CRITICAL - 2024-05-22 04:34:39 --> Undefined variable $user
in APPPATH\Views\partials\user_sidebar.php on line 12.
 1 APPPATH\Views\partials\user_sidebar.php(12): CodeIgniter\Debug\Exceptions->errorHandler(2, 'Undefined variable $user', 'C:\\laragon\\www\\documts_finalaaa\\app\\Views\\partials\\user_sidebar.php', 12)
 2 SYSTEMPATH\View\View.php(226): include('C:\\laragon\\www\\documts_finalaaa\\app\\Views\\partials\\user_sidebar.php')
 3 SYSTEMPATH\View\View.php(229): CodeIgniter\View\View->CodeIgniter\View\{closure}()
 4 SYSTEMPATH\View\View.php(467): CodeIgniter\View\View->render('partials/user_sidebar', null, true)
 5 APPPATH\Views\user_dashboard\dashboard.php(7): CodeIgniter\View\View->include('partials/user_sidebar')
 6 SYSTEMPATH\View\View.php(226): include('C:\\laragon\\www\\documts_finalaaa\\app\\Views\\user_dashboard\\dashboard.php')
 7 SYSTEMPATH\View\View.php(229): CodeIgniter\View\View->CodeIgniter\View\{closure}()
 8 SYSTEMPATH\Common.php(1188): CodeIgniter\View\View->render('user_dashboard/dashboard', [], true)
 9 APPPATH\Controllers\UserDBController.php(11): view('user_dashboard/dashboard')
10 SYSTEMPATH\CodeIgniter.php(919): App\Controllers\UserDBController->dashboard()
11 SYSTEMPATH\CodeIgniter.php(494): CodeIgniter\CodeIgniter->runController(Object(App\Controllers\UserDBController))
12 SYSTEMPATH\CodeIgniter.php(353): CodeIgniter\CodeIgniter->handleRequest(null, Object(Config\Cache), false)
13 FCPATH\index.php(79): CodeIgniter\CodeIgniter->run()
14 SYSTEMPATH\Commands\Server\rewrite.php(47): require_once('C:\\laragon\\www\\documts_finalaaa\\public\\index.php')
