CRITICAL - 2024-09-29 14:07:23 --> View themes, no current section.
in SYSTEMPATH\View\View.php on line 423.
 1 APPPATH\Views\auth\login.php(133): CodeIgniter\View\View->endSection()
 2 SYSTEMPATH\View\View.php(226): include('C:\\laragon\\www\\documts_finalaaa\\app\\Views\\auth\\login.php')
 3 SYSTEMPATH\View\View.php(229): CodeIgniter\View\View->CodeIgniter\View\{closure}()
 4 SYSTEMPATH\Common.php(1188): CodeIgniter\View\View->render('auth/login', [], true)
 5 APPPATH\Controllers\SigninController.php(14): view('auth/login')
 6 SYSTEMPATH\CodeIgniter.php(919): App\Controllers\SigninController->index()
 7 SYSTEMPATH\CodeIgniter.php(494): CodeIgniter\CodeIgniter->runController(Object(App\Controllers\SigninController))
 8 SYSTEMPATH\CodeIgniter.php(353): CodeIgniter\CodeIgniter->handleRequest(null, Object(Config\Cache), false)
 9 FCPATH\index.php(79): CodeIgniter\CodeIgniter->run()
10 SYSTEMPATH\Commands\Server\rewrite.php(47): require_once('C:\\laragon\\www\\documts_finalaaa\\public\\index.php')
CRITICAL - 2024-09-29 14:07:30 --> View themes, no current section.
in SYSTEMPATH\View\View.php on line 423.
 1 APPPATH\Views\auth\login.php(133): CodeIgniter\View\View->endSection()
 2 SYSTEMPATH\View\View.php(226): include('C:\\laragon\\www\\documts_finalaaa\\app\\Views\\auth\\login.php')
 3 SYSTEMPATH\View\View.php(229): CodeIgniter\View\View->CodeIgniter\View\{closure}()
 4 SYSTEMPATH\Common.php(1188): CodeIgniter\View\View->render('auth/login', [], true)
 5 APPPATH\Controllers\SigninController.php(14): view('auth/login')
 6 SYSTEMPATH\CodeIgniter.php(919): App\Controllers\SigninController->index()
 7 SYSTEMPATH\CodeIgniter.php(494): CodeIgniter\CodeIgniter->runController(Object(App\Controllers\SigninController))
 8 SYSTEMPATH\CodeIgniter.php(353): CodeIgniter\CodeIgniter->handleRequest(null, Object(Config\Cache), false)
 9 FCPATH\index.php(79): CodeIgniter\CodeIgniter->run()
10 SYSTEMPATH\Commands\Server\rewrite.php(47): require_once('C:\\laragon\\www\\documts_finalaaa\\public\\index.php')
CRITICAL - 2024-09-29 22:03:12 --> Undefined variable $isLoggedIn
in APPPATH\Views\partials\navbar.php on line 43.
 1 APPPATH\Views\partials\navbar.php(43): CodeIgniter\Debug\Exceptions->errorHandler(2, 'Undefined variable $isLoggedIn', 'C:\\laragon\\www\\documts_finalaaa\\app\\Views\\partials\\navbar.php', 43)
 2 SYSTEMPATH\View\View.php(226): include('C:\\laragon\\www\\documts_finalaaa\\app\\Views\\partials\\navbar.php')
 3 SYSTEMPATH\View\View.php(229): CodeIgniter\View\View->CodeIgniter\View\{closure}()
 4 SYSTEMPATH\View\View.php(467): CodeIgniter\View\View->render('partials/navbar', null, true)
 5 APPPATH\Views\dashboard\reports.php(14): CodeIgniter\View\View->include('partials/navbar')
 6 SYSTEMPATH\View\View.php(226): include('C:\\laragon\\www\\documts_finalaaa\\app\\Views\\dashboard\\reports.php')
 7 SYSTEMPATH\View\View.php(229): CodeIgniter\View\View->CodeIgniter\View\{closure}()
 8 SYSTEMPATH\Common.php(1188): CodeIgniter\View\View->render('dashboard/reports', [], true)
 9 APPPATH\Controllers\GColumnChartController.php(24): view('dashboard/reports', [...])
10 SYSTEMPATH\CodeIgniter.php(919): App\Controllers\GColumnChartController->initChart()
11 SYSTEMPATH\CodeIgniter.php(494): CodeIgniter\CodeIgniter->runController(Object(App\Controllers\GColumnChartController))
12 SYSTEMPATH\CodeIgniter.php(353): CodeIgniter\CodeIgniter->handleRequest(null, Object(Config\Cache), false)
13 FCPATH\index.php(79): CodeIgniter\CodeIgniter->run()
14 SYSTEMPATH\Commands\Server\rewrite.php(47): require_once('C:\\laragon\\www\\documts_finalaaa\\public\\index.php')
CRITICAL - 2024-09-29 22:43:42 --> Undefined variable $incomingChartData
in APPPATH\Views\dashboard\maintenance.php on line 77.
 1 APPPATH\Views\dashboard\maintenance.php(77): CodeIgniter\Debug\Exceptions->errorHandler(2, 'Undefined variable $incomingChartData', 'C:\\laragon\\www\\documts_finalaaa\\app\\Views\\dashboard\\maintenance.php', 77)
 2 SYSTEMPATH\View\View.php(226): include('C:\\laragon\\www\\documts_finalaaa\\app\\Views\\dashboard\\maintenance.php')
 3 SYSTEMPATH\View\View.php(229): CodeIgniter\View\View->CodeIgniter\View\{closure}()
 4 SYSTEMPATH\Common.php(1188): CodeIgniter\View\View->render('dashboard/maintenance', [], true)
 5 APPPATH\Controllers\ChartController.php(22): view('dashboard/maintenance', [...])
 6 SYSTEMPATH\CodeIgniter.php(919): App\Controllers\ChartController->index()
 7 SYSTEMPATH\CodeIgniter.php(494): CodeIgniter\CodeIgniter->runController(Object(App\Controllers\ChartController))
 8 SYSTEMPATH\CodeIgniter.php(353): CodeIgniter\CodeIgniter->handleRequest(null, Object(Config\Cache), false)
 9 FCPATH\index.php(79): CodeIgniter\CodeIgniter->run()
10 SYSTEMPATH\Commands\Server\rewrite.php(47): require_once('C:\\laragon\\www\\documts_finalaaa\\public\\index.php')
CRITICAL - 2024-09-29 23:02:49 --> Undefined array key "barangay"
in APPPATH\Controllers\ChartController.php on line 113.
 1 APPPATH\Controllers\ChartController.php(113): CodeIgniter\Debug\Exceptions->errorHandler(2, 'Undefined array key "barangay"', 'C:\\laragon\\www\\documts_finalaaa\\app\\Controllers\\ChartController.php', 113)
 2 APPPATH\Controllers\ChartController.php(24): App\Controllers\ChartController->getUsersByBarangayChartData()
 3 SYSTEMPATH\CodeIgniter.php(919): App\Controllers\ChartController->index()
 4 SYSTEMPATH\CodeIgniter.php(494): CodeIgniter\CodeIgniter->runController(Object(App\Controllers\ChartController))
 5 SYSTEMPATH\CodeIgniter.php(353): CodeIgniter\CodeIgniter->handleRequest(null, Object(Config\Cache), false)
 6 FCPATH\index.php(79): CodeIgniter\CodeIgniter->run()
 7 SYSTEMPATH\Commands\Server\rewrite.php(47): require_once('C:\\laragon\\www\\documts_finalaaa\\public\\index.php')
