ERROR - 2024-07-30 13:40:09 --> Error connecting to the database: mysqli_sql_exception: No connection could be made because the target machine actively refused it in C:\laragon\www\documts_finalaaa\system\Database\MySQLi\Connection.php:185
Stack trace:
#0 C:\laragon\www\documts_finalaaa\system\Database\MySQLi\Connection.php(185): mysqli->real_connect('localhost', 'root', '', 'documts_final', 3306, '', 0)
#1 C:\laragon\www\documts_finalaaa\system\Database\BaseConnection.php(391): CodeIgniter\Database\MySQLi\Connection->connect(false)
#2 C:\laragon\www\documts_finalaaa\system\Database\BaseConnection.php(574): CodeIgniter\Database\BaseConnection->initialize()
#3 C:\laragon\www\documts_finalaaa\app\Controllers\Home.php(15): CodeIgniter\Database\BaseConnection->query('SELECT id, name...')
#4 C:\laragon\www\documts_finalaaa\system\CodeIgniter.php(919): App\Controllers\Home->compose()
#5 C:\laragon\www\documts_finalaaa\system\CodeIgniter.php(494): CodeIgniter\CodeIgniter->runController(Object(App\Controllers\Home))
#6 C:\laragon\www\documts_finalaaa\system\CodeIgniter.php(353): CodeIgniter\CodeIgniter->handleRequest(NULL, Object(Config\Cache), false)
#7 C:\laragon\www\documts_finalaaa\public\index.php(79): CodeIgniter\CodeIgniter->run()
#8 C:\laragon\www\documts_finalaaa\system\Commands\Server\rewrite.php(47): require_once('C:\\laragon\\www\\...')
#9 {main}

Next CodeIgniter\Database\Exceptions\DatabaseException: No connection could be made because the target machine actively refused it in C:\laragon\www\documts_finalaaa\system\Database\MySQLi\Connection.php:229
Stack trace:
#0 C:\laragon\www\documts_finalaaa\system\Database\BaseConnection.php(391): CodeIgniter\Database\MySQLi\Connection->connect(false)
#1 C:\laragon\www\documts_finalaaa\system\Database\BaseConnection.php(574): CodeIgniter\Database\BaseConnection->initialize()
#2 C:\laragon\www\documts_finalaaa\app\Controllers\Home.php(15): CodeIgniter\Database\BaseConnection->query('SELECT id, name...')
#3 C:\laragon\www\documts_finalaaa\system\CodeIgniter.php(919): App\Controllers\Home->compose()
#4 C:\laragon\www\documts_finalaaa\system\CodeIgniter.php(494): CodeIgniter\CodeIgniter->runController(Object(App\Controllers\Home))
#5 C:\laragon\www\documts_finalaaa\system\CodeIgniter.php(353): CodeIgniter\CodeIgniter->handleRequest(NULL, Object(Config\Cache), false)
#6 C:\laragon\www\documts_finalaaa\public\index.php(79): CodeIgniter\CodeIgniter->run()
#7 C:\laragon\www\documts_finalaaa\system\Commands\Server\rewrite.php(47): require_once('C:\\laragon\\www\\...')
#8 {main}
CRITICAL - 2024-07-30 13:40:09 --> Unable to connect to the database.
Main connection [MySQLi]: No connection could be made because the target machine actively refused it
in SYSTEMPATH\Database\BaseConnection.php on line 427.
 1 SYSTEMPATH\Database\BaseConnection.php(574): CodeIgniter\Database\BaseConnection->initialize()
 2 APPPATH\Controllers\Home.php(15): CodeIgniter\Database\BaseConnection->query('SELECT id, name FROM users')
 3 SYSTEMPATH\CodeIgniter.php(919): App\Controllers\Home->compose()
 4 SYSTEMPATH\CodeIgniter.php(494): CodeIgniter\CodeIgniter->runController(Object(App\Controllers\Home))
 5 SYSTEMPATH\CodeIgniter.php(353): CodeIgniter\CodeIgniter->handleRequest(null, Object(Config\Cache), false)
 6 FCPATH\index.php(79): CodeIgniter\CodeIgniter->run()
 7 SYSTEMPATH\Commands\Server\rewrite.php(47): require_once('C:\\laragon\\www\\documts_finalaaa\\public\\index.php')
ERROR - 2024-07-30 13:40:24 --> Error connecting to the database: mysqli_sql_exception: No connection could be made because the target machine actively refused it in C:\laragon\www\documts_finalaaa\system\Database\MySQLi\Connection.php:185
Stack trace:
#0 C:\laragon\www\documts_finalaaa\system\Database\MySQLi\Connection.php(185): mysqli->real_connect('localhost', 'root', '', 'documts_final', 3306, '', 0)
#1 C:\laragon\www\documts_finalaaa\system\Database\BaseConnection.php(391): CodeIgniter\Database\MySQLi\Connection->connect(false)
#2 C:\laragon\www\documts_finalaaa\system\Database\BaseConnection.php(574): CodeIgniter\Database\BaseConnection->initialize()
#3 C:\laragon\www\documts_finalaaa\app\Controllers\Home.php(15): CodeIgniter\Database\BaseConnection->query('SELECT id, name...')
#4 C:\laragon\www\documts_finalaaa\system\CodeIgniter.php(919): App\Controllers\Home->compose()
#5 C:\laragon\www\documts_finalaaa\system\CodeIgniter.php(494): CodeIgniter\CodeIgniter->runController(Object(App\Controllers\Home))
#6 C:\laragon\www\documts_finalaaa\system\CodeIgniter.php(353): CodeIgniter\CodeIgniter->handleRequest(NULL, Object(Config\Cache), false)
#7 C:\laragon\www\documts_finalaaa\public\index.php(79): CodeIgniter\CodeIgniter->run()
#8 C:\laragon\www\documts_finalaaa\system\Commands\Server\rewrite.php(47): require_once('C:\\laragon\\www\\...')
#9 {main}

Next CodeIgniter\Database\Exceptions\DatabaseException: No connection could be made because the target machine actively refused it in C:\laragon\www\documts_finalaaa\system\Database\MySQLi\Connection.php:229
Stack trace:
#0 C:\laragon\www\documts_finalaaa\system\Database\BaseConnection.php(391): CodeIgniter\Database\MySQLi\Connection->connect(false)
#1 C:\laragon\www\documts_finalaaa\system\Database\BaseConnection.php(574): CodeIgniter\Database\BaseConnection->initialize()
#2 C:\laragon\www\documts_finalaaa\app\Controllers\Home.php(15): CodeIgniter\Database\BaseConnection->query('SELECT id, name...')
#3 C:\laragon\www\documts_finalaaa\system\CodeIgniter.php(919): App\Controllers\Home->compose()
#4 C:\laragon\www\documts_finalaaa\system\CodeIgniter.php(494): CodeIgniter\CodeIgniter->runController(Object(App\Controllers\Home))
#5 C:\laragon\www\documts_finalaaa\system\CodeIgniter.php(353): CodeIgniter\CodeIgniter->handleRequest(NULL, Object(Config\Cache), false)
#6 C:\laragon\www\documts_finalaaa\public\index.php(79): CodeIgniter\CodeIgniter->run()
#7 C:\laragon\www\documts_finalaaa\system\Commands\Server\rewrite.php(47): require_once('C:\\laragon\\www\\...')
#8 {main}
CRITICAL - 2024-07-30 13:40:24 --> Unable to connect to the database.
Main connection [MySQLi]: No connection could be made because the target machine actively refused it
in SYSTEMPATH\Database\BaseConnection.php on line 427.
 1 SYSTEMPATH\Database\BaseConnection.php(574): CodeIgniter\Database\BaseConnection->initialize()
 2 APPPATH\Controllers\Home.php(15): CodeIgniter\Database\BaseConnection->query('SELECT id, name FROM users')
 3 SYSTEMPATH\CodeIgniter.php(919): App\Controllers\Home->compose()
 4 SYSTEMPATH\CodeIgniter.php(494): CodeIgniter\CodeIgniter->runController(Object(App\Controllers\Home))
 5 SYSTEMPATH\CodeIgniter.php(353): CodeIgniter\CodeIgniter->handleRequest(null, Object(Config\Cache), false)
 6 FCPATH\index.php(79): CodeIgniter\CodeIgniter->run()
 7 SYSTEMPATH\Commands\Server\rewrite.php(47): require_once('C:\\laragon\\www\\documts_finalaaa\\public\\index.php')
CRITICAL - 2024-07-30 14:02:45 --> Attempt to read property "id" on array
in APPPATH\Views\dashboard\compose.php on line 60.
 1 APPPATH\Views\dashboard\compose.php(60): CodeIgniter\Debug\Exceptions->errorHandler(2, 'Attempt to read property "id" on array', 'C:\\laragon\\www\\documts_finalaaa\\app\\Views\\dashboard\\compose.php', 60)
 2 SYSTEMPATH\View\View.php(226): include('C:\\laragon\\www\\documts_finalaaa\\app\\Views\\dashboard\\compose.php')
 3 SYSTEMPATH\View\View.php(229): CodeIgniter\View\View->CodeIgniter\View\{closure}()
 4 SYSTEMPATH\Common.php(1188): CodeIgniter\View\View->render('dashboard/compose', [], true)
 5 APPPATH\Controllers\Home.php(22): view('dashboard/compose', [...])
 6 SYSTEMPATH\CodeIgniter.php(919): App\Controllers\Home->compose()
 7 SYSTEMPATH\CodeIgniter.php(494): CodeIgniter\CodeIgniter->runController(Object(App\Controllers\Home))
 8 SYSTEMPATH\CodeIgniter.php(353): CodeIgniter\CodeIgniter->handleRequest(null, Object(Config\Cache), false)
 9 FCPATH\index.php(79): CodeIgniter\CodeIgniter->run()
10 SYSTEMPATH\Commands\Server\rewrite.php(47): require_once('C:\\laragon\\www\\documts_finalaaa\\public\\index.php')
CRITICAL - 2024-07-30 14:05:05 --> Attempt to read property "id" on array
in APPPATH\Views\dashboard\compose.php on line 60.
 1 APPPATH\Views\dashboard\compose.php(60): CodeIgniter\Debug\Exceptions->errorHandler(2, 'Attempt to read property "id" on array', 'C:\\laragon\\www\\documts_finalaaa\\app\\Views\\dashboard\\compose.php', 60)
 2 SYSTEMPATH\View\View.php(226): include('C:\\laragon\\www\\documts_finalaaa\\app\\Views\\dashboard\\compose.php')
 3 SYSTEMPATH\View\View.php(229): CodeIgniter\View\View->CodeIgniter\View\{closure}()
 4 SYSTEMPATH\Common.php(1188): CodeIgniter\View\View->render('dashboard/compose', [], true)
 5 APPPATH\Controllers\Home.php(22): view('dashboard/compose', [...])
 6 SYSTEMPATH\CodeIgniter.php(919): App\Controllers\Home->compose()
 7 SYSTEMPATH\CodeIgniter.php(494): CodeIgniter\CodeIgniter->runController(Object(App\Controllers\Home))
 8 SYSTEMPATH\CodeIgniter.php(353): CodeIgniter\CodeIgniter->handleRequest(null, Object(Config\Cache), false)
 9 FCPATH\index.php(79): CodeIgniter\CodeIgniter->run()
10 SYSTEMPATH\Commands\Server\rewrite.php(47): require_once('C:\\laragon\\www\\documts_finalaaa\\public\\index.php')
