ERROR - 2024-11-27 18:08:38 --> mysqli_sql_exception: Unknown column 'barangay' in 'field list' in C:\laragon\www\documts_finalaaa\system\Database\MySQLi\Connection.php:306
Stack trace:
#0 C:\laragon\www\documts_finalaaa\system\Database\MySQLi\Connection.php(306): mysqli->query('SELECT `baranga...', 0)
#1 C:\laragon\www\documts_finalaaa\system\Database\BaseConnection.php(692): CodeIgniter\Database\MySQLi\Connection->execute('SELECT `baranga...')
#2 C:\laragon\www\documts_finalaaa\system\Database\BaseConnection.php(606): CodeIgniter\Database\BaseConnection->simpleQuery('SELECT `baranga...')
#3 C:\laragon\www\documts_finalaaa\system\Database\BaseBuilder.php(1615): CodeIgniter\Database\BaseConnection->query('SELECT `baranga...', Array, false)
#4 C:\laragon\www\documts_finalaaa\system\Model.php(237): CodeIgniter\Database\BaseBuilder->get()
#5 C:\laragon\www\documts_finalaaa\system\BaseModel.php(624): CodeIgniter\Model->doFindAll(0, 0)
#6 C:\laragon\www\documts_finalaaa\app\Models\FileModel.php(107): CodeIgniter\BaseModel->findAll()
#7 C:\laragon\www\documts_finalaaa\app\Controllers\ChartController.php(133): App\Models\FileModel->getSubmissionsByBarangay()
#8 C:\laragon\www\documts_finalaaa\app\Controllers\ChartController.php(25): App\Controllers\ChartController->submissionsPerBarangay()
#9 C:\laragon\www\documts_finalaaa\system\CodeIgniter.php(919): App\Controllers\ChartController->index()
#10 C:\laragon\www\documts_finalaaa\system\CodeIgniter.php(494): CodeIgniter\CodeIgniter->runController(Object(App\Controllers\ChartController))
#11 C:\laragon\www\documts_finalaaa\system\CodeIgniter.php(353): CodeIgniter\CodeIgniter->handleRequest(NULL, Object(Config\Cache), false)
#12 C:\laragon\www\documts_finalaaa\public\index.php(79): CodeIgniter\CodeIgniter->run()
#13 C:\laragon\www\documts_finalaaa\system\Commands\Server\rewrite.php(47): require_once('C:\\laragon\\www\\...')
#14 {main}
CRITICAL - 2024-11-27 18:08:38 --> Unknown column 'barangay' in 'field list'
in SYSTEMPATH\Database\BaseConnection.php on line 646.
 1 SYSTEMPATH\Database\BaseBuilder.php(1615): CodeIgniter\Database\BaseConnection->query('SELECT `barangay`, COUNT(*) as total
FROM `filess`
GROUP BY `barangay`
ORDER BY `total` DESC', [], false)
 2 SYSTEMPATH\Model.php(237): CodeIgniter\Database\BaseBuilder->get()
 3 SYSTEMPATH\BaseModel.php(624): CodeIgniter\Model->doFindAll(0, 0)
 4 APPPATH\Models\FileModel.php(107): CodeIgniter\BaseModel->findAll()
 5 APPPATH\Controllers\ChartController.php(133): App\Models\FileModel->getSubmissionsByBarangay()
 6 APPPATH\Controllers\ChartController.php(25): App\Controllers\ChartController->submissionsPerBarangay()
 7 SYSTEMPATH\CodeIgniter.php(919): App\Controllers\ChartController->index()
 8 SYSTEMPATH\CodeIgniter.php(494): CodeIgniter\CodeIgniter->runController(Object(App\Controllers\ChartController))
 9 SYSTEMPATH\CodeIgniter.php(353): CodeIgniter\CodeIgniter->handleRequest(null, Object(Config\Cache), false)
10 FCPATH\index.php(79): CodeIgniter\CodeIgniter->run()
11 SYSTEMPATH\Commands\Server\rewrite.php(47): require_once('C:\\laragon\\www\\documts_finalaaa\\public\\index.php')
ERROR - 2024-11-27 18:08:57 --> mysqli_sql_exception: Unknown column 'barangay' in 'field list' in C:\laragon\www\documts_finalaaa\system\Database\MySQLi\Connection.php:306
Stack trace:
#0 C:\laragon\www\documts_finalaaa\system\Database\MySQLi\Connection.php(306): mysqli->query('SELECT `baranga...', 0)
#1 C:\laragon\www\documts_finalaaa\system\Database\BaseConnection.php(692): CodeIgniter\Database\MySQLi\Connection->execute('SELECT `baranga...')
#2 C:\laragon\www\documts_finalaaa\system\Database\BaseConnection.php(606): CodeIgniter\Database\BaseConnection->simpleQuery('SELECT `baranga...')
#3 C:\laragon\www\documts_finalaaa\system\Database\BaseBuilder.php(1615): CodeIgniter\Database\BaseConnection->query('SELECT `baranga...', Array, false)
#4 C:\laragon\www\documts_finalaaa\system\Model.php(237): CodeIgniter\Database\BaseBuilder->get()
#5 C:\laragon\www\documts_finalaaa\system\BaseModel.php(624): CodeIgniter\Model->doFindAll(0, 0)
#6 C:\laragon\www\documts_finalaaa\app\Models\FileModel.php(107): CodeIgniter\BaseModel->findAll()
#7 C:\laragon\www\documts_finalaaa\app\Controllers\ChartController.php(133): App\Models\FileModel->getSubmissionsByBarangay()
#8 C:\laragon\www\documts_finalaaa\app\Controllers\ChartController.php(25): App\Controllers\ChartController->submissionsPerBarangay()
#9 C:\laragon\www\documts_finalaaa\system\CodeIgniter.php(919): App\Controllers\ChartController->index()
#10 C:\laragon\www\documts_finalaaa\system\CodeIgniter.php(494): CodeIgniter\CodeIgniter->runController(Object(App\Controllers\ChartController))
#11 C:\laragon\www\documts_finalaaa\system\CodeIgniter.php(353): CodeIgniter\CodeIgniter->handleRequest(NULL, Object(Config\Cache), false)
#12 C:\laragon\www\documts_finalaaa\public\index.php(79): CodeIgniter\CodeIgniter->run()
#13 C:\laragon\www\documts_finalaaa\system\Commands\Server\rewrite.php(47): require_once('C:\\laragon\\www\\...')
#14 {main}
CRITICAL - 2024-11-27 18:08:57 --> Unknown column 'barangay' in 'field list'
in SYSTEMPATH\Database\BaseConnection.php on line 646.
 1 SYSTEMPATH\Database\BaseBuilder.php(1615): CodeIgniter\Database\BaseConnection->query('SELECT `barangay`, COUNT(*) as total
FROM `filess`
GROUP BY `barangay`
ORDER BY `total` DESC', [], false)
 2 SYSTEMPATH\Model.php(237): CodeIgniter\Database\BaseBuilder->get()
 3 SYSTEMPATH\BaseModel.php(624): CodeIgniter\Model->doFindAll(0, 0)
 4 APPPATH\Models\FileModel.php(107): CodeIgniter\BaseModel->findAll()
 5 APPPATH\Controllers\ChartController.php(133): App\Models\FileModel->getSubmissionsByBarangay()
 6 APPPATH\Controllers\ChartController.php(25): App\Controllers\ChartController->submissionsPerBarangay()
 7 SYSTEMPATH\CodeIgniter.php(919): App\Controllers\ChartController->index()
 8 SYSTEMPATH\CodeIgniter.php(494): CodeIgniter\CodeIgniter->runController(Object(App\Controllers\ChartController))
 9 SYSTEMPATH\CodeIgniter.php(353): CodeIgniter\CodeIgniter->handleRequest(null, Object(Config\Cache), false)
10 FCPATH\index.php(79): CodeIgniter\CodeIgniter->run()
11 SYSTEMPATH\Commands\Server\rewrite.php(47): require_once('C:\\laragon\\www\\documts_finalaaa\\public\\index.php')
ERROR - 2024-11-27 18:09:10 --> mysqli_sql_exception: Unknown column 'brgy' in 'field list' in C:\laragon\www\documts_finalaaa\system\Database\MySQLi\Connection.php:306
Stack trace:
#0 C:\laragon\www\documts_finalaaa\system\Database\MySQLi\Connection.php(306): mysqli->query('SELECT `brgy`, ...', 0)
#1 C:\laragon\www\documts_finalaaa\system\Database\BaseConnection.php(692): CodeIgniter\Database\MySQLi\Connection->execute('SELECT `brgy`, ...')
#2 C:\laragon\www\documts_finalaaa\system\Database\BaseConnection.php(606): CodeIgniter\Database\BaseConnection->simpleQuery('SELECT `brgy`, ...')
#3 C:\laragon\www\documts_finalaaa\system\Database\BaseBuilder.php(1615): CodeIgniter\Database\BaseConnection->query('SELECT `brgy`, ...', Array, false)
#4 C:\laragon\www\documts_finalaaa\system\Model.php(237): CodeIgniter\Database\BaseBuilder->get()
#5 C:\laragon\www\documts_finalaaa\system\BaseModel.php(624): CodeIgniter\Model->doFindAll(0, 0)
#6 C:\laragon\www\documts_finalaaa\app\Models\FileModel.php(107): CodeIgniter\BaseModel->findAll()
#7 C:\laragon\www\documts_finalaaa\app\Controllers\ChartController.php(133): App\Models\FileModel->getSubmissionsByBarangay()
#8 C:\laragon\www\documts_finalaaa\app\Controllers\ChartController.php(25): App\Controllers\ChartController->submissionsPerBarangay()
#9 C:\laragon\www\documts_finalaaa\system\CodeIgniter.php(919): App\Controllers\ChartController->index()
#10 C:\laragon\www\documts_finalaaa\system\CodeIgniter.php(494): CodeIgniter\CodeIgniter->runController(Object(App\Controllers\ChartController))
#11 C:\laragon\www\documts_finalaaa\system\CodeIgniter.php(353): CodeIgniter\CodeIgniter->handleRequest(NULL, Object(Config\Cache), false)
#12 C:\laragon\www\documts_finalaaa\public\index.php(79): CodeIgniter\CodeIgniter->run()
#13 C:\laragon\www\documts_finalaaa\system\Commands\Server\rewrite.php(47): require_once('C:\\laragon\\www\\...')
#14 {main}
CRITICAL - 2024-11-27 18:09:10 --> Unknown column 'brgy' in 'field list'
in SYSTEMPATH\Database\BaseConnection.php on line 646.
 1 SYSTEMPATH\Database\BaseBuilder.php(1615): CodeIgniter\Database\BaseConnection->query('SELECT `brgy`, COUNT(*) as total
FROM `filess`
GROUP BY `brgy`
ORDER BY `total` DESC', [], false)
 2 SYSTEMPATH\Model.php(237): CodeIgniter\Database\BaseBuilder->get()
 3 SYSTEMPATH\BaseModel.php(624): CodeIgniter\Model->doFindAll(0, 0)
 4 APPPATH\Models\FileModel.php(107): CodeIgniter\BaseModel->findAll()
 5 APPPATH\Controllers\ChartController.php(133): App\Models\FileModel->getSubmissionsByBarangay()
 6 APPPATH\Controllers\ChartController.php(25): App\Controllers\ChartController->submissionsPerBarangay()
 7 SYSTEMPATH\CodeIgniter.php(919): App\Controllers\ChartController->index()
 8 SYSTEMPATH\CodeIgniter.php(494): CodeIgniter\CodeIgniter->runController(Object(App\Controllers\ChartController))
 9 SYSTEMPATH\CodeIgniter.php(353): CodeIgniter\CodeIgniter->handleRequest(null, Object(Config\Cache), false)
10 FCPATH\index.php(79): CodeIgniter\CodeIgniter->run()
11 SYSTEMPATH\Commands\Server\rewrite.php(47): require_once('C:\\laragon\\www\\documts_finalaaa\\public\\index.php')
CRITICAL - 2024-11-27 18:24:12 --> Too few arguments to function App\Controllers\ChartController::__construct(), 0 passed in C:\laragon\www\documts_finalaaa\system\CodeIgniter.php on line 891 and exactly 1 expected
in APPPATH\Controllers\ChartController.php on line 16.
 1 SYSTEMPATH\CodeIgniter.php(891): App\Controllers\ChartController->__construct()
 2 SYSTEMPATH\CodeIgniter.php(485): CodeIgniter\CodeIgniter->createController()
 3 SYSTEMPATH\CodeIgniter.php(353): CodeIgniter\CodeIgniter->handleRequest(null, Object(Config\Cache), false)
 4 FCPATH\index.php(79): CodeIgniter\CodeIgniter->run()
 5 SYSTEMPATH\Commands\Server\rewrite.php(47): require_once('C:\\laragon\\www\\documts_finalaaa\\public\\index.php')
CRITICAL - 2024-11-27 18:28:41 --> Undefined array key "user_id"
in APPPATH\Controllers\ChartController.php on line 144.
 1 APPPATH\Controllers\ChartController.php(144): CodeIgniter\Debug\Exceptions->errorHandler(2, 'Undefined array key "user_id"', 'C:\\laragon\\www\\documts_finalaaa\\app\\Controllers\\ChartController.php', 144)
 2 [internal function]: App\Controllers\ChartController->App\Controllers\{closure}([...])
 3 APPPATH\Controllers\ChartController.php(145): array_filter([...], Object(Closure))
 4 APPPATH\Controllers\ChartController.php(25): App\Controllers\ChartController->getSubmissionsPerBarangayChartData()
 5 SYSTEMPATH\CodeIgniter.php(919): App\Controllers\ChartController->index()
 6 SYSTEMPATH\CodeIgniter.php(494): CodeIgniter\CodeIgniter->runController(Object(App\Controllers\ChartController))
 7 SYSTEMPATH\CodeIgniter.php(353): CodeIgniter\CodeIgniter->handleRequest(null, Object(Config\Cache), false)
 8 FCPATH\index.php(79): CodeIgniter\CodeIgniter->run()
 9 SYSTEMPATH\Commands\Server\rewrite.php(47): require_once('C:\\laragon\\www\\documts_finalaaa\\public\\index.php')
CRITICAL - 2024-11-27 18:45:29 --> Undefined variable $chartData
in APPPATH\Views\dashboard\dashboard.php on line 231.
 1 APPPATH\Views\dashboard\dashboard.php(231): CodeIgniter\Debug\Exceptions->errorHandler(2, 'Undefined variable $chartData', 'C:\\laragon\\www\\documts_finalaaa\\app\\Views\\dashboard\\dashboard.php', 231)
 2 SYSTEMPATH\View\View.php(226): include('C:\\laragon\\www\\documts_finalaaa\\app\\Views\\dashboard\\dashboard.php')
 3 SYSTEMPATH\View\View.php(229): CodeIgniter\View\View->CodeIgniter\View\{closure}()
 4 SYSTEMPATH\Common.php(1188): CodeIgniter\View\View->render('dashboard/dashboard', [], true)
 5 APPPATH\Controllers\FileUploadController.php(387): view('dashboard/dashboard', [...])
 6 SYSTEMPATH\CodeIgniter.php(919): App\Controllers\FileUploadController->dashboard()
 7 SYSTEMPATH\CodeIgniter.php(494): CodeIgniter\CodeIgniter->runController(Object(App\Controllers\FileUploadController))
 8 SYSTEMPATH\CodeIgniter.php(353): CodeIgniter\CodeIgniter->handleRequest(null, Object(Config\Cache), false)
 9 FCPATH\index.php(79): CodeIgniter\CodeIgniter->run()
10 SYSTEMPATH\Commands\Server\rewrite.php(47): require_once('C:\\laragon\\www\\documts_finalaaa\\public\\index.php')
CRITICAL - 2024-11-27 18:45:54 --> Undefined variable $chartData
in APPPATH\Views\dashboard\dashboard.php on line 231.
 1 APPPATH\Views\dashboard\dashboard.php(231): CodeIgniter\Debug\Exceptions->errorHandler(2, 'Undefined variable $chartData', 'C:\\laragon\\www\\documts_finalaaa\\app\\Views\\dashboard\\dashboard.php', 231)
 2 SYSTEMPATH\View\View.php(226): include('C:\\laragon\\www\\documts_finalaaa\\app\\Views\\dashboard\\dashboard.php')
 3 SYSTEMPATH\View\View.php(229): CodeIgniter\View\View->CodeIgniter\View\{closure}()
 4 SYSTEMPATH\Common.php(1188): CodeIgniter\View\View->render('dashboard/dashboard', [], true)
 5 APPPATH\Controllers\FileUploadController.php(387): view('dashboard/dashboard', [...])
 6 SYSTEMPATH\CodeIgniter.php(919): App\Controllers\FileUploadController->dashboard()
 7 SYSTEMPATH\CodeIgniter.php(494): CodeIgniter\CodeIgniter->runController(Object(App\Controllers\FileUploadController))
 8 SYSTEMPATH\CodeIgniter.php(353): CodeIgniter\CodeIgniter->handleRequest(null, Object(Config\Cache), false)
 9 FCPATH\index.php(79): CodeIgniter\CodeIgniter->run()
10 SYSTEMPATH\Commands\Server\rewrite.php(47): require_once('C:\\laragon\\www\\documts_finalaaa\\public\\index.php')
CRITICAL - 2024-11-27 18:50:00 --> Undefined variable $chartData
in APPPATH\Views\dashboard\dashboard.php on line 231.
 1 APPPATH\Views\dashboard\dashboard.php(231): CodeIgniter\Debug\Exceptions->errorHandler(2, 'Undefined variable $chartData', 'C:\\laragon\\www\\documts_finalaaa\\app\\Views\\dashboard\\dashboard.php', 231)
 2 SYSTEMPATH\View\View.php(226): include('C:\\laragon\\www\\documts_finalaaa\\app\\Views\\dashboard\\dashboard.php')
 3 SYSTEMPATH\View\View.php(229): CodeIgniter\View\View->CodeIgniter\View\{closure}()
 4 SYSTEMPATH\Common.php(1188): CodeIgniter\View\View->render('dashboard/dashboard', [], true)
 5 APPPATH\Controllers\FileUploadController.php(387): view('dashboard/dashboard', [...])
 6 SYSTEMPATH\CodeIgniter.php(919): App\Controllers\FileUploadController->dashboard()
 7 SYSTEMPATH\CodeIgniter.php(494): CodeIgniter\CodeIgniter->runController(Object(App\Controllers\FileUploadController))
 8 SYSTEMPATH\CodeIgniter.php(353): CodeIgniter\CodeIgniter->handleRequest(null, Object(Config\Cache), false)
 9 FCPATH\index.php(79): CodeIgniter\CodeIgniter->run()
10 SYSTEMPATH\Commands\Server\rewrite.php(47): require_once('C:\\laragon\\www\\documts_finalaaa\\public\\index.php')
CRITICAL - 2024-11-27 18:50:23 --> Undefined variable $chartData
in APPPATH\Views\dashboard\dashboard.php on line 231.
 1 APPPATH\Views\dashboard\dashboard.php(231): CodeIgniter\Debug\Exceptions->errorHandler(2, 'Undefined variable $chartData', 'C:\\laragon\\www\\documts_finalaaa\\app\\Views\\dashboard\\dashboard.php', 231)
 2 SYSTEMPATH\View\View.php(226): include('C:\\laragon\\www\\documts_finalaaa\\app\\Views\\dashboard\\dashboard.php')
 3 SYSTEMPATH\View\View.php(229): CodeIgniter\View\View->CodeIgniter\View\{closure}()
 4 SYSTEMPATH\Common.php(1188): CodeIgniter\View\View->render('dashboard/dashboard', [], true)
 5 APPPATH\Controllers\FileUploadController.php(387): view('dashboard/dashboard', [...])
 6 SYSTEMPATH\CodeIgniter.php(919): App\Controllers\FileUploadController->dashboard()
 7 SYSTEMPATH\CodeIgniter.php(494): CodeIgniter\CodeIgniter->runController(Object(App\Controllers\FileUploadController))
 8 SYSTEMPATH\CodeIgniter.php(353): CodeIgniter\CodeIgniter->handleRequest(null, Object(Config\Cache), false)
 9 FCPATH\index.php(79): CodeIgniter\CodeIgniter->run()
10 SYSTEMPATH\Commands\Server\rewrite.php(47): require_once('C:\\laragon\\www\\documts_finalaaa\\public\\index.php')
CRITICAL - 2024-11-27 18:51:37 --> Undefined variable $chartData
in APPPATH\Views\dashboard\dashboard.php on line 231.
 1 APPPATH\Views\dashboard\dashboard.php(231): CodeIgniter\Debug\Exceptions->errorHandler(2, 'Undefined variable $chartData', 'C:\\laragon\\www\\documts_finalaaa\\app\\Views\\dashboard\\dashboard.php', 231)
 2 SYSTEMPATH\View\View.php(226): include('C:\\laragon\\www\\documts_finalaaa\\app\\Views\\dashboard\\dashboard.php')
 3 SYSTEMPATH\View\View.php(229): CodeIgniter\View\View->CodeIgniter\View\{closure}()
 4 SYSTEMPATH\Common.php(1188): CodeIgniter\View\View->render('dashboard/dashboard', [], true)
 5 APPPATH\Controllers\FileUploadController.php(387): view('dashboard/dashboard', [...])
 6 SYSTEMPATH\CodeIgniter.php(919): App\Controllers\FileUploadController->dashboard()
 7 SYSTEMPATH\CodeIgniter.php(494): CodeIgniter\CodeIgniter->runController(Object(App\Controllers\FileUploadController))
 8 SYSTEMPATH\CodeIgniter.php(353): CodeIgniter\CodeIgniter->handleRequest(null, Object(Config\Cache), false)
 9 FCPATH\index.php(79): CodeIgniter\CodeIgniter->run()
10 SYSTEMPATH\Commands\Server\rewrite.php(47): require_once('C:\\laragon\\www\\documts_finalaaa\\public\\index.php')
CRITICAL - 2024-11-27 18:59:39 --> Undefined variable $isLoggedIn
in APPPATH\Views\partials\navbar.php on line 43.
 1 APPPATH\Views\partials\navbar.php(43): CodeIgniter\Debug\Exceptions->errorHandler(2, 'Undefined variable $isLoggedIn', 'C:\\laragon\\www\\documts_finalaaa\\app\\Views\\partials\\navbar.php', 43)
 2 SYSTEMPATH\View\View.php(226): include('C:\\laragon\\www\\documts_finalaaa\\app\\Views\\partials\\navbar.php')
 3 SYSTEMPATH\View\View.php(229): CodeIgniter\View\View->CodeIgniter\View\{closure}()
 4 SYSTEMPATH\View\View.php(467): CodeIgniter\View\View->render('partials/navbar', null, true)
 5 APPPATH\Views\dashboard\reports.php(14): CodeIgniter\View\View->include('partials/navbar')
 6 SYSTEMPATH\View\View.php(226): include('C:\\laragon\\www\\documts_finalaaa\\app\\Views\\dashboard\\reports.php')
 7 SYSTEMPATH\View\View.php(229): CodeIgniter\View\View->CodeIgniter\View\{closure}()
 8 SYSTEMPATH\Common.php(1188): CodeIgniter\View\View->render('dashboard/reports', [], true)
 9 APPPATH\Controllers\GColumnChartController.php(24): view('dashboard/reports', [...])
10 SYSTEMPATH\CodeIgniter.php(919): App\Controllers\GColumnChartController->initChart()
11 SYSTEMPATH\CodeIgniter.php(494): CodeIgniter\CodeIgniter->runController(Object(App\Controllers\GColumnChartController))
12 SYSTEMPATH\CodeIgniter.php(353): CodeIgniter\CodeIgniter->handleRequest(null, Object(Config\Cache), false)
13 FCPATH\index.php(79): CodeIgniter\CodeIgniter->run()
14 SYSTEMPATH\Commands\Server\rewrite.php(47): require_once('C:\\laragon\\www\\documts_finalaaa\\public\\index.php')
CRITICAL - 2024-11-27 18:59:55 --> Undefined variable $documentTypes
in APPPATH\Views\dashboard\reports.php on line 25.
 1 APPPATH\Views\dashboard\reports.php(25): CodeIgniter\Debug\Exceptions->errorHandler(2, 'Undefined variable $documentTypes', 'C:\\laragon\\www\\documts_finalaaa\\app\\Views\\dashboard\\reports.php', 25)
 2 SYSTEMPATH\View\View.php(226): include('C:\\laragon\\www\\documts_finalaaa\\app\\Views\\dashboard\\reports.php')
 3 SYSTEMPATH\View\View.php(229): CodeIgniter\View\View->CodeIgniter\View\{closure}()
 4 SYSTEMPATH\Common.php(1188): CodeIgniter\View\View->render('dashboard/reports', [], true)
 5 APPPATH\Controllers\GColumnChartController.php(24): view('dashboard/reports', [...])
 6 SYSTEMPATH\CodeIgniter.php(919): App\Controllers\GColumnChartController->initChart()
 7 SYSTEMPATH\CodeIgniter.php(494): CodeIgniter\CodeIgniter->runController(Object(App\Controllers\GColumnChartController))
 8 SYSTEMPATH\CodeIgniter.php(353): CodeIgniter\CodeIgniter->handleRequest(null, Object(Config\Cache), false)
 9 FCPATH\index.php(79): CodeIgniter\CodeIgniter->run()
10 SYSTEMPATH\Commands\Server\rewrite.php(47): require_once('C:\\laragon\\www\\documts_finalaaa\\public\\index.php')
CRITICAL - 2024-11-27 19:33:23 --> Undefined variable $documentTypes
in APPPATH\Views\dashboard\reports.php on line 25.
 1 APPPATH\Views\dashboard\reports.php(25): CodeIgniter\Debug\Exceptions->errorHandler(2, 'Undefined variable $documentTypes', 'C:\\laragon\\www\\documts_finalaaa\\app\\Views\\dashboard\\reports.php', 25)
 2 SYSTEMPATH\View\View.php(226): include('C:\\laragon\\www\\documts_finalaaa\\app\\Views\\dashboard\\reports.php')
 3 SYSTEMPATH\View\View.php(229): CodeIgniter\View\View->CodeIgniter\View\{closure}()
 4 SYSTEMPATH\Common.php(1188): CodeIgniter\View\View->render('dashboard/reports', [], true)
 5 APPPATH\Controllers\GColumnChartController.php(24): view('dashboard/reports', [...])
 6 SYSTEMPATH\CodeIgniter.php(919): App\Controllers\GColumnChartController->initChart()
 7 SYSTEMPATH\CodeIgniter.php(494): CodeIgniter\CodeIgniter->runController(Object(App\Controllers\GColumnChartController))
 8 SYSTEMPATH\CodeIgniter.php(353): CodeIgniter\CodeIgniter->handleRequest(null, Object(Config\Cache), false)
 9 FCPATH\index.php(79): CodeIgniter\CodeIgniter->run()
10 SYSTEMPATH\Commands\Server\rewrite.php(47): require_once('C:\\laragon\\www\\documts_finalaaa\\public\\index.php')
CRITICAL - 2024-11-27 19:35:49 --> Undefined variable $documentTypes
in APPPATH\Views\dashboard\reports.php on line 25.
 1 APPPATH\Views\dashboard\reports.php(25): CodeIgniter\Debug\Exceptions->errorHandler(2, 'Undefined variable $documentTypes', 'C:\\laragon\\www\\documts_finalaaa\\app\\Views\\dashboard\\reports.php', 25)
 2 SYSTEMPATH\View\View.php(226): include('C:\\laragon\\www\\documts_finalaaa\\app\\Views\\dashboard\\reports.php')
 3 SYSTEMPATH\View\View.php(229): CodeIgniter\View\View->CodeIgniter\View\{closure}()
 4 SYSTEMPATH\Common.php(1188): CodeIgniter\View\View->render('dashboard/reports', [], true)
 5 APPPATH\Controllers\GColumnChartController.php(24): view('dashboard/reports', [...])
 6 SYSTEMPATH\CodeIgniter.php(919): App\Controllers\GColumnChartController->initChart()
 7 SYSTEMPATH\CodeIgniter.php(494): CodeIgniter\CodeIgniter->runController(Object(App\Controllers\GColumnChartController))
 8 SYSTEMPATH\CodeIgniter.php(353): CodeIgniter\CodeIgniter->handleRequest(null, Object(Config\Cache), false)
 9 FCPATH\index.php(79): CodeIgniter\CodeIgniter->run()
10 SYSTEMPATH\Commands\Server\rewrite.php(47): require_once('C:\\laragon\\www\\documts_finalaaa\\public\\index.php')
CRITICAL - 2024-11-27 19:36:17 --> Undefined variable $totalDocuments
in APPPATH\Views\dashboard\reports.php on line 8.
 1 APPPATH\Views\dashboard\reports.php(8): CodeIgniter\Debug\Exceptions->errorHandler(2, 'Undefined variable $totalDocuments', 'C:\\laragon\\www\\documts_finalaaa\\app\\Views\\dashboard\\reports.php', 8)
 2 SYSTEMPATH\View\View.php(226): include('C:\\laragon\\www\\documts_finalaaa\\app\\Views\\dashboard\\reports.php')
 3 SYSTEMPATH\View\View.php(229): CodeIgniter\View\View->CodeIgniter\View\{closure}()
 4 SYSTEMPATH\Common.php(1188): CodeIgniter\View\View->render('dashboard/reports', [], true)
 5 APPPATH\Controllers\GColumnChartController.php(24): view('dashboard/reports', [...])
 6 SYSTEMPATH\CodeIgniter.php(919): App\Controllers\GColumnChartController->initChart()
 7 SYSTEMPATH\CodeIgniter.php(494): CodeIgniter\CodeIgniter->runController(Object(App\Controllers\GColumnChartController))
 8 SYSTEMPATH\CodeIgniter.php(353): CodeIgniter\CodeIgniter->handleRequest(null, Object(Config\Cache), false)
 9 FCPATH\index.php(79): CodeIgniter\CodeIgniter->run()
10 SYSTEMPATH\Commands\Server\rewrite.php(47): require_once('C:\\laragon\\www\\documts_finalaaa\\public\\index.php')
CRITICAL - 2024-11-27 19:38:01 --> Undefined variable $isLoggedIn
in APPPATH\Views\partials\navbar.php on line 43.
 1 APPPATH\Views\partials\navbar.php(43): CodeIgniter\Debug\Exceptions->errorHandler(2, 'Undefined variable $isLoggedIn', 'C:\\laragon\\www\\documts_finalaaa\\app\\Views\\partials\\navbar.php', 43)
 2 SYSTEMPATH\View\View.php(226): include('C:\\laragon\\www\\documts_finalaaa\\app\\Views\\partials\\navbar.php')
 3 SYSTEMPATH\View\View.php(229): CodeIgniter\View\View->CodeIgniter\View\{closure}()
 4 SYSTEMPATH\View\View.php(467): CodeIgniter\View\View->render('partials/navbar', null, true)
 5 APPPATH\Views\dashboard\reports.php(14): CodeIgniter\View\View->include('partials/navbar')
 6 SYSTEMPATH\View\View.php(226): include('C:\\laragon\\www\\documts_finalaaa\\app\\Views\\dashboard\\reports.php')
 7 SYSTEMPATH\View\View.php(229): CodeIgniter\View\View->CodeIgniter\View\{closure}()
 8 SYSTEMPATH\Common.php(1188): CodeIgniter\View\View->render('dashboard/reports', [], true)
 9 APPPATH\Controllers\GColumnChartController.php(24): view('dashboard/reports', [...])
10 SYSTEMPATH\CodeIgniter.php(919): App\Controllers\GColumnChartController->initChart()
11 SYSTEMPATH\CodeIgniter.php(494): CodeIgniter\CodeIgniter->runController(Object(App\Controllers\GColumnChartController))
12 SYSTEMPATH\CodeIgniter.php(353): CodeIgniter\CodeIgniter->handleRequest(null, Object(Config\Cache), false)
13 FCPATH\index.php(79): CodeIgniter\CodeIgniter->run()
14 SYSTEMPATH\Commands\Server\rewrite.php(47): require_once('C:\\laragon\\www\\documts_finalaaa\\public\\index.php')
CRITICAL - 2024-11-27 19:39:25 --> Undefined variable $isLoggedIn
in APPPATH\Views\partials\navbar.php on line 43.
 1 APPPATH\Views\partials\navbar.php(43): CodeIgniter\Debug\Exceptions->errorHandler(2, 'Undefined variable $isLoggedIn', 'C:\\laragon\\www\\documts_finalaaa\\app\\Views\\partials\\navbar.php', 43)
 2 SYSTEMPATH\View\View.php(226): include('C:\\laragon\\www\\documts_finalaaa\\app\\Views\\partials\\navbar.php')
 3 SYSTEMPATH\View\View.php(229): CodeIgniter\View\View->CodeIgniter\View\{closure}()
 4 SYSTEMPATH\View\View.php(467): CodeIgniter\View\View->render('partials/navbar', null, true)
 5 APPPATH\Views\dashboard\reports.php(14): CodeIgniter\View\View->include('partials/navbar')
 6 SYSTEMPATH\View\View.php(226): include('C:\\laragon\\www\\documts_finalaaa\\app\\Views\\dashboard\\reports.php')
 7 SYSTEMPATH\View\View.php(229): CodeIgniter\View\View->CodeIgniter\View\{closure}()
 8 SYSTEMPATH\Common.php(1188): CodeIgniter\View\View->render('dashboard/reports', [], true)
 9 APPPATH\Controllers\GColumnChartController.php(24): view('dashboard/reports', [...])
10 SYSTEMPATH\CodeIgniter.php(919): App\Controllers\GColumnChartController->initChart()
11 SYSTEMPATH\CodeIgniter.php(494): CodeIgniter\CodeIgniter->runController(Object(App\Controllers\GColumnChartController))
12 SYSTEMPATH\CodeIgniter.php(353): CodeIgniter\CodeIgniter->handleRequest(null, Object(Config\Cache), false)
13 FCPATH\index.php(79): CodeIgniter\CodeIgniter->run()
14 SYSTEMPATH\Commands\Server\rewrite.php(47): require_once('C:\\laragon\\www\\documts_finalaaa\\public\\index.php')
CRITICAL - 2024-11-27 19:44:37 --> Call to undefined method App\Models\FileModel::getStatusBreakdown
in SYSTEMPATH\Model.php on line 873.
 1 APPPATH\Controllers\ReportsController.php(25): CodeIgniter\Model->__call('getStatusBreakdown', [])
 2 SYSTEMPATH\CodeIgniter.php(919): App\Controllers\ReportsController->dashboard()
 3 SYSTEMPATH\CodeIgniter.php(494): CodeIgniter\CodeIgniter->runController(Object(App\Controllers\ReportsController))
 4 SYSTEMPATH\CodeIgniter.php(353): CodeIgniter\CodeIgniter->handleRequest(null, Object(Config\Cache), false)
 5 FCPATH\index.php(79): CodeIgniter\CodeIgniter->run()
 6 SYSTEMPATH\Commands\Server\rewrite.php(47): require_once('C:\\laragon\\www\\documts_finalaaa\\public\\index.php')
CRITICAL - 2024-11-27 19:45:37 --> Call to undefined method App\Models\FileModel::getStatusBreakdown
in SYSTEMPATH\Model.php on line 873.
 1 APPPATH\Controllers\ReportsController.php(25): CodeIgniter\Model->__call('getStatusBreakdown', [])
 2 SYSTEMPATH\CodeIgniter.php(919): App\Controllers\ReportsController->dashboard()
 3 SYSTEMPATH\CodeIgniter.php(494): CodeIgniter\CodeIgniter->runController(Object(App\Controllers\ReportsController))
 4 SYSTEMPATH\CodeIgniter.php(353): CodeIgniter\CodeIgniter->handleRequest(null, Object(Config\Cache), false)
 5 FCPATH\index.php(79): CodeIgniter\CodeIgniter->run()
 6 SYSTEMPATH\Commands\Server\rewrite.php(47): require_once('C:\\laragon\\www\\documts_finalaaa\\public\\index.php')
CRITICAL - 2024-11-27 19:46:12 --> Call to undefined method App\Models\FileModel::getStatusBreakdown
in SYSTEMPATH\Model.php on line 873.
 1 APPPATH\Controllers\ReportsController.php(25): CodeIgniter\Model->__call('getStatusBreakdown', [])
 2 SYSTEMPATH\CodeIgniter.php(919): App\Controllers\ReportsController->dashboard()
 3 SYSTEMPATH\CodeIgniter.php(494): CodeIgniter\CodeIgniter->runController(Object(App\Controllers\ReportsController))
 4 SYSTEMPATH\CodeIgniter.php(353): CodeIgniter\CodeIgniter->handleRequest(null, Object(Config\Cache), false)
 5 FCPATH\index.php(79): CodeIgniter\CodeIgniter->run()
 6 SYSTEMPATH\Commands\Server\rewrite.php(47): require_once('C:\\laragon\\www\\documts_finalaaa\\public\\index.php')
CRITICAL - 2024-11-27 19:47:11 --> Call to undefined method App\Models\FileModel::getStatusBreakdown
in SYSTEMPATH\Model.php on line 873.
 1 APPPATH\Controllers\ReportsController.php(25): CodeIgniter\Model->__call('getStatusBreakdown', [])
 2 SYSTEMPATH\CodeIgniter.php(919): App\Controllers\ReportsController->dashboard()
 3 SYSTEMPATH\CodeIgniter.php(494): CodeIgniter\CodeIgniter->runController(Object(App\Controllers\ReportsController))
 4 SYSTEMPATH\CodeIgniter.php(353): CodeIgniter\CodeIgniter->handleRequest(null, Object(Config\Cache), false)
 5 FCPATH\index.php(79): CodeIgniter\CodeIgniter->run()
 6 SYSTEMPATH\Commands\Server\rewrite.php(47): require_once('C:\\laragon\\www\\documts_finalaaa\\public\\index.php')
CRITICAL - 2024-11-27 19:48:10 --> Call to undefined method App\Models\FileModel::getAverageProcessingTime
in SYSTEMPATH\Model.php on line 873.
 1 APPPATH\Controllers\ReportsController.php(26): CodeIgniter\Model->__call('getAverageProcessingTime', [])
 2 SYSTEMPATH\CodeIgniter.php(919): App\Controllers\ReportsController->dashboard()
 3 SYSTEMPATH\CodeIgniter.php(494): CodeIgniter\CodeIgniter->runController(Object(App\Controllers\ReportsController))
 4 SYSTEMPATH\CodeIgniter.php(353): CodeIgniter\CodeIgniter->handleRequest(null, Object(Config\Cache), false)
 5 FCPATH\index.php(79): CodeIgniter\CodeIgniter->run()
 6 SYSTEMPATH\Commands\Server\rewrite.php(47): require_once('C:\\laragon\\www\\documts_finalaaa\\public\\index.php')
CRITICAL - 2024-11-27 19:48:15 --> Call to undefined method App\Models\FileModel::getRecentActivity
in SYSTEMPATH\Model.php on line 873.
 1 APPPATH\Controllers\ReportsController.php(27): CodeIgniter\Model->__call('getRecentActivity', [])
 2 SYSTEMPATH\CodeIgniter.php(919): App\Controllers\ReportsController->dashboard()
 3 SYSTEMPATH\CodeIgniter.php(494): CodeIgniter\CodeIgniter->runController(Object(App\Controllers\ReportsController))
 4 SYSTEMPATH\CodeIgniter.php(353): CodeIgniter\CodeIgniter->handleRequest(null, Object(Config\Cache), false)
 5 FCPATH\index.php(79): CodeIgniter\CodeIgniter->run()
 6 SYSTEMPATH\Commands\Server\rewrite.php(47): require_once('C:\\laragon\\www\\documts_finalaaa\\public\\index.php')
CRITICAL - 2024-11-27 19:48:21 --> Call to undefined method App\Models\UserModel::getTopUsers
in SYSTEMPATH\Model.php on line 873.
 1 APPPATH\Controllers\ReportsController.php(28): CodeIgniter\Model->__call('getTopUsers', [])
 2 SYSTEMPATH\CodeIgniter.php(919): App\Controllers\ReportsController->dashboard()
 3 SYSTEMPATH\CodeIgniter.php(494): CodeIgniter\CodeIgniter->runController(Object(App\Controllers\ReportsController))
 4 SYSTEMPATH\CodeIgniter.php(353): CodeIgniter\CodeIgniter->handleRequest(null, Object(Config\Cache), false)
 5 FCPATH\index.php(79): CodeIgniter\CodeIgniter->run()
 6 SYSTEMPATH\Commands\Server\rewrite.php(47): require_once('C:\\laragon\\www\\documts_finalaaa\\public\\index.php')
CRITICAL - 2024-11-27 19:48:26 --> Undefined variable $isLoggedIn
in APPPATH\Views\partials\navbar.php on line 43.
 1 APPPATH\Views\partials\navbar.php(43): CodeIgniter\Debug\Exceptions->errorHandler(2, 'Undefined variable $isLoggedIn', 'C:\\laragon\\www\\documts_finalaaa\\app\\Views\\partials\\navbar.php', 43)
 2 SYSTEMPATH\View\View.php(226): include('C:\\laragon\\www\\documts_finalaaa\\app\\Views\\partials\\navbar.php')
 3 SYSTEMPATH\View\View.php(229): CodeIgniter\View\View->CodeIgniter\View\{closure}()
 4 SYSTEMPATH\View\View.php(467): CodeIgniter\View\View->render('partials/navbar', null, true)
 5 APPPATH\Views\dashboard\reports.php(14): CodeIgniter\View\View->include('partials/navbar')
 6 SYSTEMPATH\View\View.php(226): include('C:\\laragon\\www\\documts_finalaaa\\app\\Views\\dashboard\\reports.php')
 7 SYSTEMPATH\View\View.php(229): CodeIgniter\View\View->CodeIgniter\View\{closure}()
 8 SYSTEMPATH\Common.php(1188): CodeIgniter\View\View->render('dashboard/reports', [], true)
 9 APPPATH\Controllers\ReportsController.php(31): view('dashboard/reports', [...])
10 SYSTEMPATH\CodeIgniter.php(919): App\Controllers\ReportsController->dashboard()
11 SYSTEMPATH\CodeIgniter.php(494): CodeIgniter\CodeIgniter->runController(Object(App\Controllers\ReportsController))
12 SYSTEMPATH\CodeIgniter.php(353): CodeIgniter\CodeIgniter->handleRequest(null, Object(Config\Cache), false)
13 FCPATH\index.php(79): CodeIgniter\CodeIgniter->run()
14 SYSTEMPATH\Commands\Server\rewrite.php(47): require_once('C:\\laragon\\www\\documts_finalaaa\\public\\index.php')
CRITICAL - 2024-11-27 19:49:27 --> Undefined variable $recentActivity
in APPPATH\Views\dashboard\reports.php on line 52.
 1 APPPATH\Views\dashboard\reports.php(52): CodeIgniter\Debug\Exceptions->errorHandler(2, 'Undefined variable $recentActivity', 'C:\\laragon\\www\\documts_finalaaa\\app\\Views\\dashboard\\reports.php', 52)
 2 SYSTEMPATH\View\View.php(226): include('C:\\laragon\\www\\documts_finalaaa\\app\\Views\\dashboard\\reports.php')
 3 SYSTEMPATH\View\View.php(229): CodeIgniter\View\View->CodeIgniter\View\{closure}()
 4 SYSTEMPATH\Common.php(1188): CodeIgniter\View\View->render('dashboard/reports', [], true)
 5 APPPATH\Controllers\ReportsController.php(33): view('dashboard/reports', [...])
 6 SYSTEMPATH\CodeIgniter.php(919): App\Controllers\ReportsController->dashboard()
 7 SYSTEMPATH\CodeIgniter.php(494): CodeIgniter\CodeIgniter->runController(Object(App\Controllers\ReportsController))
 8 SYSTEMPATH\CodeIgniter.php(353): CodeIgniter\CodeIgniter->handleRequest(null, Object(Config\Cache), false)
 9 FCPATH\index.php(79): CodeIgniter\CodeIgniter->run()
10 SYSTEMPATH\Commands\Server\rewrite.php(47): require_once('C:\\laragon\\www\\documts_finalaaa\\public\\index.php')
CRITICAL - 2024-11-27 19:49:40 --> Call to undefined method App\Models\FileModel::getRecentActivity
in SYSTEMPATH\Model.php on line 873.
 1 APPPATH\Controllers\ReportsController.php(28): CodeIgniter\Model->__call('getRecentActivity', [])
 2 SYSTEMPATH\CodeIgniter.php(919): App\Controllers\ReportsController->dashboard()
 3 SYSTEMPATH\CodeIgniter.php(494): CodeIgniter\CodeIgniter->runController(Object(App\Controllers\ReportsController))
 4 SYSTEMPATH\CodeIgniter.php(353): CodeIgniter\CodeIgniter->handleRequest(null, Object(Config\Cache), false)
 5 FCPATH\index.php(79): CodeIgniter\CodeIgniter->run()
 6 SYSTEMPATH\Commands\Server\rewrite.php(47): require_once('C:\\laragon\\www\\documts_finalaaa\\public\\index.php')
CRITICAL - 2024-11-27 19:51:08 --> Call to undefined method App\Models\FileModel::getRecentActivity
in SYSTEMPATH\Model.php on line 873.
 1 APPPATH\Controllers\ReportsController.php(28): CodeIgniter\Model->__call('getRecentActivity', [])
 2 SYSTEMPATH\CodeIgniter.php(919): App\Controllers\ReportsController->dashboard()
 3 SYSTEMPATH\CodeIgniter.php(494): CodeIgniter\CodeIgniter->runController(Object(App\Controllers\ReportsController))
 4 SYSTEMPATH\CodeIgniter.php(353): CodeIgniter\CodeIgniter->handleRequest(null, Object(Config\Cache), false)
 5 FCPATH\index.php(79): CodeIgniter\CodeIgniter->run()
 6 SYSTEMPATH\Commands\Server\rewrite.php(47): require_once('C:\\laragon\\www\\documts_finalaaa\\public\\index.php')
CRITICAL - 2024-11-27 19:51:35 --> Undefined array key "title"
in APPPATH\Views\dashboard\reports.php on line 55.
 1 APPPATH\Views\dashboard\reports.php(55): CodeIgniter\Debug\Exceptions->errorHandler(2, 'Undefined array key "title"', 'C:\\laragon\\www\\documts_finalaaa\\app\\Views\\dashboard\\reports.php', 55)
 2 SYSTEMPATH\View\View.php(226): include('C:\\laragon\\www\\documts_finalaaa\\app\\Views\\dashboard\\reports.php')
 3 SYSTEMPATH\View\View.php(229): CodeIgniter\View\View->CodeIgniter\View\{closure}()
 4 SYSTEMPATH\Common.php(1188): CodeIgniter\View\View->render('dashboard/reports', [], true)
 5 APPPATH\Controllers\ReportsController.php(33): view('dashboard/reports', [...])
 6 SYSTEMPATH\CodeIgniter.php(919): App\Controllers\ReportsController->dashboard()
 7 SYSTEMPATH\CodeIgniter.php(494): CodeIgniter\CodeIgniter->runController(Object(App\Controllers\ReportsController))
 8 SYSTEMPATH\CodeIgniter.php(353): CodeIgniter\CodeIgniter->handleRequest(null, Object(Config\Cache), false)
 9 FCPATH\index.php(79): CodeIgniter\CodeIgniter->run()
10 SYSTEMPATH\Commands\Server\rewrite.php(47): require_once('C:\\laragon\\www\\documts_finalaaa\\public\\index.php')
CRITICAL - 2024-11-27 19:52:23 --> Undefined variable $topUsers
in APPPATH\Views\dashboard\reports.php on line 79.
 1 APPPATH\Views\dashboard\reports.php(79): CodeIgniter\Debug\Exceptions->errorHandler(2, 'Undefined variable $topUsers', 'C:\\laragon\\www\\documts_finalaaa\\app\\Views\\dashboard\\reports.php', 79)
 2 SYSTEMPATH\View\View.php(226): include('C:\\laragon\\www\\documts_finalaaa\\app\\Views\\dashboard\\reports.php')
 3 SYSTEMPATH\View\View.php(229): CodeIgniter\View\View->CodeIgniter\View\{closure}()
 4 SYSTEMPATH\Common.php(1188): CodeIgniter\View\View->render('dashboard/reports', [], true)
 5 APPPATH\Controllers\ReportsController.php(33): view('dashboard/reports', [...])
 6 SYSTEMPATH\CodeIgniter.php(919): App\Controllers\ReportsController->dashboard()
 7 SYSTEMPATH\CodeIgniter.php(494): CodeIgniter\CodeIgniter->runController(Object(App\Controllers\ReportsController))
 8 SYSTEMPATH\CodeIgniter.php(353): CodeIgniter\CodeIgniter->handleRequest(null, Object(Config\Cache), false)
 9 FCPATH\index.php(79): CodeIgniter\CodeIgniter->run()
10 SYSTEMPATH\Commands\Server\rewrite.php(47): require_once('C:\\laragon\\www\\documts_finalaaa\\public\\index.php')
CRITICAL - 2024-11-27 19:53:25 --> Undefined variable $topUsers
in APPPATH\Views\dashboard\reports.php on line 79.
 1 APPPATH\Views\dashboard\reports.php(79): CodeIgniter\Debug\Exceptions->errorHandler(2, 'Undefined variable $topUsers', 'C:\\laragon\\www\\documts_finalaaa\\app\\Views\\dashboard\\reports.php', 79)
 2 SYSTEMPATH\View\View.php(226): include('C:\\laragon\\www\\documts_finalaaa\\app\\Views\\dashboard\\reports.php')
 3 SYSTEMPATH\View\View.php(229): CodeIgniter\View\View->CodeIgniter\View\{closure}()
 4 SYSTEMPATH\Common.php(1188): CodeIgniter\View\View->render('dashboard/reports', [], true)
 5 APPPATH\Controllers\ReportsController.php(33): view('dashboard/reports', [...])
 6 SYSTEMPATH\CodeIgniter.php(919): App\Controllers\ReportsController->dashboard()
 7 SYSTEMPATH\CodeIgniter.php(494): CodeIgniter\CodeIgniter->runController(Object(App\Controllers\ReportsController))
 8 SYSTEMPATH\CodeIgniter.php(353): CodeIgniter\CodeIgniter->handleRequest(null, Object(Config\Cache), false)
 9 FCPATH\index.php(79): CodeIgniter\CodeIgniter->run()
10 SYSTEMPATH\Commands\Server\rewrite.php(47): require_once('C:\\laragon\\www\\documts_finalaaa\\public\\index.php')
ERROR - 2024-11-27 19:53:38 --> mysqli_sql_exception: Unknown column 'f.created_by' in 'on clause' in C:\laragon\www\documts_finalaaa\system\Database\MySQLi\Connection.php:306
Stack trace:
#0 C:\laragon\www\documts_finalaaa\system\Database\MySQLi\Connection.php(306): mysqli->query('SELECT `u`.`nam...', 0)
#1 C:\laragon\www\documts_finalaaa\system\Database\BaseConnection.php(692): CodeIgniter\Database\MySQLi\Connection->execute('SELECT `u`.`nam...')
#2 C:\laragon\www\documts_finalaaa\system\Database\BaseConnection.php(606): CodeIgniter\Database\BaseConnection->simpleQuery('SELECT `u`.`nam...')
#3 C:\laragon\www\documts_finalaaa\system\Database\BaseBuilder.php(1615): CodeIgniter\Database\BaseConnection->query('SELECT `u`.`nam...', Array, false)
#4 C:\laragon\www\documts_finalaaa\app\Models\UserModel.php(34): CodeIgniter\Database\BaseBuilder->get()
#5 C:\laragon\www\documts_finalaaa\app\Controllers\ReportsController.php(29): App\Models\UserModel->getTopUsers()
#6 C:\laragon\www\documts_finalaaa\system\CodeIgniter.php(919): App\Controllers\ReportsController->dashboard()
#7 C:\laragon\www\documts_finalaaa\system\CodeIgniter.php(494): CodeIgniter\CodeIgniter->runController(Object(App\Controllers\ReportsController))
#8 C:\laragon\www\documts_finalaaa\system\CodeIgniter.php(353): CodeIgniter\CodeIgniter->handleRequest(NULL, Object(Config\Cache), false)
#9 C:\laragon\www\documts_finalaaa\public\index.php(79): CodeIgniter\CodeIgniter->run()
#10 C:\laragon\www\documts_finalaaa\system\Commands\Server\rewrite.php(47): require_once('C:\\laragon\\www\\...')
#11 {main}
CRITICAL - 2024-11-27 19:53:38 --> Unknown column 'f.created_by' in 'on clause'
in SYSTEMPATH\Database\BaseConnection.php on line 646.
 1 SYSTEMPATH\Database\BaseBuilder.php(1615): CodeIgniter\Database\BaseConnection->query('SELECT `u`.`name`, COUNT(f.id) AS documents_created
FROM `users` `u`
LEFT JOIN `files` `f` ON `f`.`created_by` = `u`.`id`
GROUP BY `u`.`id`
ORDER BY `documents_created` DESC
 LIMIT 5', [], false)
 2 APPPATH\Models\UserModel.php(34): CodeIgniter\Database\BaseBuilder->get()
 3 APPPATH\Controllers\ReportsController.php(29): App\Models\UserModel->getTopUsers()
 4 SYSTEMPATH\CodeIgniter.php(919): App\Controllers\ReportsController->dashboard()
 5 SYSTEMPATH\CodeIgniter.php(494): CodeIgniter\CodeIgniter->runController(Object(App\Controllers\ReportsController))
 6 SYSTEMPATH\CodeIgniter.php(353): CodeIgniter\CodeIgniter->handleRequest(null, Object(Config\Cache), false)
 7 FCPATH\index.php(79): CodeIgniter\CodeIgniter->run()
 8 SYSTEMPATH\Commands\Server\rewrite.php(47): require_once('C:\\laragon\\www\\documts_finalaaa\\public\\index.php')
ERROR - 2024-11-27 19:53:55 --> mysqli_sql_exception: Unknown column 'f.created_by' in 'on clause' in C:\laragon\www\documts_finalaaa\system\Database\MySQLi\Connection.php:306
Stack trace:
#0 C:\laragon\www\documts_finalaaa\system\Database\MySQLi\Connection.php(306): mysqli->query('SELECT `u`.`nam...', 0)
#1 C:\laragon\www\documts_finalaaa\system\Database\BaseConnection.php(692): CodeIgniter\Database\MySQLi\Connection->execute('SELECT `u`.`nam...')
#2 C:\laragon\www\documts_finalaaa\system\Database\BaseConnection.php(606): CodeIgniter\Database\BaseConnection->simpleQuery('SELECT `u`.`nam...')
#3 C:\laragon\www\documts_finalaaa\system\Database\BaseBuilder.php(1615): CodeIgniter\Database\BaseConnection->query('SELECT `u`.`nam...', Array, false)
#4 C:\laragon\www\documts_finalaaa\app\Models\UserModel.php(34): CodeIgniter\Database\BaseBuilder->get()
#5 C:\laragon\www\documts_finalaaa\app\Controllers\ReportsController.php(29): App\Models\UserModel->getTopUsers()
#6 C:\laragon\www\documts_finalaaa\system\CodeIgniter.php(919): App\Controllers\ReportsController->dashboard()
#7 C:\laragon\www\documts_finalaaa\system\CodeIgniter.php(494): CodeIgniter\CodeIgniter->runController(Object(App\Controllers\ReportsController))
#8 C:\laragon\www\documts_finalaaa\system\CodeIgniter.php(353): CodeIgniter\CodeIgniter->handleRequest(NULL, Object(Config\Cache), false)
#9 C:\laragon\www\documts_finalaaa\public\index.php(79): CodeIgniter\CodeIgniter->run()
#10 C:\laragon\www\documts_finalaaa\system\Commands\Server\rewrite.php(47): require_once('C:\\laragon\\www\\...')
#11 {main}
CRITICAL - 2024-11-27 19:53:55 --> Unknown column 'f.created_by' in 'on clause'
in SYSTEMPATH\Database\BaseConnection.php on line 646.
 1 SYSTEMPATH\Database\BaseBuilder.php(1615): CodeIgniter\Database\BaseConnection->query('SELECT `u`.`name`, COUNT(f.id) AS documents_created
FROM `users` `u`
LEFT JOIN `filess` `f` ON `f`.`created_by` = `u`.`id`
GROUP BY `u`.`id`
ORDER BY `documents_created` DESC
 LIMIT 5', [], false)
 2 APPPATH\Models\UserModel.php(34): CodeIgniter\Database\BaseBuilder->get()
 3 APPPATH\Controllers\ReportsController.php(29): App\Models\UserModel->getTopUsers()
 4 SYSTEMPATH\CodeIgniter.php(919): App\Controllers\ReportsController->dashboard()
 5 SYSTEMPATH\CodeIgniter.php(494): CodeIgniter\CodeIgniter->runController(Object(App\Controllers\ReportsController))
 6 SYSTEMPATH\CodeIgniter.php(353): CodeIgniter\CodeIgniter->handleRequest(null, Object(Config\Cache), false)
 7 FCPATH\index.php(79): CodeIgniter\CodeIgniter->run()
 8 SYSTEMPATH\Commands\Server\rewrite.php(47): require_once('C:\\laragon\\www\\documts_finalaaa\\public\\index.php')
CRITICAL - 2024-11-27 20:14:18 --> Array to string conversion
in APPPATH\Views\dashboard\reports.php on line 26.
 1 APPPATH\Views\dashboard\reports.php(26): CodeIgniter\Debug\Exceptions->errorHandler(2, 'Array to string conversion', 'C:\\laragon\\www\\documts_finalaaa\\app\\Views\\dashboard\\reports.php', 26)
 2 SYSTEMPATH\View\View.php(226): include('C:\\laragon\\www\\documts_finalaaa\\app\\Views\\dashboard\\reports.php')
 3 SYSTEMPATH\View\View.php(229): CodeIgniter\View\View->CodeIgniter\View\{closure}()
 4 SYSTEMPATH\Common.php(1188): CodeIgniter\View\View->render('dashboard/reports', [], true)
 5 APPPATH\Controllers\ReportsController.php(33): view('dashboard/reports', [...])
 6 SYSTEMPATH\CodeIgniter.php(919): App\Controllers\ReportsController->dashboard()
 7 SYSTEMPATH\CodeIgniter.php(494): CodeIgniter\CodeIgniter->runController(Object(App\Controllers\ReportsController))
 8 SYSTEMPATH\CodeIgniter.php(353): CodeIgniter\CodeIgniter->handleRequest(null, Object(Config\Cache), false)
 9 FCPATH\index.php(79): CodeIgniter\CodeIgniter->run()
10 SYSTEMPATH\Commands\Server\rewrite.php(47): require_once('C:\\laragon\\www\\documts_finalaaa\\public\\index.php')
CRITICAL - 2024-11-27 20:14:31 --> Array to string conversion
in APPPATH\Views\dashboard\reports.php on line 26.
 1 APPPATH\Views\dashboard\reports.php(26): CodeIgniter\Debug\Exceptions->errorHandler(2, 'Array to string conversion', 'C:\\laragon\\www\\documts_finalaaa\\app\\Views\\dashboard\\reports.php', 26)
 2 SYSTEMPATH\View\View.php(226): include('C:\\laragon\\www\\documts_finalaaa\\app\\Views\\dashboard\\reports.php')
 3 SYSTEMPATH\View\View.php(229): CodeIgniter\View\View->CodeIgniter\View\{closure}()
 4 SYSTEMPATH\Common.php(1188): CodeIgniter\View\View->render('dashboard/reports', [], true)
 5 APPPATH\Controllers\ReportsController.php(33): view('dashboard/reports', [...])
 6 SYSTEMPATH\CodeIgniter.php(919): App\Controllers\ReportsController->dashboard()
 7 SYSTEMPATH\CodeIgniter.php(494): CodeIgniter\CodeIgniter->runController(Object(App\Controllers\ReportsController))
 8 SYSTEMPATH\CodeIgniter.php(353): CodeIgniter\CodeIgniter->handleRequest(null, Object(Config\Cache), false)
 9 FCPATH\index.php(79): CodeIgniter\CodeIgniter->run()
10 SYSTEMPATH\Commands\Server\rewrite.php(47): require_once('C:\\laragon\\www\\documts_finalaaa\\public\\index.php')
CRITICAL - 2024-11-27 20:15:21 --> Array to string conversion
in APPPATH\Views\dashboard\reports.php on line 26.
 1 APPPATH\Views\dashboard\reports.php(26): CodeIgniter\Debug\Exceptions->errorHandler(2, 'Array to string conversion', 'C:\\laragon\\www\\documts_finalaaa\\app\\Views\\dashboard\\reports.php', 26)
 2 SYSTEMPATH\View\View.php(226): include('C:\\laragon\\www\\documts_finalaaa\\app\\Views\\dashboard\\reports.php')
 3 SYSTEMPATH\View\View.php(229): CodeIgniter\View\View->CodeIgniter\View\{closure}()
 4 SYSTEMPATH\Common.php(1188): CodeIgniter\View\View->render('dashboard/reports', [], true)
 5 APPPATH\Controllers\ReportsController.php(33): view('dashboard/reports', [...])
 6 SYSTEMPATH\CodeIgniter.php(919): App\Controllers\ReportsController->dashboard()
 7 SYSTEMPATH\CodeIgniter.php(494): CodeIgniter\CodeIgniter->runController(Object(App\Controllers\ReportsController))
 8 SYSTEMPATH\CodeIgniter.php(353): CodeIgniter\CodeIgniter->handleRequest(null, Object(Config\Cache), false)
 9 FCPATH\index.php(79): CodeIgniter\CodeIgniter->run()
10 SYSTEMPATH\Commands\Server\rewrite.php(47): require_once('C:\\laragon\\www\\documts_finalaaa\\public\\index.php')
CRITICAL - 2024-11-27 20:15:58 --> Undefined array key "total_documents"
in APPPATH\Views\dashboard\reports.php on line 82.
 1 APPPATH\Views\dashboard\reports.php(82): CodeIgniter\Debug\Exceptions->errorHandler(2, 'Undefined array key "total_documents"', 'C:\\laragon\\www\\documts_finalaaa\\app\\Views\\dashboard\\reports.php', 82)
 2 SYSTEMPATH\View\View.php(226): include('C:\\laragon\\www\\documts_finalaaa\\app\\Views\\dashboard\\reports.php')
 3 SYSTEMPATH\View\View.php(229): CodeIgniter\View\View->CodeIgniter\View\{closure}()
 4 SYSTEMPATH\Common.php(1188): CodeIgniter\View\View->render('dashboard/reports', [], true)
 5 APPPATH\Controllers\ReportsController.php(33): view('dashboard/reports', [...])
 6 SYSTEMPATH\CodeIgniter.php(919): App\Controllers\ReportsController->dashboard()
 7 SYSTEMPATH\CodeIgniter.php(494): CodeIgniter\CodeIgniter->runController(Object(App\Controllers\ReportsController))
 8 SYSTEMPATH\CodeIgniter.php(353): CodeIgniter\CodeIgniter->handleRequest(null, Object(Config\Cache), false)
 9 FCPATH\index.php(79): CodeIgniter\CodeIgniter->run()
10 SYSTEMPATH\Commands\Server\rewrite.php(47): require_once('C:\\laragon\\www\\documts_finalaaa\\public\\index.php')
CRITICAL - 2024-11-27 21:16:56 --> Too few arguments to function App\Controllers\ReportsController::exportToCSV(), 0 passed in C:\laragon\www\documts_finalaaa\system\CodeIgniter.php on line 919 and exactly 1 expected
in APPPATH\Controllers\ReportsController.php on line 77.
 1 SYSTEMPATH\CodeIgniter.php(919): App\Controllers\ReportsController->exportToCSV()
 2 SYSTEMPATH\CodeIgniter.php(494): CodeIgniter\CodeIgniter->runController(Object(App\Controllers\ReportsController))
 3 SYSTEMPATH\CodeIgniter.php(353): CodeIgniter\CodeIgniter->handleRequest(null, Object(Config\Cache), false)
 4 FCPATH\index.php(79): CodeIgniter\CodeIgniter->run()
 5 SYSTEMPATH\Commands\Server\rewrite.php(47): require_once('C:\\laragon\\www\\documts_finalaaa\\public\\index.php')
CRITICAL - 2024-11-27 21:18:53 --> Too few arguments to function App\Controllers\ReportsController::exportToCSV(), 0 passed in C:\laragon\www\documts_finalaaa\system\CodeIgniter.php on line 919 and exactly 1 expected
in APPPATH\Controllers\ReportsController.php on line 77.
 1 SYSTEMPATH\CodeIgniter.php(919): App\Controllers\ReportsController->exportToCSV()
 2 SYSTEMPATH\CodeIgniter.php(494): CodeIgniter\CodeIgniter->runController(Object(App\Controllers\ReportsController))
 3 SYSTEMPATH\CodeIgniter.php(353): CodeIgniter\CodeIgniter->handleRequest(null, Object(Config\Cache), false)
 4 FCPATH\index.php(79): CodeIgniter\CodeIgniter->run()
 5 SYSTEMPATH\Commands\Server\rewrite.php(47): require_once('C:\\laragon\\www\\documts_finalaaa\\public\\index.php')
CRITICAL - 2024-11-27 21:19:20 --> Too few arguments to function App\Controllers\ReportsController::exportToCSV(), 0 passed in C:\laragon\www\documts_finalaaa\system\CodeIgniter.php on line 919 and exactly 1 expected
in APPPATH\Controllers\ReportsController.php on line 77.
 1 SYSTEMPATH\CodeIgniter.php(919): App\Controllers\ReportsController->exportToCSV()
 2 SYSTEMPATH\CodeIgniter.php(494): CodeIgniter\CodeIgniter->runController(Object(App\Controllers\ReportsController))
 3 SYSTEMPATH\CodeIgniter.php(353): CodeIgniter\CodeIgniter->handleRequest(null, Object(Config\Cache), false)
 4 FCPATH\index.php(79): CodeIgniter\CodeIgniter->run()
 5 SYSTEMPATH\Commands\Server\rewrite.php(47): require_once('C:\\laragon\\www\\documts_finalaaa\\public\\index.php')
